[ 2016-08-23T17:36:10+08:00 ] 127.0.0.1 /
INFO: [ app_init ] --START--
INFO: Run Behavior\BuildLiteBehavior [ RunTime:0.000010s ]
INFO: [ app_init ] --END-- [ RunTime:0.000198s ]
INFO: [ app_begin ] --START--
INFO: Run Behavior\ReadHtmlCacheBehavior [ RunTime:0.000219s ]
INFO: Run Behavior\CheckLangBehavior [ RunTime:0.000128s ]
INFO: [ app_begin ] --END-- [ RunTime:0.000394s ]
SQL: SHOW COLUMNS FROM `think_article` [ RunTime:0.0004s ]
SQL: SELECT * FROM `think_article` WHERE `status` = 0 AND `column_id` <> 5 LIMIT 5   [ RunTime:0.0001s ]
SQL: SELECT * FROM `think_article` WHERE `status` = 0 AND `column_id` = 5 LIMIT 6   [ RunTime:0.0001s ]
INFO: [ view_parse ] --START--
INFO: [ template_filter ] --START--
INFO: Run Behavior\ContentReplaceBehavior [ RunTime:0.000117s ]
INFO: [ template_filter ] --END-- [ RunTime:0.000151s ]
INFO: Run Behavior\ParseTemplateBehavior [ RunTime:0.040100s ]
INFO: [ view_parse ] --END-- [ RunTime:0.040123s ]
INFO: [ view_filter ] --START--
INFO: Run Behavior\WriteHtmlCacheBehavior [ RunTime:0.000095s ]
INFO: [ view_filter ] --END-- [ RunTime:0.000112s ]
INFO: [ app_end ] --START--
INFO: Run Behavior\ShowPageTraceBehavior [ RunTime:0.000230s ]
INFO: [ app_end ] --END-- [ RunTime:0.000253s ]

[ 2016-08-23T17:36:13+08:00 ] 127.0.0.1 /
INFO: [ app_init ] --START--
INFO: Run Behavior\BuildLiteBehavior [ RunTime:0.000009s ]
INFO: [ app_init ] --END-- [ RunTime:0.000174s ]
INFO: [ app_begin ] --START--
INFO: Run Behavior\ReadHtmlCacheBehavior [ RunTime:0.000201s ]
INFO: Run Behavior\CheckLangBehavior [ RunTime:0.000124s ]
INFO: [ app_begin ] --END-- [ RunTime:0.000359s ]
SQL: SHOW COLUMNS FROM `think_article` [ RunTime:0.0005s ]
SQL: SELECT * FROM `think_article` WHERE `status` = 0 AND `column_id` <> 5 LIMIT 5   [ RunTime:0.0002s ]
SQL: SELECT * FROM `think_article` WHERE `status` = 0 AND `column_id` = 5 LIMIT 6   [ RunTime:0.0002s ]
INFO: [ view_parse ] --START--
INFO: [ template_filter ] --START--
INFO: Run Behavior\ContentReplaceBehavior [ RunTime:0.000240s ]
INFO: [ template_filter ] --END-- [ RunTime:0.000396s ]
INFO: Run Behavior\ParseTemplateBehavior [ RunTime:0.010945s ]
INFO: [ view_parse ] --END-- [ RunTime:0.010982s ]
INFO: [ view_filter ] --START--
INFO: Run Behavior\WriteHtmlCacheBehavior [ RunTime:0.000101s ]
INFO: [ view_filter ] --END-- [ RunTime:0.000118s ]
INFO: [ app_end ] --START--
INFO: Run Behavior\ShowPageTraceBehavior [ RunTime:0.000243s ]
INFO: [ app_end ] --END-- [ RunTime:0.000265s ]

[ 2016-08-23T17:36:15+08:00 ] 127.0.0.1 /index/get_article_list/cid/3.html
INFO: [ app_init ] --START--
INFO: Run Behavior\BuildLiteBehavior [ RunTime:0.000009s ]
INFO: [ app_init ] --END-- [ RunTime:0.000181s ]
INFO: [ app_begin ] --START--
INFO: Run Behavior\ReadHtmlCacheBehavior [ RunTime:0.000206s ]
INFO: Run Behavior\CheckLangBehavior [ RunTime:0.000127s ]
INFO: [ app_begin ] --END-- [ RunTime:0.000367s ]
SQL: SHOW COLUMNS FROM `think_column` [ RunTime:0.0034s ]
SQL: SELECT * FROM `think_column` WHERE ( status=0 )  [ RunTime:0.0001s ]
NOTIC: [2] Missing argument 2 for Tool\Category::getChildrens(), called in /home/wwwroot/game.com/Application/Tool/Category.class.php on line 132 and defined /home/wwwroot/game.com/Application/Tool/Category.class.php 第 108 行.
NOTIC: [2] Invalid argument supplied for foreach() /home/wwwroot/game.com/Application/Tool/Category.class.php 第 111 行.
NOTIC: [2] Missing argument 2 for Tool\Category::getChildrens(), called in /home/wwwroot/game.com/Application/Tool/Category.class.php on line 132 and defined /home/wwwroot/game.com/Application/Tool/Category.class.php 第 108 行.
NOTIC: [2] Invalid argument supplied for foreach() /home/wwwroot/game.com/Application/Tool/Category.class.php 第 111 行.
NOTIC: [2] Missing argument 2 for Tool\Category::getChildrens(), called in /home/wwwroot/game.com/Application/Tool/Category.class.php on line 132 and defined /home/wwwroot/game.com/Application/Tool/Category.class.php 第 108 行.
NOTIC: [2] Invalid argument supplied for foreach() /home/wwwroot/game.com/Application/Tool/Category.class.php 第 111 行.
SQL: SHOW COLUMNS FROM `think_article` [ RunTime:0.0003s ]
SQL: SELECT * FROM `think_article` WHERE `status` = 0 AND `column_id` IN ('4','5','6','3') LIMIT 5   [ RunTime:0.0001s ]
INFO: [ view_parse ] --START--
INFO: [ template_filter ] --START--
INFO: Run Behavior\ContentReplaceBehavior [ RunTime:0.000029s ]
INFO: [ template_filter ] --END-- [ RunTime:0.000060s ]
INFO: Run Behavior\ParseTemplateBehavior [ RunTime:0.052910s ]
INFO: [ view_parse ] --END-- [ RunTime:0.052930s ]
INFO: [ view_filter ] --START--
INFO: Run Behavior\WriteHtmlCacheBehavior [ RunTime:0.000082s ]
INFO: [ view_filter ] --END-- [ RunTime:0.000097s ]

[ 2016-08-23T17:36:16+08:00 ] 127.0.0.1 /index/get_article_list/cid/4.html
INFO: [ app_init ] --START--
INFO: Run Behavior\BuildLiteBehavior [ RunTime:0.000008s ]
INFO: [ app_init ] --END-- [ RunTime:0.000160s ]
INFO: [ app_begin ] --START--
INFO: Run Behavior\ReadHtmlCacheBehavior [ RunTime:0.000201s ]
INFO: Run Behavior\CheckLangBehavior [ RunTime:0.000144s ]
INFO: [ app_begin ] --END-- [ RunTime:0.000378s ]
SQL: SHOW COLUMNS FROM `think_column` [ RunTime:0.0004s ]
SQL: SELECT * FROM `think_column` WHERE ( status=0 )  [ RunTime:0.0002s ]
SQL: SHOW COLUMNS FROM `think_article` [ RunTime:0.0004s ]
SQL: SELECT * FROM `think_article` WHERE `status` = 0 AND `column_id` IN ('','4') LIMIT 5   [ RunTime:0.0002s ]
INFO: [ view_parse ] --START--
INFO: [ template_filter ] --START--
INFO: Run Behavior\ContentReplaceBehavior [ RunTime:0.000028s ]
INFO: [ template_filter ] --END-- [ RunTime:0.000053s ]
INFO: Run Behavior\ParseTemplateBehavior [ RunTime:0.004069s ]
INFO: [ view_parse ] --END-- [ RunTime:0.004090s ]
INFO: [ view_filter ] --START--
INFO: Run Behavior\WriteHtmlCacheBehavior [ RunTime:0.000083s ]
INFO: [ view_filter ] --END-- [ RunTime:0.000097s ]

[ 2016-08-23T17:36:17+08:00 ] 127.0.0.1 /index/get_article_list/cid/3.html
INFO: [ app_init ] --START--
INFO: Run Behavior\BuildLiteBehavior [ RunTime:0.000007s ]
INFO: [ app_init ] --END-- [ RunTime:0.000155s ]
INFO: [ app_begin ] --START--
INFO: Run Behavior\ReadHtmlCacheBehavior [ RunTime:0.000194s ]
INFO: Run Behavior\CheckLangBehavior [ RunTime:0.000120s ]
INFO: [ app_begin ] --END-- [ RunTime:0.000346s ]
SQL: SHOW COLUMNS FROM `think_column` [ RunTime:0.0006s ]
SQL: SELECT * FROM `think_column` WHERE ( status=0 )  [ RunTime:0.0002s ]
NOTIC: [2] Missing argument 2 for Tool\Category::getChildrens(), called in /home/wwwroot/game.com/Application/Tool/Category.class.php on line 132 and defined /home/wwwroot/game.com/Application/Tool/Category.class.php 第 108 行.
NOTIC: [2] Invalid argument supplied for foreach() /home/wwwroot/game.com/Application/Tool/Category.class.php 第 111 行.
NOTIC: [2] Missing argument 2 for Tool\Category::getChildrens(), called in /home/wwwroot/game.com/Application/Tool/Category.class.php on line 132 and defined /home/wwwroot/game.com/Application/Tool/Category.class.php 第 108 行.
NOTIC: [2] Invalid argument supplied for foreach() /home/wwwroot/game.com/Application/Tool/Category.class.php 第 111 行.
NOTIC: [2] Missing argument 2 for Tool\Category::getChildrens(), called in /home/wwwroot/game.com/Application/Tool/Category.class.php on line 132 and defined /home/wwwroot/game.com/Application/Tool/Category.class.php 第 108 行.
NOTIC: [2] Invalid argument supplied for foreach() /home/wwwroot/game.com/Application/Tool/Category.class.php 第 111 行.
SQL: SHOW COLUMNS FROM `think_article` [ RunTime:0.0010s ]
SQL: SELECT * FROM `think_article` WHERE `status` = 0 AND `column_id` IN ('4','5','6','3') LIMIT 5   [ RunTime:0.0002s ]
INFO: [ view_parse ] --START--
INFO: [ template_filter ] --START--
INFO: Run Behavior\ContentReplaceBehavior [ RunTime:0.000030s ]
INFO: [ template_filter ] --END-- [ RunTime:0.000063s ]
INFO: Run Behavior\ParseTemplateBehavior [ RunTime:0.006419s ]
INFO: [ view_parse ] --END-- [ RunTime:0.006446s ]
INFO: [ view_filter ] --START--
INFO: Run Behavior\WriteHtmlCacheBehavior [ RunTime:0.000134s ]
INFO: [ view_filter ] --END-- [ RunTime:0.000153s ]

[ 2016-08-23T17:36:18+08:00 ] 127.0.0.1 /index/get_article_list/cid/1.html
INFO: [ app_init ] --START--
INFO: Run Behavior\BuildLiteBehavior [ RunTime:0.000023s ]
INFO: [ app_init ] --END-- [ RunTime:0.000379s ]
INFO: [ app_begin ] --START--
INFO: Run Behavior\ReadHtmlCacheBehavior [ RunTime:0.000218s ]
INFO: Run Behavior\CheckLangBehavior [ RunTime:0.000126s ]
INFO: [ app_begin ] --END-- [ RunTime:0.000385s ]
SQL: SHOW COLUMNS FROM `think_column` [ RunTime:0.0004s ]
SQL: SELECT * FROM `think_column` WHERE ( status=0 )  [ RunTime:0.0001s ]
SQL: SHOW COLUMNS FROM `think_article` [ RunTime:0.0003s ]
SQL: SELECT * FROM `think_article` WHERE `status` = 0 AND `column_id` IN ('','1') LIMIT 5   [ RunTime:0.0001s ]
INFO: [ view_parse ] --START--
INFO: [ template_filter ] --START--
INFO: Run Behavior\ContentReplaceBehavior [ RunTime:0.000031s ]
INFO: [ template_filter ] --END-- [ RunTime:0.000069s ]
INFO: Run Behavior\ParseTemplateBehavior [ RunTime:0.004294s ]
INFO: [ view_parse ] --END-- [ RunTime:0.004323s ]
INFO: [ view_filter ] --START--
INFO: Run Behavior\WriteHtmlCacheBehavior [ RunTime:0.000101s ]
INFO: [ view_filter ] --END-- [ RunTime:0.000118s ]

[ 2016-08-23T17:36:19+08:00 ] 127.0.0.1 /index/get_article_list/cid/3.html
INFO: [ app_init ] --START--
INFO: Run Behavior\BuildLiteBehavior [ RunTime:0.000034s ]
INFO: [ app_init ] --END-- [ RunTime:0.000570s ]
INFO: [ app_begin ] --START--
INFO: Run Behavior\ReadHtmlCacheBehavior [ RunTime:0.000457s ]
INFO: Run Behavior\CheckLangBehavior [ RunTime:0.000269s ]
INFO: [ app_begin ] --END-- [ RunTime:0.000817s ]
SQL: SHOW COLUMNS FROM `think_column` [ RunTime:0.0005s ]
SQL: SELECT * FROM `think_column` WHERE ( status=0 )  [ RunTime:0.0002s ]
NOTIC: [2] Missing argument 2 for Tool\Category::getChildrens(), called in /home/wwwroot/game.com/Application/Tool/Category.class.php on line 132 and defined /home/wwwroot/game.com/Application/Tool/Category.class.php 第 108 行.
NOTIC: [2] Invalid argument supplied for foreach() /home/wwwroot/game.com/Application/Tool/Category.class.php 第 111 行.
NOTIC: [2] Missing argument 2 for Tool\Category::getChildrens(), called in /home/wwwroot/game.com/Application/Tool/Category.class.php on line 132 and defined /home/wwwroot/game.com/Application/Tool/Category.class.php 第 108 行.
NOTIC: [2] Invalid argument supplied for foreach() /home/wwwroot/game.com/Application/Tool/Category.class.php 第 111 行.
NOTIC: [2] Missing argument 2 for Tool\Category::getChildrens(), called in /home/wwwroot/game.com/Application/Tool/Category.class.php on line 132 and defined /home/wwwroot/game.com/Application/Tool/Category.class.php 第 108 行.
NOTIC: [2] Invalid argument supplied for foreach() /home/wwwroot/game.com/Application/Tool/Category.class.php 第 111 行.
SQL: SHOW COLUMNS FROM `think_article` [ RunTime:0.0005s ]
SQL: SELECT * FROM `think_article` WHERE `status` = 0 AND `column_id` IN ('4','5','6','3') LIMIT 5   [ RunTime:0.0002s ]
INFO: [ view_parse ] --START--
INFO: [ template_filter ] --START--
INFO: Run Behavior\ContentReplaceBehavior [ RunTime:0.000038s ]
INFO: [ template_filter ] --END-- [ RunTime:0.000071s ]
INFO: Run Behavior\ParseTemplateBehavior [ RunTime:0.005497s ]
INFO: [ view_parse ] --END-- [ RunTime:0.005527s ]
INFO: [ view_filter ] --START--
INFO: Run Behavior\WriteHtmlCacheBehavior [ RunTime:0.000120s ]
INFO: [ view_filter ] --END-- [ RunTime:0.000142s ]

[ 2016-08-23T17:36:20+08:00 ] 127.0.0.1 /index/get_article_list/cid/3.html
INFO: [ app_init ] --START--
INFO: Run Behavior\BuildLiteBehavior [ RunTime:0.000007s ]
INFO: [ app_init ] --END-- [ RunTime:0.000155s ]
INFO: [ app_begin ] --START--
INFO: Run Behavior\ReadHtmlCacheBehavior [ RunTime:0.000195s ]
INFO: Run Behavior\CheckLangBehavior [ RunTime:0.000121s ]
INFO: [ app_begin ] --END-- [ RunTime:0.000347s ]
SQL: SHOW COLUMNS FROM `think_column` [ RunTime:0.0004s ]
SQL: SELECT * FROM `think_column` WHERE ( status=0 )  [ RunTime:0.0001s ]
NOTIC: [2] Missing argument 2 for Tool\Category::getChildrens(), called in /home/wwwroot/game.com/Application/Tool/Category.class.php on line 132 and defined /home/wwwroot/game.com/Application/Tool/Category.class.php 第 108 行.
NOTIC: [2] Invalid argument supplied for foreach() /home/wwwroot/game.com/Application/Tool/Category.class.php 第 111 行.
NOTIC: [2] Missing argument 2 for Tool\Category::getChildrens(), called in /home/wwwroot/game.com/Application/Tool/Category.class.php on line 132 and defined /home/wwwroot/game.com/Application/Tool/Category.class.php 第 108 行.
NOTIC: [2] Invalid argument supplied for foreach() /home/wwwroot/game.com/Application/Tool/Category.class.php 第 111 行.
NOTIC: [2] Missing argument 2 for Tool\Category::getChildrens(), called in /home/wwwroot/game.com/Application/Tool/Category.class.php on line 132 and defined /home/wwwroot/game.com/Application/Tool/Category.class.php 第 108 行.
NOTIC: [2] Invalid argument supplied for foreach() /home/wwwroot/game.com/Application/Tool/Category.class.php 第 111 行.
SQL: SHOW COLUMNS FROM `think_article` [ RunTime:0.0004s ]
SQL: SELECT * FROM `think_article` WHERE `status` = 0 AND `column_id` IN ('4','5','6','3') LIMIT 5   [ RunTime:0.0002s ]
INFO: [ view_parse ] --START--
INFO: [ template_filter ] --START--
INFO: Run Behavior\ContentReplaceBehavior [ RunTime:0.000036s ]
INFO: [ template_filter ] --END-- [ RunTime:0.000076s ]
INFO: Run Behavior\ParseTemplateBehavior [ RunTime:0.005535s ]
INFO: [ view_parse ] --END-- [ RunTime:0.005647s ]
INFO: [ view_filter ] --START--
INFO: Run Behavior\WriteHtmlCacheBehavior [ RunTime:0.000286s ]
INFO: [ view_filter ] --END-- [ RunTime:0.000340s ]

[ 2016-08-23T17:36:29+08:00 ] 127.0.0.1 /favicon.ico
INFO: [ app_init ] --START--
INFO: Run Behavior\BuildLiteBehavior [ RunTime:0.000038s ]
INFO: [ app_init ] --END-- [ RunTime:0.000633s ]

[ 2016-08-23T17:36:30+08:00 ] 127.0.0.1 /favicon.ico
INFO: [ app_init ] --START--
INFO: Run Behavior\BuildLiteBehavior [ RunTime:0.000035s ]
INFO: [ app_init ] --END-- [ RunTime:0.000678s ]

[ 2016-08-23T17:36:30+08:00 ] 127.0.0.1 /favicon.ico
INFO: [ app_init ] --START--
INFO: Run Behavior\BuildLiteBehavior [ RunTime:0.000033s ]
INFO: [ app_init ] --END-- [ RunTime:0.000373s ]

[ 2016-08-23T17:36:30+08:00 ] 127.0.0.1 /favicon.ico
INFO: [ app_init ] --START--
INFO: Run Behavior\BuildLiteBehavior [ RunTime:0.000011s ]
INFO: [ app_init ] --END-- [ RunTime:0.000195s ]

[ 2016-08-23T17:36:31+08:00 ] 127.0.0.1 /favicon.ico
INFO: [ app_init ] --START--
INFO: Run Behavior\BuildLiteBehavior [ RunTime:0.000021s ]
INFO: [ app_init ] --END-- [ RunTime:0.000556s ]

[ 2016-08-23T17:50:12+08:00 ] 127.0.0.1 /
INFO: [ app_init ] --START--
INFO: Run Behavior\BuildLiteBehavior [ RunTime:0.000010s ]
INFO: [ app_init ] --END-- [ RunTime:0.000171s ]
INFO: [ app_begin ] --START--
INFO: Run Behavior\ReadHtmlCacheBehavior [ RunTime:0.000275s ]
INFO: Run Behavior\CheckLangBehavior [ RunTime:0.000175s ]
INFO: [ app_begin ] --END-- [ RunTime:0.000502s ]
SQL: SHOW COLUMNS FROM `think_article` [ RunTime:0.0004s ]
SQL: SELECT * FROM `think_article` WHERE `status` = 0 AND `column_id` <> 5 LIMIT 5   [ RunTime:0.0001s ]
SQL: SELECT * FROM `think_article` WHERE `status` = 0 AND `column_id` = 5 LIMIT 6   [ RunTime:0.0001s ]
INFO: [ view_parse ] --START--
INFO: [ template_filter ] --START--
INFO: Run Behavior\ContentReplaceBehavior [ RunTime:0.000094s ]
INFO: [ template_filter ] --END-- [ RunTime:0.000126s ]
INFO: Run Behavior\ParseTemplateBehavior [ RunTime:0.006625s ]
INFO: [ view_parse ] --END-- [ RunTime:0.006649s ]
INFO: [ view_filter ] --START--
INFO: Run Behavior\WriteHtmlCacheBehavior [ RunTime:0.000099s ]
INFO: [ view_filter ] --END-- [ RunTime:0.000117s ]
INFO: [ app_end ] --START--
INFO: Run Behavior\ShowPageTraceBehavior [ RunTime:0.000219s ]
INFO: [ app_end ] --END-- [ RunTime:0.000239s ]

[ 2016-08-23T17:50:14+08:00 ] 127.0.0.1 /
INFO: [ app_init ] --START--
INFO: Run Behavior\BuildLiteBehavior [ RunTime:0.000009s ]
INFO: [ app_init ] --END-- [ RunTime:0.000175s ]
INFO: [ app_begin ] --START--
INFO: Run Behavior\ReadHtmlCacheBehavior [ RunTime:0.000288s ]
INFO: Run Behavior\CheckLangBehavior [ RunTime:0.000167s ]
INFO: [ app_begin ] --END-- [ RunTime:0.000514s ]
SQL: SHOW COLUMNS FROM `think_article` [ RunTime:0.0004s ]
SQL: SELECT * FROM `think_article` WHERE `status` = 0 AND `column_id` <> 5 LIMIT 5   [ RunTime:0.0001s ]
SQL: SELECT * FROM `think_article` WHERE `status` = 0 AND `column_id` = 5 LIMIT 6   [ RunTime:0.0001s ]
INFO: [ view_parse ] --START--
INFO: [ template_filter ] --START--
INFO: Run Behavior\ContentReplaceBehavior [ RunTime:0.000094s ]
INFO: [ template_filter ] --END-- [ RunTime:0.000125s ]
INFO: Run Behavior\ParseTemplateBehavior [ RunTime:0.006806s ]
INFO: [ view_parse ] --END-- [ RunTime:0.006827s ]
INFO: [ view_filter ] --START--
INFO: Run Behavior\WriteHtmlCacheBehavior [ RunTime:0.000092s ]
INFO: [ view_filter ] --END-- [ RunTime:0.000109s ]
INFO: [ app_end ] --START--
INFO: Run Behavior\ShowPageTraceBehavior [ RunTime:0.000241s ]
INFO: [ app_end ] --END-- [ RunTime:0.000260s ]

[ 2016-08-23T18:09:59+08:00 ] 127.0.0.1 /index/get_article_list
INFO: [ app_init ] --START--
INFO: Run Behavior\BuildLiteBehavior [ RunTime:0.000037s ]
INFO: [ app_init ] --END-- [ RunTime:0.000824s ]
INFO: [ app_begin ] --START--
INFO: Run Behavior\ReadHtmlCacheBehavior [ RunTime:0.000591s ]
INFO: Run Behavior\CheckLangBehavior [ RunTime:0.000479s ]
INFO: [ app_begin ] --END-- [ RunTime:0.001181s ]

[ 2016-08-23T18:10:29+08:00 ] 127.0.0.1 /index/get_article_list
INFO: [ app_init ] --START--
INFO: Run Behavior\BuildLiteBehavior [ RunTime:0.000009s ]
INFO: [ app_init ] --END-- [ RunTime:0.000169s ]
INFO: [ app_begin ] --START--
INFO: Run Behavior\ReadHtmlCacheBehavior [ RunTime:0.000209s ]
INFO: Run Behavior\CheckLangBehavior [ RunTime:0.000127s ]
INFO: [ app_begin ] --END-- [ RunTime:0.000370s ]
SQL: SHOW COLUMNS FROM `think_column` [ RunTime:0.0004s ]
SQL: SELECT * FROM `think_column` WHERE ( status=0 )  [ RunTime:0.0001s ]
SQL: SHOW COLUMNS FROM `think_article` [ RunTime:0.0003s ]
SQL: SELECT `id`,`title`,`date` FROM `think_article` WHERE `status` = 0 AND `column_id` IN ('','3') LIMIT 5   [ RunTime:0.0232s ]
INFO: [ view_parse ] --START--
INFO: [ template_filter ] --START--
INFO: Run Behavior\ContentReplaceBehavior [ RunTime:0.000075s ]
INFO: [ template_filter ] --END-- [ RunTime:0.000175s ]
NOTIC: [8] Undefined index: image /home/wwwroot/game.com/Application/Runtime/Cache/Home/8a39b9b5d87f263b32b5bf15f75539b4.php 第 2 行.
NOTIC: [8] Undefined index: tprice /home/wwwroot/game.com/Application/Runtime/Cache/Home/8a39b9b5d87f263b32b5bf15f75539b4.php 第 7 行.
NOTIC: [8] Undefined index: price /home/wwwroot/game.com/Application/Runtime/Cache/Home/8a39b9b5d87f263b32b5bf15f75539b4.php 第 11 行.
NOTIC: [8] Undefined index: description /home/wwwroot/game.com/Application/Runtime/Cache/Home/8a39b9b5d87f263b32b5bf15f75539b4.php 第 14 行.
NOTIC: [8] Undefined index: image /home/wwwroot/game.com/Application/Runtime/Cache/Home/8a39b9b5d87f263b32b5bf15f75539b4.php 第 2 行.
NOTIC: [8] Undefined index: tprice /home/wwwroot/game.com/Application/Runtime/Cache/Home/8a39b9b5d87f263b32b5bf15f75539b4.php 第 7 行.
NOTIC: [8] Undefined index: price /home/wwwroot/game.com/Application/Runtime/Cache/Home/8a39b9b5d87f263b32b5bf15f75539b4.php 第 11 行.
NOTIC: [8] Undefined index: description /home/wwwroot/game.com/Application/Runtime/Cache/Home/8a39b9b5d87f263b32b5bf15f75539b4.php 第 14 行.
NOTIC: [8] Undefined index: image /home/wwwroot/game.com/Application/Runtime/Cache/Home/8a39b9b5d87f263b32b5bf15f75539b4.php 第 2 行.
NOTIC: [8] Undefined index: tprice /home/wwwroot/game.com/Application/Runtime/Cache/Home/8a39b9b5d87f263b32b5bf15f75539b4.php 第 7 行.
NOTIC: [8] Undefined index: price /home/wwwroot/game.com/Application/Runtime/Cache/Home/8a39b9b5d87f263b32b5bf15f75539b4.php 第 11 行.
NOTIC: [8] Undefined index: description /home/wwwroot/game.com/Application/Runtime/Cache/Home/8a39b9b5d87f263b32b5bf15f75539b4.php 第 14 行.
INFO: Run Behavior\ParseTemplateBehavior [ RunTime:0.005164s ]
INFO: [ view_parse ] --END-- [ RunTime:0.005207s ]
INFO: [ view_filter ] --START--
INFO: Run Behavior\WriteHtmlCacheBehavior [ RunTime:0.000173s ]
INFO: [ view_filter ] --END-- [ RunTime:0.000195s ]

[ 2016-08-23T18:11:56+08:00 ] 127.0.0.1 /index/get_article_list
INFO: [ app_init ] --START--
INFO: Run Behavior\BuildLiteBehavior [ RunTime:0.000020s ]
INFO: [ app_init ] --END-- [ RunTime:0.000325s ]
INFO: [ app_begin ] --START--
INFO: Run Behavior\ReadHtmlCacheBehavior [ RunTime:0.000207s ]
INFO: Run Behavior\CheckLangBehavior [ RunTime:0.000122s ]
INFO: [ app_begin ] --END-- [ RunTime:0.000364s ]
SQL: SHOW COLUMNS FROM `think_column` [ RunTime:0.0004s ]
SQL: SELECT * FROM `think_column` WHERE ( status=0 )  [ RunTime:0.0001s ]
SQL: SHOW COLUMNS FROM `think_article` [ RunTime:0.0003s ]
SQL: SELECT `id`,`title`,`date` FROM `think_article` WHERE `status` = 0 AND `column_id` IN ('','3') LIMIT 5   [ RunTime:0.0001s ]

[ 2016-08-23T18:14:01+08:00 ] 127.0.0.1 /index/get_article_list
INFO: [ app_init ] --START--
INFO: Run Behavior\BuildLiteBehavior [ RunTime:0.000007s ]
INFO: [ app_init ] --END-- [ RunTime:0.000155s ]
INFO: [ app_begin ] --START--
INFO: Run Behavior\ReadHtmlCacheBehavior [ RunTime:0.000268s ]
INFO: Run Behavior\CheckLangBehavior [ RunTime:0.000136s ]
INFO: [ app_begin ] --END-- [ RunTime:0.000445s ]
SQL: SHOW COLUMNS FROM `think_column` [ RunTime:0.0004s ]
SQL: SELECT * FROM `think_column` WHERE ( status=0 )  [ RunTime:0.0001s ]
SQL: SHOW COLUMNS FROM `think_article` [ RunTime:0.0003s ]
SQL: SELECT `id`,`title`,`date` FROM `think_article` WHERE `status` = 0 AND `column_id` IN ('','3') LIMIT 5   [ RunTime:0.0001s ]

[ 2016-08-23T18:14:43+08:00 ] 127.0.0.1 /index/get_detals
INFO: [ app_init ] --START--
INFO: Run Behavior\BuildLiteBehavior [ RunTime:0.000012s ]
INFO: [ app_init ] --END-- [ RunTime:0.000208s ]
INFO: [ app_begin ] --START--
INFO: Run Behavior\ReadHtmlCacheBehavior [ RunTime:0.000286s ]
INFO: Run Behavior\CheckLangBehavior [ RunTime:0.000216s ]
INFO: [ app_begin ] --END-- [ RunTime:0.000579s ]

[ 2016-08-23T18:14:48+08:00 ] 127.0.0.1 /index/get_detals?id=1
INFO: [ app_init ] --START--
INFO: Run Behavior\BuildLiteBehavior [ RunTime:0.000012s ]
INFO: [ app_init ] --END-- [ RunTime:0.000343s ]
INFO: [ app_begin ] --START--
INFO: Run Behavior\ReadHtmlCacheBehavior [ RunTime:0.000359s ]
INFO: Run Behavior\CheckLangBehavior [ RunTime:0.000248s ]
INFO: [ app_begin ] --END-- [ RunTime:0.000670s ]
SQL: SHOW COLUMNS FROM `think_article` [ RunTime:0.0006s ]
SQL: SELECT `id`,`column_id`,`title`,`author`,`keywords`,`description`,`image`,`hits`,`date` FROM `think_article` WHERE `id` = 1 LIMIT 1   [ RunTime:0.0002s ]
SQL: SHOW COLUMNS FROM `think_column` [ RunTime:0.0006s ]
SQL: SELECT `id`,`title` FROM `think_column` WHERE `id` = 3 LIMIT 1   [ RunTime:0.0002s ]

[ 2016-08-23T18:16:38+08:00 ] 127.0.0.1 /index/get_detals?id=1
INFO: [ app_init ] --START--
INFO: Run Behavior\BuildLiteBehavior [ RunTime:0.000012s ]
INFO: [ app_init ] --END-- [ RunTime:0.000224s ]
INFO: [ app_begin ] --START--
INFO: Run Behavior\ReadHtmlCacheBehavior [ RunTime:0.000627s ]
INFO: Run Behavior\CheckLangBehavior [ RunTime:0.000294s ]
INFO: [ app_begin ] --END-- [ RunTime:0.001034s ]
SQL: SHOW COLUMNS FROM `think_article` [ RunTime:0.0005s ]
SQL: SELECT `id`,`column_id`,`title`,`author`,`keywords`,`description`,`image`,`content`,`hits`,`date` FROM `think_article` WHERE `id` = 1 LIMIT 1   [ RunTime:0.0001s ]
SQL: SHOW COLUMNS FROM `think_column` [ RunTime:0.0003s ]
SQL: SELECT `id`,`title` FROM `think_column` WHERE `id` = 3 LIMIT 1   [ RunTime:0.0001s ]
SQL: update think_article set hits=hits+1 [ RunTime:0.0160s ]

[ 2016-08-23T18:16:44+08:00 ] 127.0.0.1 /index/get_detals?id=1
INFO: [ app_init ] --START--
INFO: Run Behavior\BuildLiteBehavior [ RunTime:0.000017s ]
INFO: [ app_init ] --END-- [ RunTime:0.000391s ]
INFO: [ app_begin ] --START--
INFO: Run Behavior\ReadHtmlCacheBehavior [ RunTime:0.000584s ]
INFO: Run Behavior\CheckLangBehavior [ RunTime:0.000300s ]
INFO: [ app_begin ] --END-- [ RunTime:0.000969s ]
SQL: SHOW COLUMNS FROM `think_article` [ RunTime:0.0007s ]
SQL: SELECT `id`,`column_id`,`title`,`author`,`keywords`,`description`,`image`,`content`,`hits`,`date` FROM `think_article` WHERE `id` = 1 LIMIT 1   [ RunTime:0.0002s ]
SQL: SHOW COLUMNS FROM `think_column` [ RunTime:0.0006s ]
SQL: SELECT `id`,`title` FROM `think_column` WHERE `id` = 3 LIMIT 1   [ RunTime:0.0002s ]
SQL: update think_article set hits=hits+1 [ RunTime:0.0002s ]

[ 2016-08-23T18:17:28+08:00 ] 127.0.0.1 /index/get_detals?id=1
INFO: [ app_init ] --START--
INFO: Run Behavior\BuildLiteBehavior [ RunTime:0.000012s ]
INFO: [ app_init ] --END-- [ RunTime:0.000273s ]
INFO: [ app_begin ] --START--
INFO: Run Behavior\ReadHtmlCacheBehavior [ RunTime:0.000350s ]
INFO: Run Behavior\CheckLangBehavior [ RunTime:0.000221s ]
INFO: [ app_begin ] --END-- [ RunTime:0.000633s ]
SQL: SHOW COLUMNS FROM `think_article` [ RunTime:0.0006s ]
SQL: SELECT `id`,`column_id`,`title`,`author`,`keywords`,`description`,`image`,`content`,`hits`,`date` FROM `think_article` WHERE `id` = 1 LIMIT 1   [ RunTime:0.0002s ]
SQL: SHOW COLUMNS FROM `think_column` [ RunTime:0.0006s ]
SQL: SELECT `id`,`title` FROM `think_column` WHERE `id` = 3 LIMIT 1   [ RunTime:0.0006s ]
SQL: update think_article set hits=hits+1 [ RunTime:0.0002s ]

[ 2016-08-23T18:17:29+08:00 ] 127.0.0.1 /index/get_detals?id=1
INFO: [ app_init ] --START--
INFO: Run Behavior\BuildLiteBehavior [ RunTime:0.000016s ]
INFO: [ app_init ] --END-- [ RunTime:0.000291s ]
INFO: [ app_begin ] --START--
INFO: Run Behavior\ReadHtmlCacheBehavior [ RunTime:0.000453s ]
INFO: Run Behavior\CheckLangBehavior [ RunTime:0.000264s ]
INFO: [ app_begin ] --END-- [ RunTime:0.000826s ]
SQL: SHOW COLUMNS FROM `think_article` [ RunTime:0.0004s ]
SQL: SELECT `id`,`column_id`,`title`,`author`,`keywords`,`description`,`image`,`content`,`hits`,`date` FROM `think_article` WHERE `id` = 1 LIMIT 1   [ RunTime:0.0002s ]
SQL: SHOW COLUMNS FROM `think_column` [ RunTime:0.0003s ]
SQL: SELECT `id`,`title` FROM `think_column` WHERE `id` = 3 LIMIT 1   [ RunTime:0.0001s ]
SQL: update think_article set hits=hits+1 [ RunTime:0.0001s ]

[ 2016-08-23T18:17:29+08:00 ] 127.0.0.1 /index/get_detals?id=1
INFO: [ app_init ] --START--
INFO: Run Behavior\BuildLiteBehavior [ RunTime:0.000019s ]
INFO: [ app_init ] --END-- [ RunTime:0.000302s ]
INFO: [ app_begin ] --START--
INFO: Run Behavior\ReadHtmlCacheBehavior [ RunTime:0.000207s ]
INFO: Run Behavior\CheckLangBehavior [ RunTime:0.000123s ]
INFO: [ app_begin ] --END-- [ RunTime:0.000368s ]
SQL: SHOW COLUMNS FROM `think_article` [ RunTime:0.0004s ]
SQL: SELECT `id`,`column_id`,`title`,`author`,`keywords`,`description`,`image`,`content`,`hits`,`date` FROM `think_article` WHERE `id` = 1 LIMIT 1   [ RunTime:0.0001s ]
SQL: SHOW COLUMNS FROM `think_column` [ RunTime:0.0002s ]
SQL: SELECT `id`,`title` FROM `think_column` WHERE `id` = 3 LIMIT 1   [ RunTime:0.0001s ]
SQL: update think_article set hits=hits+1 [ RunTime:0.0001s ]

[ 2016-08-23T18:17:29+08:00 ] 127.0.0.1 /index/get_detals?id=1
INFO: [ app_init ] --START--
INFO: Run Behavior\BuildLiteBehavior [ RunTime:0.000008s ]
INFO: [ app_init ] --END-- [ RunTime:0.000165s ]
INFO: [ app_begin ] --START--
INFO: Run Behavior\ReadHtmlCacheBehavior [ RunTime:0.000204s ]
INFO: Run Behavior\CheckLangBehavior [ RunTime:0.000125s ]
INFO: [ app_begin ] --END-- [ RunTime:0.000366s ]
SQL: SHOW COLUMNS FROM `think_article` [ RunTime:0.0004s ]
SQL: SELECT `id`,`column_id`,`title`,`author`,`keywords`,`description`,`image`,`content`,`hits`,`date` FROM `think_article` WHERE `id` = 1 LIMIT 1   [ RunTime:0.0001s ]
SQL: SHOW COLUMNS FROM `think_column` [ RunTime:0.0003s ]
SQL: SELECT `id`,`title` FROM `think_column` WHERE `id` = 3 LIMIT 1   [ RunTime:0.0001s ]
SQL: update think_article set hits=hits+1 [ RunTime:0.0001s ]

[ 2016-08-23T18:17:29+08:00 ] 127.0.0.1 /index/get_detals?id=1
INFO: [ app_init ] --START--
INFO: Run Behavior\BuildLiteBehavior [ RunTime:0.000020s ]
INFO: [ app_init ] --END-- [ RunTime:0.000334s ]
INFO: [ app_begin ] --START--
INFO: Run Behavior\ReadHtmlCacheBehavior [ RunTime:0.000394s ]
INFO: Run Behavior\CheckLangBehavior [ RunTime:0.000235s ]
INFO: [ app_begin ] --END-- [ RunTime:0.000720s ]
SQL: SHOW COLUMNS FROM `think_article` [ RunTime:0.0004s ]
SQL: SELECT `id`,`column_id`,`title`,`author`,`keywords`,`description`,`image`,`content`,`hits`,`date` FROM `think_article` WHERE `id` = 1 LIMIT 1   [ RunTime:0.0001s ]
SQL: SHOW COLUMNS FROM `think_column` [ RunTime:0.0002s ]
SQL: SELECT `id`,`title` FROM `think_column` WHERE `id` = 3 LIMIT 1   [ RunTime:0.0001s ]
SQL: update think_article set hits=hits+1 [ RunTime:0.0001s ]

[ 2016-08-23T18:17:29+08:00 ] 127.0.0.1 /index/get_detals?id=1
INFO: [ app_init ] --START--
INFO: Run Behavior\BuildLiteBehavior [ RunTime:0.000024s ]
INFO: [ app_init ] --END-- [ RunTime:0.000371s ]
INFO: [ app_begin ] --START--
INFO: Run Behavior\ReadHtmlCacheBehavior [ RunTime:0.000317s ]
INFO: Run Behavior\CheckLangBehavior [ RunTime:0.000124s ]
INFO: [ app_begin ] --END-- [ RunTime:0.000492s ]
SQL: SHOW COLUMNS FROM `think_article` [ RunTime:0.0004s ]
SQL: SELECT `id`,`column_id`,`title`,`author`,`keywords`,`description`,`image`,`content`,`hits`,`date` FROM `think_article` WHERE `id` = 1 LIMIT 1   [ RunTime:0.0001s ]
SQL: SHOW COLUMNS FROM `think_column` [ RunTime:0.0003s ]
SQL: SELECT `id`,`title` FROM `think_column` WHERE `id` = 3 LIMIT 1   [ RunTime:0.0001s ]
SQL: update think_article set hits=hits+1 [ RunTime:0.0001s ]

[ 2016-08-23T18:20:20+08:00 ] 127.0.0.1 /index/get_detals?id=1
INFO: [ app_init ] --START--
INFO: Run Behavior\BuildLiteBehavior [ RunTime:0.000010s ]
INFO: [ app_init ] --END-- [ RunTime:0.000239s ]
INFO: [ app_begin ] --START--
INFO: Run Behavior\ReadHtmlCacheBehavior [ RunTime:0.000243s ]
INFO: Run Behavior\CheckLangBehavior [ RunTime:0.000184s ]
INFO: [ app_begin ] --END-- [ RunTime:0.000485s ]
SQL: SHOW COLUMNS FROM `think_article` [ RunTime:0.0011s ]
SQL: SELECT `id`,`column_id`,`title`,`author`,`keywords`,`description`,`image`,`content`,`hits`,`date` FROM `think_article` WHERE `id` = 1 LIMIT 1   [ RunTime:0.0003s ]
SQL: SHOW COLUMNS FROM `think_column` [ RunTime:0.0003s ]
SQL: SELECT `id`,`title` FROM `think_column` WHERE `id` = 3 LIMIT 1   [ RunTime:0.0001s ]
SQL: update think_article set hits=hits+1 [ RunTime:0.0001s ]

