[ 2016-08-03T10:40:41+08:00 ] 192.168.188.184 /favicon.ico
INFO: [ app_init ] --START--
INFO: Run Behavior\BuildLiteBehavior [ RunTime:0.000013s ]
INFO: [ app_init ] --END-- [ RunTime:0.003421s ]

[ 2016-08-03T13:35:10+08:00 ] 192.168.188.184 /Article/index?id=1
INFO: [ app_init ] --START--
INFO: Run Behavior\BuildLiteBehavior [ RunTime:0.000012s ]
INFO: [ app_init ] --END-- [ RunTime:0.003372s ]
INFO: [ app_begin ] --START--
INFO: Run Behavior\ReadHtmlCacheBehavior [ RunTime:0.006539s ]
INFO: Run Behavior\CheckLangBehavior [ RunTime:0.006809s ]
INFO: [ app_begin ] --END-- [ RunTime:0.013425s ]
INFO: [ view_parse ] --START--
INFO: [ template_filter ] --START--
INFO: Run Behavior\ContentReplaceBehavior [ RunTime:0.000029s ]
INFO: [ template_filter ] --END-- [ RunTime:0.000080s ]
INFO: Run Behavior\ParseTemplateBehavior [ RunTime:0.101626s ]
INFO: [ view_parse ] --END-- [ RunTime:0.101685s ]
INFO: [ view_filter ] --START--
INFO: Run Behavior\WriteHtmlCacheBehavior [ RunTime:0.006841s ]
INFO: [ view_filter ] --END-- [ RunTime:0.006866s ]
INFO: [ app_end ] --START--
INFO: Run Behavior\ShowPageTraceBehavior [ RunTime:0.007743s ]
INFO: [ app_end ] --END-- [ RunTime:0.007782s ]

[ 2016-08-03T13:58:57+08:00 ] 192.168.188.184 /
INFO: [ app_init ] --START--
INFO: Run Behavior\BuildLiteBehavior [ RunTime:0.000016s ]
INFO: [ app_init ] --END-- [ RunTime:0.003858s ]
INFO: [ app_begin ] --START--
INFO: Run Behavior\ReadHtmlCacheBehavior [ RunTime:0.007944s ]
INFO: Run Behavior\CheckLangBehavior [ RunTime:0.007343s ]
INFO: [ app_begin ] --END-- [ RunTime:0.015379s ]
INFO: [ app_end ] --START--
INFO: Run Behavior\ShowPageTraceBehavior [ RunTime:0.037360s ]
INFO: [ app_end ] --END-- [ RunTime:0.037503s ]

[ 2016-08-03T14:07:25+08:00 ] 192.168.188.184 /
INFO: [ app_init ] --START--
INFO: Run Behavior\BuildLiteBehavior [ RunTime:0.000019s ]
INFO: [ app_init ] --END-- [ RunTime:0.005379s ]
INFO: [ app_begin ] --START--
INFO: Run Behavior\ReadHtmlCacheBehavior [ RunTime:0.007199s ]
INFO: Run Behavior\CheckLangBehavior [ RunTime:0.008507s ]
INFO: [ app_begin ] --END-- [ RunTime:0.015797s ]
INFO: [ app_end ] --START--
INFO: Run Behavior\ShowPageTraceBehavior [ RunTime:0.013437s ]
INFO: [ app_end ] --END-- [ RunTime:0.013515s ]

[ 2016-08-03T14:09:36+08:00 ] 192.168.188.184 /Public/images/
INFO: [ app_init ] --START--
INFO: Run Behavior\BuildLiteBehavior [ RunTime:0.000013s ]
INFO: [ app_init ] --END-- [ RunTime:0.003829s ]
INFO: [ app_begin ] --START--
INFO: Run Behavior\ReadHtmlCacheBehavior [ RunTime:0.009502s ]
INFO: Run Behavior\CheckLangBehavior [ RunTime:0.011134s ]
INFO: [ app_begin ] --END-- [ RunTime:0.020746s ]
ERR: 非法操作:images

[ 2016-08-03T14:28:34+08:00 ] 192.168.188.184 /
INFO: [ app_init ] --START--
INFO: Run Behavior\BuildLiteBehavior [ RunTime:0.000024s ]
INFO: [ app_init ] --END-- [ RunTime:0.004739s ]
INFO: [ app_begin ] --START--
INFO: Run Behavior\ReadHtmlCacheBehavior [ RunTime:0.013215s ]
INFO: Run Behavior\CheckLangBehavior [ RunTime:0.010878s ]
INFO: [ app_begin ] --END-- [ RunTime:0.024878s ]
INFO: [ app_end ] --START--
INFO: Run Behavior\ShowPageTraceBehavior [ RunTime:0.030003s ]
INFO: [ app_end ] --END-- [ RunTime:0.030113s ]

[ 2016-08-03T15:14:08+08:00 ] 192.168.188.184 /%3C!DOCTYPE%20html%20PUBLIC%20%22-//W3C//DTD%20XHTML%201.0%20Transitional//EN%22%20%22http://www.w3.org/TR/xhtml1/DTD/xhtml1-transitional.dtd%22%3E%3Chtml%20xmlns=%22http://www.w3.org/1999/xhtml%22%3E%3Chead%3E%20%20%20%20%3Cmeta%20http-equiv=%22Content-Type%22%20content=%22text/html;%20charset=utf-8%22%20/%3E%20%20%20%20%3Ctitle%3E%E8%B7%B3%E8%BD%AC%E6%8F%90%E7%A4%BA%3C/title%3E%20%20%20%20%3Cstyle%20type=%22text/css%22%3E%20%20%20%20%20%20%20%20*%7B%20padding:%200;%20margin:%200;%20%7D%20%20%20%20%20%20%20%20body%7B%20background:%20
INFO: [ app_init ] --START--
INFO: Run Behavior\BuildLiteBehavior [ RunTime:0.000012s ]
INFO: [ app_init ] --END-- [ RunTime:0.003037s ]
INFO: [ app_begin ] --START--
INFO: Run Behavior\ReadHtmlCacheBehavior [ RunTime:0.007356s ]
INFO: Run Behavior\CheckLangBehavior [ RunTime:0.006655s ]
INFO: [ app_begin ] --END-- [ RunTime:0.014074s ]
INFO: [ view_parse ] --START--
INFO: [ template_filter ] --START--
INFO: Run Behavior\ContentReplaceBehavior [ RunTime:0.000039s ]
INFO: [ template_filter ] --END-- [ RunTime:0.000113s ]
INFO: Run Behavior\ParseTemplateBehavior [ RunTime:0.058060s ]
INFO: [ view_parse ] --END-- [ RunTime:0.058111s ]
INFO: [ view_filter ] --START--
INFO: Run Behavior\WriteHtmlCacheBehavior [ RunTime:0.006390s ]
INFO: [ view_filter ] --END-- [ RunTime:0.006418s ]
INFO: [ app_end ] --START--
INFO: Run Behavior\ShowPageTraceBehavior [ RunTime:0.006569s ]
INFO: [ app_end ] --END-- [ RunTime:0.006606s ]

[ 2016-08-03T15:14:09+08:00 ] 192.168.188.184 /%3C!DOCTYPE%20html%20PUBLIC%20%22-//W3C//DTD%20XHTML%201.0%20Transitional//EN%22%20%22http://www.w3.org/TR/xhtml1/DTD/xhtml1-transitional.dtd%22%3E%3Chtml%20xmlns=%22http://www.w3.org/1999/xhtml%22%3E%3Chead%3E%20%20%20%20%3Cmeta%20http-equiv=%22Content-Type%22%20content=%22text/html;%20charset=utf-8%22%20/%3E%20%20%20%20%3Ctitle%3E%E8%B7%B3%E8%BD%AC%E6%8F%90%E7%A4%BA%3Chttp://ni2.orgitle%3E%20%20%20%20%3Cstyle%20type=%22text/css%22%3E%20%20%20%20%20%20%20%20*%7B%20padding:%200;%20margin:%200;%20%7D%20%20%20%20%20%20%20%20body%7B%20background:%20
INFO: [ app_init ] --START--
INFO: Run Behavior\BuildLiteBehavior [ RunTime:0.000012s ]
INFO: [ app_init ] --END-- [ RunTime:0.003213s ]
INFO: [ app_begin ] --START--
INFO: Run Behavior\ReadHtmlCacheBehavior [ RunTime:0.006947s ]
INFO: Run Behavior\CheckLangBehavior [ RunTime:0.006989s ]
INFO: [ app_begin ] --END-- [ RunTime:0.014000s ]
INFO: [ view_parse ] --START--
INFO: [ template_filter ] --START--
INFO: Run Behavior\ContentReplaceBehavior [ RunTime:0.000049s ]
INFO: [ template_filter ] --END-- [ RunTime:0.000089s ]
INFO: Run Behavior\ParseTemplateBehavior [ RunTime:0.053408s ]
INFO: [ view_parse ] --END-- [ RunTime:0.053454s ]
INFO: [ view_filter ] --START--
INFO: Run Behavior\WriteHtmlCacheBehavior [ RunTime:0.006140s ]
INFO: [ view_filter ] --END-- [ RunTime:0.006167s ]
INFO: [ app_end ] --START--
INFO: Run Behavior\ShowPageTraceBehavior [ RunTime:0.006376s ]
INFO: [ app_end ] --END-- [ RunTime:0.006403s ]

[ 2016-08-03T17:13:52+08:00 ] 192.168.188.184 /
INFO: [ app_init ] --START--
INFO: Run Behavior\BuildLiteBehavior [ RunTime:0.000014s ]
INFO: [ app_init ] --END-- [ RunTime:0.003389s ]
INFO: [ app_begin ] --START--
INFO: Run Behavior\ReadHtmlCacheBehavior [ RunTime:0.006652s ]
INFO: Run Behavior\CheckLangBehavior [ RunTime:0.006347s ]
INFO: [ app_begin ] --END-- [ RunTime:0.013065s ]

[ 2016-08-03T17:14:38+08:00 ] 192.168.188.184 /
INFO: [ app_init ] --START--
INFO: Run Behavior\BuildLiteBehavior [ RunTime:0.000013s ]
INFO: [ app_init ] --END-- [ RunTime:0.003119s ]
INFO: [ app_begin ] --START--
INFO: Run Behavior\ReadHtmlCacheBehavior [ RunTime:0.007426s ]
INFO: Run Behavior\CheckLangBehavior [ RunTime:0.008122s ]
INFO: [ app_begin ] --END-- [ RunTime:0.015630s ]

[ 2016-08-03T17:15:00+08:00 ] 192.168.188.184 /
INFO: [ app_init ] --START--
INFO: Run Behavior\BuildLiteBehavior [ RunTime:0.000012s ]
INFO: [ app_init ] --END-- [ RunTime:0.003275s ]
INFO: [ app_begin ] --START--
INFO: Run Behavior\ReadHtmlCacheBehavior [ RunTime:0.006842s ]
INFO: Run Behavior\CheckLangBehavior [ RunTime:0.006388s ]
INFO: [ app_begin ] --END-- [ RunTime:0.013303s ]

[ 2016-08-03T17:15:14+08:00 ] 192.168.188.184 /
INFO: [ app_init ] --START--
INFO: Run Behavior\BuildLiteBehavior [ RunTime:0.000012s ]
INFO: [ app_init ] --END-- [ RunTime:0.003470s ]
INFO: [ app_begin ] --START--
INFO: Run Behavior\ReadHtmlCacheBehavior [ RunTime:0.007381s ]
INFO: Run Behavior\CheckLangBehavior [ RunTime:0.007919s ]
INFO: [ app_begin ] --END-- [ RunTime:0.015384s ]

[ 2016-08-03T17:15:55+08:00 ] 192.168.188.184 /
INFO: [ app_init ] --START--
INFO: Run Behavior\BuildLiteBehavior [ RunTime:0.000012s ]
INFO: [ app_init ] --END-- [ RunTime:0.003229s ]
INFO: [ app_begin ] --START--
INFO: Run Behavior\ReadHtmlCacheBehavior [ RunTime:0.006791s ]
INFO: Run Behavior\CheckLangBehavior [ RunTime:0.007775s ]
INFO: [ app_begin ] --END-- [ RunTime:0.014648s ]

[ 2016-08-03T17:16:22+08:00 ] 192.168.188.184 /
INFO: [ app_init ] --START--
INFO: Run Behavior\BuildLiteBehavior [ RunTime:0.000014s ]
INFO: [ app_init ] --END-- [ RunTime:0.003463s ]
INFO: [ app_begin ] --START--
INFO: Run Behavior\ReadHtmlCacheBehavior [ RunTime:0.007301s ]
INFO: Run Behavior\CheckLangBehavior [ RunTime:0.006426s ]
INFO: [ app_begin ] --END-- [ RunTime:0.013799s ]

[ 2016-08-03T17:20:41+08:00 ] 192.168.188.184 /
INFO: [ app_init ] --START--
INFO: Run Behavior\BuildLiteBehavior [ RunTime:0.000015s ]
INFO: [ app_init ] --END-- [ RunTime:0.003558s ]
INFO: [ app_begin ] --START--
INFO: Run Behavior\ReadHtmlCacheBehavior [ RunTime:0.006953s ]
INFO: Run Behavior\CheckLangBehavior [ RunTime:0.007037s ]
INFO: [ app_begin ] --END-- [ RunTime:0.014074s ]

[ 2016-08-03T17:23:23+08:00 ] 192.168.188.184 /
INFO: [ app_init ] --START--
INFO: Run Behavior\BuildLiteBehavior [ RunTime:0.000014s ]
INFO: [ app_init ] --END-- [ RunTime:0.003906s ]
INFO: [ app_begin ] --START--
INFO: Run Behavior\ReadHtmlCacheBehavior [ RunTime:0.008039s ]
INFO: Run Behavior\CheckLangBehavior [ RunTime:0.009319s ]
INFO: [ app_begin ] --END-- [ RunTime:0.017451s ]
NOTIC: [8] Undefined variable: user用户，您于2016 /mnt/share/dzx.com/Application/Home/Controller/IndexController.class.php 第 10 行.
NOTIC: [8] Undefined variable: price的 /mnt/share/dzx.com/Application/Home/Controller/IndexController.class.php 第 10 行.
NOTIC: [8] Undefined variable: goods商品，等待官方发货。如有任何问题请到官方网站联系客服。 /mnt/share/dzx.com/Application/Home/Controller/IndexController.class.php 第 10 行.

[ 2016-08-03T17:23:54+08:00 ] 192.168.188.184 /
INFO: [ app_init ] --START--
INFO: Run Behavior\BuildLiteBehavior [ RunTime:0.000013s ]
INFO: [ app_init ] --END-- [ RunTime:0.003093s ]
INFO: [ app_begin ] --START--
INFO: Run Behavior\ReadHtmlCacheBehavior [ RunTime:0.006947s ]
INFO: Run Behavior\CheckLangBehavior [ RunTime:0.006821s ]
INFO: [ app_begin ] --END-- [ RunTime:0.013862s ]

[ 2016-08-03T17:24:20+08:00 ] 192.168.188.184 /
INFO: [ app_init ] --START--
INFO: Run Behavior\BuildLiteBehavior [ RunTime:0.000013s ]
INFO: [ app_init ] --END-- [ RunTime:0.003476s ]
INFO: [ app_begin ] --START--
INFO: Run Behavior\ReadHtmlCacheBehavior [ RunTime:0.006745s ]
INFO: Run Behavior\CheckLangBehavior [ RunTime:0.006442s ]
INFO: [ app_begin ] --END-- [ RunTime:0.013260s ]

[ 2016-08-03T17:24:39+08:00 ] 192.168.188.184 /
INFO: [ app_init ] --START--
INFO: Run Behavior\BuildLiteBehavior [ RunTime:0.000013s ]
INFO: [ app_init ] --END-- [ RunTime:0.003166s ]
INFO: [ app_begin ] --START--
INFO: Run Behavior\ReadHtmlCacheBehavior [ RunTime:0.006550s ]
INFO: Run Behavior\CheckLangBehavior [ RunTime:0.007092s ]
INFO: [ app_begin ] --END-- [ RunTime:0.013719s ]

[ 2016-08-03T17:25:12+08:00 ] 192.168.188.184 /
INFO: [ app_init ] --START--
INFO: Run Behavior\BuildLiteBehavior [ RunTime:0.000013s ]
INFO: [ app_init ] --END-- [ RunTime:0.003443s ]
INFO: [ app_begin ] --START--
INFO: Run Behavior\ReadHtmlCacheBehavior [ RunTime:0.007645s ]
INFO: Run Behavior\CheckLangBehavior [ RunTime:0.006840s ]
INFO: [ app_begin ] --END-- [ RunTime:0.014555s ]

[ 2016-08-03T17:25:26+08:00 ] 192.168.188.184 /
INFO: [ app_init ] --START--
INFO: Run Behavior\BuildLiteBehavior [ RunTime:0.000013s ]
INFO: [ app_init ] --END-- [ RunTime:0.003429s ]
INFO: [ app_begin ] --START--
INFO: Run Behavior\ReadHtmlCacheBehavior [ RunTime:0.006885s ]
INFO: Run Behavior\CheckLangBehavior [ RunTime:0.006962s ]
INFO: [ app_begin ] --END-- [ RunTime:0.013930s ]

[ 2016-08-03T17:34:09+08:00 ] 192.168.188.184 /
INFO: [ app_init ] --START--
INFO: Run Behavior\BuildLiteBehavior [ RunTime:0.000012s ]
INFO: [ app_init ] --END-- [ RunTime:0.003426s ]
INFO: [ app_begin ] --START--
INFO: Run Behavior\ReadHtmlCacheBehavior [ RunTime:0.007219s ]
INFO: Run Behavior\CheckLangBehavior [ RunTime:0.007580s ]
INFO: [ app_begin ] --END-- [ RunTime:0.014876s ]

[ 2016-08-03T17:35:19+08:00 ] 192.168.188.184 /
INFO: [ app_init ] --START--
INFO: Run Behavior\BuildLiteBehavior [ RunTime:0.000012s ]
INFO: [ app_init ] --END-- [ RunTime:0.003332s ]
INFO: [ app_begin ] --START--
INFO: Run Behavior\ReadHtmlCacheBehavior [ RunTime:0.006661s ]
INFO: Run Behavior\CheckLangBehavior [ RunTime:0.007280s ]
INFO: [ app_begin ] --END-- [ RunTime:0.014022s ]

[ 2016-08-03T17:35:39+08:00 ] 192.168.188.184 /
INFO: [ app_init ] --START--
INFO: Run Behavior\BuildLiteBehavior [ RunTime:0.000012s ]
INFO: [ app_init ] --END-- [ RunTime:0.003453s ]
INFO: [ app_begin ] --START--
INFO: Run Behavior\ReadHtmlCacheBehavior [ RunTime:0.007302s ]
INFO: Run Behavior\CheckLangBehavior [ RunTime:0.007192s ]
INFO: [ app_begin ] --END-- [ RunTime:0.014574s ]

[ 2016-08-03T17:36:05+08:00 ] 192.168.188.184 /
INFO: [ app_init ] --START--
INFO: Run Behavior\BuildLiteBehavior [ RunTime:0.000015s ]
INFO: [ app_init ] --END-- [ RunTime:0.003569s ]
INFO: [ app_begin ] --START--
INFO: Run Behavior\ReadHtmlCacheBehavior [ RunTime:0.007115s ]
INFO: Run Behavior\CheckLangBehavior [ RunTime:0.006486s ]
INFO: [ app_begin ] --END-- [ RunTime:0.013680s ]

[ 2016-08-03T17:37:26+08:00 ] 192.168.188.184 /
INFO: [ app_init ] --START--
INFO: Run Behavior\BuildLiteBehavior [ RunTime:0.000011s ]
INFO: [ app_init ] --END-- [ RunTime:0.003153s ]
INFO: [ app_begin ] --START--
INFO: Run Behavior\ReadHtmlCacheBehavior [ RunTime:0.007145s ]
INFO: Run Behavior\CheckLangBehavior [ RunTime:0.007059s ]
INFO: [ app_begin ] --END-- [ RunTime:0.014283s ]

[ 2016-08-03T17:37:39+08:00 ] 192.168.188.184 /
INFO: [ app_init ] --START--
INFO: Run Behavior\BuildLiteBehavior [ RunTime:0.000012s ]
INFO: [ app_init ] --END-- [ RunTime:0.003149s ]
INFO: [ app_begin ] --START--
INFO: Run Behavior\ReadHtmlCacheBehavior [ RunTime:0.006659s ]
INFO: Run Behavior\CheckLangBehavior [ RunTime:0.006263s ]
INFO: [ app_begin ] --END-- [ RunTime:0.012992s ]

[ 2016-08-03T17:38:08+08:00 ] 192.168.188.184 /
INFO: [ app_init ] --START--
INFO: Run Behavior\BuildLiteBehavior [ RunTime:0.000012s ]
INFO: [ app_init ] --END-- [ RunTime:0.003122s ]
INFO: [ app_begin ] --START--
INFO: Run Behavior\ReadHtmlCacheBehavior [ RunTime:0.006501s ]
INFO: Run Behavior\CheckLangBehavior [ RunTime:0.007067s ]
INFO: [ app_begin ] --END-- [ RunTime:0.013647s ]

[ 2016-08-03T17:38:14+08:00 ] 192.168.188.184 /
INFO: [ app_init ] --START--
INFO: Run Behavior\BuildLiteBehavior [ RunTime:0.000012s ]
INFO: [ app_init ] --END-- [ RunTime:0.003116s ]
INFO: [ app_begin ] --START--
INFO: Run Behavior\ReadHtmlCacheBehavior [ RunTime:0.006765s ]
INFO: Run Behavior\CheckLangBehavior [ RunTime:0.006236s ]
INFO: [ app_begin ] --END-- [ RunTime:0.013080s ]

[ 2016-08-03T17:38:32+08:00 ] 192.168.188.184 /
INFO: [ app_init ] --START--
INFO: Run Behavior\BuildLiteBehavior [ RunTime:0.000013s ]
INFO: [ app_init ] --END-- [ RunTime:0.003153s ]
INFO: [ app_begin ] --START--
INFO: Run Behavior\ReadHtmlCacheBehavior [ RunTime:0.006947s ]
INFO: Run Behavior\CheckLangBehavior [ RunTime:0.006348s ]
INFO: [ app_begin ] --END-- [ RunTime:0.013370s ]

[ 2016-08-03T17:41:51+08:00 ] 192.168.188.184 /
INFO: [ app_init ] --START--
INFO: Run Behavior\BuildLiteBehavior [ RunTime:0.000011s ]
INFO: [ app_init ] --END-- [ RunTime:0.003091s ]
INFO: [ app_begin ] --START--
INFO: Run Behavior\ReadHtmlCacheBehavior [ RunTime:0.007168s ]
INFO: Run Behavior\CheckLangBehavior [ RunTime:0.007691s ]
INFO: [ app_begin ] --END-- [ RunTime:0.014947s ]

[ 2016-08-03T18:01:07+08:00 ] 192.168.188.184 /
INFO: [ app_init ] --START--
INFO: Run Behavior\BuildLiteBehavior [ RunTime:0.000030s ]
INFO: [ app_init ] --END-- [ RunTime:0.003889s ]
INFO: [ app_begin ] --START--
INFO: Run Behavior\ReadHtmlCacheBehavior [ RunTime:0.007942s ]
INFO: Run Behavior\CheckLangBehavior [ RunTime:0.007000s ]
INFO: [ app_begin ] --END-- [ RunTime:0.015148s ]

