[ 2016-07-22T10:41:54+08:00 ] 114.218.19.170 /Admin/Login/index
INFO: [ app_init ] --START--
INFO: Run Behavior\BuildLiteBehavior [ RunTime:0.000034s ]
INFO: [ app_init ] --END-- [ RunTime:0.000286s ]
INFO: [ app_begin ] --START--
INFO: Run Behavior\ReadHtmlCacheBehavior [ RunTime:0.000179s ]
INFO: Run Behavior\CheckLangBehavior [ RunTime:0.000198s ]
INFO: [ app_begin ] --END-- [ RunTime:0.000488s ]
INFO: [ view_parse ] --START--
INFO: [ template_filter ] --START--
INFO: Run Behavior\ContentReplaceBehavior [ RunTime:0.000127s ]
INFO: [ template_filter ] --END-- [ RunTime:0.000235s ]
INFO: Run Behavior\ParseTemplateBehavior [ RunTime:0.005145s ]
INFO: [ view_parse ] --END-- [ RunTime:0.005221s ]
INFO: [ view_filter ] --START--
INFO: Run Behavior\WriteHtmlCacheBehavior [ RunTime:0.000286s ]
INFO: [ view_filter ] --END-- [ RunTime:0.000333s ]
INFO: [ app_end ] --START--
INFO: Run Behavior\ShowPageTraceBehavior [ RunTime:0.000178s ]
INFO: [ app_end ] --END-- [ RunTime:0.000240s ]

[ 2016-07-22T10:41:55+08:00 ] 180.153.214.191 /admin/login/index
INFO: [ app_init ] --START--
INFO: Run Behavior\BuildLiteBehavior [ RunTime:0.000035s ]
INFO: [ app_init ] --END-- [ RunTime:0.000231s ]
INFO: [ app_begin ] --START--
INFO: Run Behavior\ReadHtmlCacheBehavior [ RunTime:0.000166s ]
INFO: Run Behavior\CheckLangBehavior [ RunTime:0.000137s ]
INFO: [ app_begin ] --END-- [ RunTime:0.000437s ]
INFO: [ view_parse ] --START--
INFO: [ template_filter ] --START--
INFO: Run Behavior\ContentReplaceBehavior [ RunTime:0.000071s ]
INFO: [ template_filter ] --END-- [ RunTime:0.000151s ]
INFO: Run Behavior\ParseTemplateBehavior [ RunTime:0.003733s ]
INFO: [ view_parse ] --END-- [ RunTime:0.003831s ]
INFO: [ view_filter ] --START--
INFO: Run Behavior\WriteHtmlCacheBehavior [ RunTime:0.000247s ]
INFO: [ view_filter ] --END-- [ RunTime:0.000337s ]
INFO: [ app_end ] --START--
INFO: Run Behavior\ShowPageTraceBehavior [ RunTime:0.000142s ]
INFO: [ app_end ] --END-- [ RunTime:0.000195s ]

[ 2016-07-22T10:41:57+08:00 ] 114.218.19.170 /Admin/public/login
INFO: [ app_init ] --START--
INFO: Run Behavior\BuildLiteBehavior [ RunTime:0.000027s ]
INFO: [ app_init ] --END-- [ RunTime:0.000204s ]
INFO: [ app_begin ] --START--
INFO: Run Behavior\ReadHtmlCacheBehavior [ RunTime:0.000272s ]
INFO: Run Behavior\CheckLangBehavior [ RunTime:0.000174s ]
INFO: [ app_begin ] --END-- [ RunTime:0.000592s ]
SQL: SHOW COLUMNS FROM `think_admin` [ RunTime:0.0041s ]
SQL: SELECT * FROM `think_admin` WHERE `username` = '二少' LIMIT 1   [ RunTime:0.0008s ]
NOTIC: [8] Use of undefined constant intval - assumed 'intval' /home/wwwroot/cpa88.com/Application/Admin/Controller/PublicController.class.php 第 37 行.
SQL: UPDATE `think_admin` SET `last_date`='1469155317',`last_ip`='114.218.19.170' WHERE `id` = 6 [ RunTime:0.0013s ]
NOTIC: [8] Undefined index: logintime /home/wwwroot/cpa88.com/Application/Admin/Controller/PublicController.class.php 第 58 行.
NOTIC: [8] Undefined index: loginip /home/wwwroot/cpa88.com/Application/Admin/Controller/PublicController.class.php 第 59 行.

[ 2016-07-22T10:41:57+08:00 ] 114.218.19.170 /Admin/Index/index
INFO: [ app_init ] --START--
INFO: Run Behavior\BuildLiteBehavior [ RunTime:0.000029s ]
INFO: [ app_init ] --END-- [ RunTime:0.000246s ]
INFO: [ app_begin ] --START--
INFO: Run Behavior\ReadHtmlCacheBehavior [ RunTime:0.000305s ]
INFO: Run Behavior\CheckLangBehavior [ RunTime:0.000196s ]
INFO: [ app_begin ] --END-- [ RunTime:0.000669s ]
SQL: SHOW COLUMNS FROM `think_model` [ RunTime:0.0019s ]
SQL: SELECT * FROM `think_model` WHERE ( fid=0 and "show"=0 and status=0 and id in(1,2,3,4,5,6,7,8) )  [ RunTime:0.0007s ]
SQL: SELECT * FROM `think_model` WHERE `fid` = 1 AND `status` = 0 AND `show` = 0 ORDER BY sort asc  [ RunTime:0.0004s ]
SQL: SELECT * FROM `think_model` WHERE `fid` = 2 AND `status` = 0 AND `show` = 0 ORDER BY sort asc  [ RunTime:0.0003s ]
SQL: SELECT * FROM `think_model` WHERE `fid` = 3 AND `status` = 0 AND `show` = 0 ORDER BY sort asc  [ RunTime:0.0003s ]
SQL: SELECT * FROM `think_model` WHERE `fid` = 4 AND `status` = 0 AND `show` = 0 ORDER BY sort asc  [ RunTime:0.0003s ]
SQL: SELECT * FROM `think_model` WHERE `fid` = 5 AND `status` = 0 AND `show` = 0 ORDER BY sort asc  [ RunTime:0.0003s ]
SQL: SELECT * FROM `think_model` WHERE `fid` = 6 AND `status` = 0 AND `show` = 0 ORDER BY sort asc  [ RunTime:0.0003s ]
SQL: SELECT * FROM `think_model` WHERE `fid` = 7 AND `status` = 0 AND `show` = 0 ORDER BY sort asc  [ RunTime:0.0003s ]
SQL: SELECT * FROM `think_model` WHERE `fid` = 8 AND `status` = 0 AND `show` = 0 ORDER BY sort asc  [ RunTime:0.0003s ]
SQL: SHOW COLUMNS FROM `think_article` [ RunTime:0.0021s ]
SQL: SELECT COUNT(*) AS tp_count FROM `think_article` LIMIT 1   [ RunTime:0.0003s ]
SQL: SELECT * FROM `think_article` ORDER BY create_time desc,id desc LIMIT 0,1   [ RunTime:0.0005s ]
SQL: SHOW COLUMNS FROM `think_column` [ RunTime:0.0080s ]
SQL: SELECT COUNT(*) AS tp_count FROM `think_column` WHERE ( fid=0 ) LIMIT 1   [ RunTime:0.0004s ]

[ 2016-07-22T10:41:57+08:00 ] 114.218.19.170 /Admin/Member/index
INFO: [ app_init ] --START--
INFO: Run Behavior\BuildLiteBehavior [ RunTime:0.000033s ]
INFO: [ app_init ] --END-- [ RunTime:0.000269s ]
INFO: [ app_begin ] --START--
INFO: Run Behavior\ReadHtmlCacheBehavior [ RunTime:0.000185s ]
INFO: Run Behavior\CheckLangBehavior [ RunTime:0.000189s ]
INFO: [ app_begin ] --END-- [ RunTime:0.000530s ]
NOTIC: [2048] Declaration of Admin\Controller\MemberController::_details() should be compatible with Admin\Controller\BaseController::_details($attr) /home/wwwroot/cpa88.com/Application/Admin/Controller/MemberController.class.php 第 5 行.
SQL: SHOW COLUMNS FROM `think_model` [ RunTime:0.0020s ]
SQL: SELECT * FROM `think_model` WHERE ( fid=0 and "show"=0 and status=0 and id in(1,2,3,4,5,6,7,8) )  [ RunTime:0.0007s ]
SQL: SELECT * FROM `think_model` WHERE `fid` = 1 AND `status` = 0 AND `show` = 0 ORDER BY sort asc  [ RunTime:0.0005s ]
SQL: SELECT * FROM `think_model` WHERE `fid` = 2 AND `status` = 0 AND `show` = 0 ORDER BY sort asc  [ RunTime:0.0004s ]
SQL: SELECT * FROM `think_model` WHERE `fid` = 3 AND `status` = 0 AND `show` = 0 ORDER BY sort asc  [ RunTime:0.0004s ]
SQL: SELECT * FROM `think_model` WHERE `fid` = 4 AND `status` = 0 AND `show` = 0 ORDER BY sort asc  [ RunTime:0.0004s ]
SQL: SELECT * FROM `think_model` WHERE `fid` = 5 AND `status` = 0 AND `show` = 0 ORDER BY sort asc  [ RunTime:0.0005s ]
SQL: SELECT * FROM `think_model` WHERE `fid` = 6 AND `status` = 0 AND `show` = 0 ORDER BY sort asc  [ RunTime:0.0003s ]
SQL: SELECT * FROM `think_model` WHERE `fid` = 7 AND `status` = 0 AND `show` = 0 ORDER BY sort asc  [ RunTime:0.0003s ]
SQL: SELECT * FROM `think_model` WHERE `fid` = 8 AND `status` = 0 AND `show` = 0 ORDER BY sort asc  [ RunTime:0.0003s ]
NOTIC: [8] Undefined index: status /home/wwwroot/cpa88.com/Application/Admin/Controller/MemberController.class.php 第 601 行.
NOTIC: [8] Undefined index: package /home/wwwroot/cpa88.com/Application/Admin/Controller/MemberController.class.php 第 629 行.
NOTIC: [8] Undefined index: pname /home/wwwroot/cpa88.com/Application/Admin/Controller/MemberController.class.php 第 630 行.
NOTIC: [8] Undefined variable: map /home/wwwroot/cpa88.com/Application/Admin/Controller/MemberController.class.php 第 632 行.
SQL: SHOW COLUMNS FROM `think_member` [ RunTime:0.0027s ]
SQL: SELECT COUNT(*) AS tp_count FROM `think_member` WHERE `status` = 0 LIMIT 1   [ RunTime:0.0006s ]
SQL: SELECT * FROM `think_member` WHERE `status` = 0 ORDER BY create_time desc LIMIT 0,10   [ RunTime:0.0007s ]
INFO: [ view_parse ] --START--
INFO: [ template_filter ] --START--
INFO: Run Behavior\ContentReplaceBehavior [ RunTime:0.000227s ]
INFO: [ template_filter ] --END-- [ RunTime:0.000357s ]
SQL: SHOW COLUMNS FROM `think_producted` [ RunTime:0.0025s ]
SQL: SELECT COUNT(*) AS tp_count FROM `think_producted` WHERE `mid` = 14 AND `status` = 0 LIMIT 1   [ RunTime:0.0005s ]
SQL: SELECT COUNT(*) AS tp_count FROM `think_producted` WHERE `mid` = 13 AND `status` = 0 LIMIT 1   [ RunTime:0.0002s ]
SQL: SELECT COUNT(*) AS tp_count FROM `think_producted` WHERE `mid` = 12 AND `status` = 0 LIMIT 1   [ RunTime:0.0003s ]
SQL: SELECT COUNT(*) AS tp_count FROM `think_producted` WHERE `mid` = 11 AND `status` = 0 LIMIT 1   [ RunTime:0.0003s ]
SQL: SELECT COUNT(*) AS tp_count FROM `think_producted` WHERE `mid` = 10 AND `status` = 0 LIMIT 1   [ RunTime:0.0002s ]
SQL: SELECT COUNT(*) AS tp_count FROM `think_producted` WHERE `mid` = 9 AND `status` = 0 LIMIT 1   [ RunTime:0.0002s ]
SQL: SELECT COUNT(*) AS tp_count FROM `think_producted` WHERE `mid` = 8 AND `status` = 0 LIMIT 1   [ RunTime:0.0003s ]
SQL: SELECT COUNT(*) AS tp_count FROM `think_producted` WHERE `mid` = 7 AND `status` = 0 LIMIT 1   [ RunTime:0.0002s ]
SQL: SELECT COUNT(*) AS tp_count FROM `think_producted` WHERE `mid` = 6 AND `status` = 0 LIMIT 1   [ RunTime:0.0002s ]
SQL: SELECT COUNT(*) AS tp_count FROM `think_producted` WHERE `mid` = 5 AND `status` = 0 LIMIT 1   [ RunTime:0.0003s ]
INFO: Run Behavior\ParseTemplateBehavior [ RunTime:0.037798s ]
INFO: [ view_parse ] --END-- [ RunTime:0.037909s ]
INFO: [ view_filter ] --START--
INFO: Run Behavior\WriteHtmlCacheBehavior [ RunTime:0.000219s ]
INFO: [ view_filter ] --END-- [ RunTime:0.000296s ]
INFO: [ app_end ] --START--
INFO: Run Behavior\ShowPageTraceBehavior [ RunTime:0.000293s ]
INFO: [ app_end ] --END-- [ RunTime:0.000374s ]

[ 2016-07-22T10:41:58+08:00 ] 180.153.214.176 /admin/member/index
INFO: [ app_init ] --START--
INFO: Run Behavior\BuildLiteBehavior [ RunTime:0.000029s ]
INFO: [ app_init ] --END-- [ RunTime:0.000209s ]
INFO: [ app_begin ] --START--
INFO: Run Behavior\ReadHtmlCacheBehavior [ RunTime:0.000198s ]
INFO: Run Behavior\CheckLangBehavior [ RunTime:0.000162s ]
INFO: [ app_begin ] --END-- [ RunTime:0.000505s ]
NOTIC: [2048] Declaration of Admin\Controller\MemberController::_details() should be compatible with Admin\Controller\BaseController::_details($attr) /home/wwwroot/cpa88.com/Application/Admin/Controller/MemberController.class.php 第 5 行.

[ 2016-07-22T10:41:58+08:00 ] 180.153.214.176 /Admin/Login/index
INFO: [ app_init ] --START--
INFO: Run Behavior\BuildLiteBehavior [ RunTime:0.000027s ]
INFO: [ app_init ] --END-- [ RunTime:0.000241s ]
INFO: [ app_begin ] --START--
INFO: Run Behavior\ReadHtmlCacheBehavior [ RunTime:0.000255s ]
INFO: Run Behavior\CheckLangBehavior [ RunTime:0.000175s ]
INFO: [ app_begin ] --END-- [ RunTime:0.000584s ]
INFO: [ view_parse ] --START--
INFO: [ template_filter ] --START--
INFO: Run Behavior\ContentReplaceBehavior [ RunTime:0.000100s ]
INFO: [ template_filter ] --END-- [ RunTime:0.000232s ]
INFO: Run Behavior\ParseTemplateBehavior [ RunTime:0.010660s ]
INFO: [ view_parse ] --END-- [ RunTime:0.010801s ]
INFO: [ view_filter ] --START--
INFO: Run Behavior\WriteHtmlCacheBehavior [ RunTime:0.000169s ]
INFO: [ view_filter ] --END-- [ RunTime:0.000250s ]
INFO: [ app_end ] --START--
INFO: Run Behavior\ShowPageTraceBehavior [ RunTime:0.000120s ]
INFO: [ app_end ] --END-- [ RunTime:0.000171s ]

[ 2016-07-22T10:42:02+08:00 ] 114.218.19.170 /Admin/Member/see?mid=14
INFO: [ app_init ] --START--
INFO: Run Behavior\BuildLiteBehavior [ RunTime:0.000033s ]
INFO: [ app_init ] --END-- [ RunTime:0.000309s ]
INFO: [ app_begin ] --START--
INFO: Run Behavior\ReadHtmlCacheBehavior [ RunTime:0.000242s ]
INFO: Run Behavior\CheckLangBehavior [ RunTime:0.000212s ]
INFO: [ app_begin ] --END-- [ RunTime:0.000683s ]
NOTIC: [2048] Declaration of Admin\Controller\MemberController::_details() should be compatible with Admin\Controller\BaseController::_details($attr) /home/wwwroot/cpa88.com/Application/Admin/Controller/MemberController.class.php 第 5 行.
SQL: SHOW COLUMNS FROM `think_model` [ RunTime:0.0019s ]
SQL: SELECT * FROM `think_model` WHERE ( fid=0 and "show"=0 and status=0 and id in(1,2,3,4,5,6,7,8) )  [ RunTime:0.0006s ]
SQL: SELECT * FROM `think_model` WHERE `fid` = 1 AND `status` = 0 AND `show` = 0 ORDER BY sort asc  [ RunTime:0.0003s ]
SQL: SELECT * FROM `think_model` WHERE `fid` = 2 AND `status` = 0 AND `show` = 0 ORDER BY sort asc  [ RunTime:0.0004s ]
SQL: SELECT * FROM `think_model` WHERE `fid` = 3 AND `status` = 0 AND `show` = 0 ORDER BY sort asc  [ RunTime:0.0003s ]
SQL: SELECT * FROM `think_model` WHERE `fid` = 4 AND `status` = 0 AND `show` = 0 ORDER BY sort asc  [ RunTime:0.0004s ]
SQL: SELECT * FROM `think_model` WHERE `fid` = 5 AND `status` = 0 AND `show` = 0 ORDER BY sort asc  [ RunTime:0.0004s ]
SQL: SELECT * FROM `think_model` WHERE `fid` = 6 AND `status` = 0 AND `show` = 0 ORDER BY sort asc  [ RunTime:0.0003s ]
SQL: SELECT * FROM `think_model` WHERE `fid` = 7 AND `status` = 0 AND `show` = 0 ORDER BY sort asc  [ RunTime:0.0003s ]
SQL: SELECT * FROM `think_model` WHERE `fid` = 8 AND `status` = 0 AND `show` = 0 ORDER BY sort asc  [ RunTime:0.0003s ]
NOTIC: [8] Use of undefined constant intval - assumed 'intval' /home/wwwroot/cpa88.com/Application/Admin/Controller/MemberController.class.php 第 19 行.
SQL: SHOW COLUMNS FROM `think_member` [ RunTime:0.0017s ]
SQL: SELECT * FROM `think_member` WHERE `id` = 14 LIMIT 1   [ RunTime:0.0005s ]
SQL: SHOW COLUMNS FROM `think_payway` [ RunTime:0.0011s ]
SQL: SELECT * FROM `think_payway` WHERE `mid` = 14 AND `pay_default` = 1  [ RunTime:0.0004s ]
INFO: [ view_parse ] --START--
INFO: [ template_filter ] --START--
INFO: Run Behavior\ContentReplaceBehavior [ RunTime:0.000298s ]
INFO: [ template_filter ] --END-- [ RunTime:0.000428s ]
SQL: SHOW COLUMNS FROM `think_producted` [ RunTime:0.0024s ]
SQL: SELECT COUNT(*) AS tp_count FROM `think_producted` WHERE `mid` = 14 AND `status` = 0 LIMIT 1   [ RunTime:0.0004s ]
INFO: Run Behavior\ParseTemplateBehavior [ RunTime:0.026893s ]
INFO: [ view_parse ] --END-- [ RunTime:0.026997s ]
INFO: [ view_filter ] --START--
INFO: Run Behavior\WriteHtmlCacheBehavior [ RunTime:0.000259s ]
INFO: [ view_filter ] --END-- [ RunTime:0.000337s ]
INFO: [ app_end ] --START--
INFO: Run Behavior\ShowPageTraceBehavior [ RunTime:0.000275s ]
INFO: [ app_end ] --END-- [ RunTime:0.000419s ]

[ 2016-07-22T10:42:03+08:00 ] 101.226.33.239 /admin/index/index
INFO: [ app_init ] --START--
INFO: Run Behavior\BuildLiteBehavior [ RunTime:0.000024s ]
INFO: [ app_init ] --END-- [ RunTime:0.000173s ]
INFO: [ app_begin ] --START--
INFO: Run Behavior\ReadHtmlCacheBehavior [ RunTime:0.000116s ]
INFO: Run Behavior\CheckLangBehavior [ RunTime:0.000126s ]
INFO: [ app_begin ] --END-- [ RunTime:0.000849s ]

[ 2016-07-22T10:42:03+08:00 ] 101.226.33.239 /Admin/Login/index
INFO: [ app_init ] --START--
INFO: Run Behavior\BuildLiteBehavior [ RunTime:0.000034s ]
INFO: [ app_init ] --END-- [ RunTime:0.000505s ]
INFO: [ app_begin ] --START--
INFO: Run Behavior\ReadHtmlCacheBehavior [ RunTime:0.000271s ]
INFO: Run Behavior\CheckLangBehavior [ RunTime:0.014180s ]
INFO: [ app_begin ] --END-- [ RunTime:0.014699s ]
INFO: [ view_parse ] --START--
INFO: [ template_filter ] --START--
INFO: Run Behavior\ContentReplaceBehavior [ RunTime:0.000123s ]
INFO: [ template_filter ] --END-- [ RunTime:0.000297s ]
INFO: Run Behavior\ParseTemplateBehavior [ RunTime:0.005758s ]
INFO: [ view_parse ] --END-- [ RunTime:0.017188s ]
INFO: [ view_filter ] --START--
INFO: Run Behavior\WriteHtmlCacheBehavior [ RunTime:0.000290s ]
INFO: [ view_filter ] --END-- [ RunTime:0.000416s ]
INFO: [ app_end ] --START--
INFO: Run Behavior\ShowPageTraceBehavior [ RunTime:0.000287s ]
INFO: [ app_end ] --END-- [ RunTime:0.000394s ]

[ 2016-07-22T10:42:03+08:00 ] 180.153.214.191 /admin/member/see
INFO: [ app_init ] --START--
INFO: Run Behavior\BuildLiteBehavior [ RunTime:0.000020s ]
INFO: [ app_init ] --END-- [ RunTime:0.000147s ]
INFO: [ app_begin ] --START--
INFO: Run Behavior\ReadHtmlCacheBehavior [ RunTime:0.000211s ]
INFO: Run Behavior\CheckLangBehavior [ RunTime:0.000262s ]
INFO: [ app_begin ] --END-- [ RunTime:0.000639s ]
NOTIC: [2048] Declaration of Admin\Controller\MemberController::_details() should be compatible with Admin\Controller\BaseController::_details($attr) /home/wwwroot/cpa88.com/Application/Admin/Controller/MemberController.class.php 第 5 行.

[ 2016-07-22T10:42:04+08:00 ] 180.153.214.180 /admin/member/see
INFO: [ app_init ] --START--
INFO: Run Behavior\BuildLiteBehavior [ RunTime:0.000020s ]
INFO: [ app_init ] --END-- [ RunTime:0.000185s ]
INFO: [ app_begin ] --START--
INFO: Run Behavior\ReadHtmlCacheBehavior [ RunTime:0.000170s ]
INFO: Run Behavior\CheckLangBehavior [ RunTime:0.000148s ]
INFO: [ app_begin ] --END-- [ RunTime:0.000440s ]
NOTIC: [2048] Declaration of Admin\Controller\MemberController::_details() should be compatible with Admin\Controller\BaseController::_details($attr) /home/wwwroot/cpa88.com/Application/Admin/Controller/MemberController.class.php 第 5 行.

[ 2016-07-22T10:42:04+08:00 ] 180.153.214.191 /Admin/Login/index
INFO: [ app_init ] --START--
INFO: Run Behavior\BuildLiteBehavior [ RunTime:0.000025s ]
INFO: [ app_init ] --END-- [ RunTime:0.000225s ]
INFO: [ app_begin ] --START--
INFO: Run Behavior\ReadHtmlCacheBehavior [ RunTime:0.000189s ]
INFO: Run Behavior\CheckLangBehavior [ RunTime:0.000176s ]
INFO: [ app_begin ] --END-- [ RunTime:0.000499s ]
INFO: [ view_parse ] --START--
INFO: [ template_filter ] --START--
INFO: Run Behavior\ContentReplaceBehavior [ RunTime:0.000110s ]
INFO: [ template_filter ] --END-- [ RunTime:0.000288s ]
INFO: Run Behavior\ParseTemplateBehavior [ RunTime:0.005517s ]
INFO: [ view_parse ] --END-- [ RunTime:0.005611s ]
INFO: [ view_filter ] --START--
INFO: Run Behavior\WriteHtmlCacheBehavior [ RunTime:0.000136s ]
INFO: [ view_filter ] --END-- [ RunTime:0.000198s ]
INFO: [ app_end ] --START--
INFO: Run Behavior\ShowPageTraceBehavior [ RunTime:0.000157s ]
INFO: [ app_end ] --END-- [ RunTime:0.000215s ]

[ 2016-07-22T10:42:04+08:00 ] 180.153.214.180 /Admin/Login/index
INFO: [ app_init ] --START--
INFO: Run Behavior\BuildLiteBehavior [ RunTime:0.000031s ]
INFO: [ app_init ] --END-- [ RunTime:0.000234s ]
INFO: [ app_begin ] --START--
INFO: Run Behavior\ReadHtmlCacheBehavior [ RunTime:0.000162s ]
INFO: Run Behavior\CheckLangBehavior [ RunTime:0.000255s ]
INFO: [ app_begin ] --END-- [ RunTime:0.000795s ]
INFO: [ view_parse ] --START--
INFO: [ template_filter ] --START--
INFO: Run Behavior\ContentReplaceBehavior [ RunTime:0.000086s ]
INFO: [ template_filter ] --END-- [ RunTime:0.000250s ]
INFO: Run Behavior\ParseTemplateBehavior [ RunTime:0.003561s ]
INFO: [ view_parse ] --END-- [ RunTime:0.003683s ]
INFO: [ view_filter ] --START--
INFO: Run Behavior\WriteHtmlCacheBehavior [ RunTime:0.000133s ]
INFO: [ view_filter ] --END-- [ RunTime:0.000183s ]
INFO: [ app_end ] --START--
INFO: Run Behavior\ShowPageTraceBehavior [ RunTime:0.000121s ]
INFO: [ app_end ] --END-- [ RunTime:0.000173s ]

[ 2016-07-22T10:42:50+08:00 ] 114.218.19.170 /Admin/Member
INFO: [ app_init ] --START--
INFO: Run Behavior\BuildLiteBehavior [ RunTime:0.000028s ]
INFO: [ app_init ] --END-- [ RunTime:0.000315s ]
INFO: [ app_begin ] --START--
INFO: Run Behavior\ReadHtmlCacheBehavior [ RunTime:0.000207s ]
INFO: Run Behavior\CheckLangBehavior [ RunTime:0.000152s ]
INFO: [ app_begin ] --END-- [ RunTime:0.000467s ]
NOTIC: [2048] Declaration of Admin\Controller\MemberController::_details() should be compatible with Admin\Controller\BaseController::_details($attr) /home/wwwroot/cpa88.com/Application/Admin/Controller/MemberController.class.php 第 5 行.
SQL: SHOW COLUMNS FROM `think_model` [ RunTime:0.0022s ]
SQL: SELECT * FROM `think_model` WHERE ( fid=0 and "show"=0 and status=0 and id in(1,2,3,4,5,6,7,8) )  [ RunTime:0.0010s ]
SQL: SELECT * FROM `think_model` WHERE `fid` = 1 AND `status` = 0 AND `show` = 0 ORDER BY sort asc  [ RunTime:0.0016s ]
SQL: SELECT * FROM `think_model` WHERE `fid` = 2 AND `status` = 0 AND `show` = 0 ORDER BY sort asc  [ RunTime:0.0011s ]
SQL: SELECT * FROM `think_model` WHERE `fid` = 3 AND `status` = 0 AND `show` = 0 ORDER BY sort asc  [ RunTime:0.0003s ]
SQL: SELECT * FROM `think_model` WHERE `fid` = 4 AND `status` = 0 AND `show` = 0 ORDER BY sort asc  [ RunTime:0.0003s ]
SQL: SELECT * FROM `think_model` WHERE `fid` = 5 AND `status` = 0 AND `show` = 0 ORDER BY sort asc  [ RunTime:0.0003s ]
SQL: SELECT * FROM `think_model` WHERE `fid` = 6 AND `status` = 0 AND `show` = 0 ORDER BY sort asc  [ RunTime:0.0003s ]
SQL: SELECT * FROM `think_model` WHERE `fid` = 7 AND `status` = 0 AND `show` = 0 ORDER BY sort asc  [ RunTime:0.0003s ]
SQL: SELECT * FROM `think_model` WHERE `fid` = 8 AND `status` = 0 AND `show` = 0 ORDER BY sort asc  [ RunTime:0.0003s ]
NOTIC: [8] Undefined index: status /home/wwwroot/cpa88.com/Application/Admin/Controller/MemberController.class.php 第 601 行.
NOTIC: [8] Undefined index: package /home/wwwroot/cpa88.com/Application/Admin/Controller/MemberController.class.php 第 629 行.
NOTIC: [8] Undefined index: pname /home/wwwroot/cpa88.com/Application/Admin/Controller/MemberController.class.php 第 630 行.
NOTIC: [8] Undefined variable: map /home/wwwroot/cpa88.com/Application/Admin/Controller/MemberController.class.php 第 632 行.
SQL: SHOW COLUMNS FROM `think_member` [ RunTime:0.0015s ]
SQL: SELECT COUNT(*) AS tp_count FROM `think_member` WHERE `status` = 0 LIMIT 1   [ RunTime:0.0004s ]
SQL: SELECT * FROM `think_member` WHERE `status` = 0 ORDER BY create_time desc LIMIT 0,10   [ RunTime:0.0005s ]
INFO: [ view_parse ] --START--
INFO: [ template_filter ] --START--
INFO: Run Behavior\ContentReplaceBehavior [ RunTime:0.000250s ]
INFO: [ template_filter ] --END-- [ RunTime:0.000347s ]
SQL: SHOW COLUMNS FROM `think_producted` [ RunTime:0.0021s ]
SQL: SELECT COUNT(*) AS tp_count FROM `think_producted` WHERE `mid` = 14 AND `status` = 0 LIMIT 1   [ RunTime:0.0003s ]
SQL: SELECT COUNT(*) AS tp_count FROM `think_producted` WHERE `mid` = 13 AND `status` = 0 LIMIT 1   [ RunTime:0.0003s ]
SQL: SELECT COUNT(*) AS tp_count FROM `think_producted` WHERE `mid` = 12 AND `status` = 0 LIMIT 1   [ RunTime:0.0003s ]
SQL: SELECT COUNT(*) AS tp_count FROM `think_producted` WHERE `mid` = 11 AND `status` = 0 LIMIT 1   [ RunTime:0.0003s ]
SQL: SELECT COUNT(*) AS tp_count FROM `think_producted` WHERE `mid` = 10 AND `status` = 0 LIMIT 1   [ RunTime:0.0002s ]
SQL: SELECT COUNT(*) AS tp_count FROM `think_producted` WHERE `mid` = 9 AND `status` = 0 LIMIT 1   [ RunTime:0.0002s ]
SQL: SELECT COUNT(*) AS tp_count FROM `think_producted` WHERE `mid` = 8 AND `status` = 0 LIMIT 1   [ RunTime:0.0002s ]
SQL: SELECT COUNT(*) AS tp_count FROM `think_producted` WHERE `mid` = 7 AND `status` = 0 LIMIT 1   [ RunTime:0.0003s ]
SQL: SELECT COUNT(*) AS tp_count FROM `think_producted` WHERE `mid` = 6 AND `status` = 0 LIMIT 1   [ RunTime:0.0003s ]
SQL: SELECT COUNT(*) AS tp_count FROM `think_producted` WHERE `mid` = 5 AND `status` = 0 LIMIT 1   [ RunTime:0.0003s ]
INFO: Run Behavior\ParseTemplateBehavior [ RunTime:0.027518s ]
INFO: [ view_parse ] --END-- [ RunTime:0.027613s ]
INFO: [ view_filter ] --START--
INFO: Run Behavior\WriteHtmlCacheBehavior [ RunTime:0.000214s ]
INFO: [ view_filter ] --END-- [ RunTime:0.000291s ]
INFO: [ app_end ] --START--
INFO: Run Behavior\ShowPageTraceBehavior [ RunTime:0.000262s ]
INFO: [ app_end ] --END-- [ RunTime:0.000327s ]

[ 2016-07-22T10:42:52+08:00 ] 114.218.19.170 /Admin/Member
INFO: [ app_init ] --START--
INFO: Run Behavior\BuildLiteBehavior [ RunTime:0.000032s ]
INFO: [ app_init ] --END-- [ RunTime:0.000306s ]
INFO: [ app_begin ] --START--
INFO: Run Behavior\ReadHtmlCacheBehavior [ RunTime:0.000207s ]
INFO: Run Behavior\CheckLangBehavior [ RunTime:0.000187s ]
INFO: [ app_begin ] --END-- [ RunTime:0.000553s ]
NOTIC: [2048] Declaration of Admin\Controller\MemberController::_details() should be compatible with Admin\Controller\BaseController::_details($attr) /home/wwwroot/cpa88.com/Application/Admin/Controller/MemberController.class.php 第 5 行.
SQL: SHOW COLUMNS FROM `think_model` [ RunTime:0.0023s ]
SQL: SELECT * FROM `think_model` WHERE ( fid=0 and "show"=0 and status=0 and id in(1,2,3,4,5,6,7,8) )  [ RunTime:0.0007s ]
SQL: SELECT * FROM `think_model` WHERE `fid` = 1 AND `status` = 0 AND `show` = 0 ORDER BY sort asc  [ RunTime:0.0004s ]
SQL: SELECT * FROM `think_model` WHERE `fid` = 2 AND `status` = 0 AND `show` = 0 ORDER BY sort asc  [ RunTime:0.0005s ]
SQL: SELECT * FROM `think_model` WHERE `fid` = 3 AND `status` = 0 AND `show` = 0 ORDER BY sort asc  [ RunTime:0.0004s ]
SQL: SELECT * FROM `think_model` WHERE `fid` = 4 AND `status` = 0 AND `show` = 0 ORDER BY sort asc  [ RunTime:0.0004s ]
SQL: SELECT * FROM `think_model` WHERE `fid` = 5 AND `status` = 0 AND `show` = 0 ORDER BY sort asc  [ RunTime:0.0005s ]
SQL: SELECT * FROM `think_model` WHERE `fid` = 6 AND `status` = 0 AND `show` = 0 ORDER BY sort asc  [ RunTime:0.0004s ]
SQL: SELECT * FROM `think_model` WHERE `fid` = 7 AND `status` = 0 AND `show` = 0 ORDER BY sort asc  [ RunTime:0.0010s ]
SQL: SELECT * FROM `think_model` WHERE `fid` = 8 AND `status` = 0 AND `show` = 0 ORDER BY sort asc  [ RunTime:0.0004s ]
NOTIC: [8] Undefined index: status /home/wwwroot/cpa88.com/Application/Admin/Controller/MemberController.class.php 第 601 行.
NOTIC: [8] Undefined index: package /home/wwwroot/cpa88.com/Application/Admin/Controller/MemberController.class.php 第 629 行.
NOTIC: [8] Undefined index: pname /home/wwwroot/cpa88.com/Application/Admin/Controller/MemberController.class.php 第 630 行.
NOTIC: [8] Undefined variable: map /home/wwwroot/cpa88.com/Application/Admin/Controller/MemberController.class.php 第 632 行.
SQL: SHOW COLUMNS FROM `think_member` [ RunTime:0.0022s ]
SQL: SELECT COUNT(*) AS tp_count FROM `think_member` WHERE `status` = 0 LIMIT 1   [ RunTime:0.0003s ]
SQL: SELECT * FROM `think_member` WHERE `status` = 0 ORDER BY create_time desc LIMIT 0,10   [ RunTime:0.0006s ]
INFO: [ view_parse ] --START--
INFO: [ template_filter ] --START--
INFO: Run Behavior\ContentReplaceBehavior [ RunTime:0.000273s ]
INFO: [ template_filter ] --END-- [ RunTime:0.000444s ]
SQL: SHOW COLUMNS FROM `think_producted` [ RunTime:0.0023s ]
SQL: SELECT COUNT(*) AS tp_count FROM `think_producted` WHERE `mid` = 14 AND `status` = 0 LIMIT 1   [ RunTime:0.0004s ]
SQL: SELECT COUNT(*) AS tp_count FROM `think_producted` WHERE `mid` = 13 AND `status` = 0 LIMIT 1   [ RunTime:0.0003s ]
SQL: SELECT COUNT(*) AS tp_count FROM `think_producted` WHERE `mid` = 12 AND `status` = 0 LIMIT 1   [ RunTime:0.0003s ]
SQL: SELECT COUNT(*) AS tp_count FROM `think_producted` WHERE `mid` = 11 AND `status` = 0 LIMIT 1   [ RunTime:0.0003s ]
SQL: SELECT COUNT(*) AS tp_count FROM `think_producted` WHERE `mid` = 10 AND `status` = 0 LIMIT 1   [ RunTime:0.0003s ]
SQL: SELECT COUNT(*) AS tp_count FROM `think_producted` WHERE `mid` = 9 AND `status` = 0 LIMIT 1   [ RunTime:0.0003s ]
SQL: SELECT COUNT(*) AS tp_count FROM `think_producted` WHERE `mid` = 8 AND `status` = 0 LIMIT 1   [ RunTime:0.0003s ]
SQL: SELECT COUNT(*) AS tp_count FROM `think_producted` WHERE `mid` = 7 AND `status` = 0 LIMIT 1   [ RunTime:0.0003s ]
SQL: SELECT COUNT(*) AS tp_count FROM `think_producted` WHERE `mid` = 6 AND `status` = 0 LIMIT 1   [ RunTime:0.0003s ]
SQL: SELECT COUNT(*) AS tp_count FROM `think_producted` WHERE `mid` = 5 AND `status` = 0 LIMIT 1   [ RunTime:0.0003s ]
INFO: Run Behavior\ParseTemplateBehavior [ RunTime:0.035396s ]
INFO: [ view_parse ] --END-- [ RunTime:0.035500s ]
INFO: [ view_filter ] --START--
INFO: Run Behavior\WriteHtmlCacheBehavior [ RunTime:0.000241s ]
INFO: [ view_filter ] --END-- [ RunTime:0.000322s ]
INFO: [ app_end ] --START--
INFO: Run Behavior\ShowPageTraceBehavior [ RunTime:0.000225s ]
INFO: [ app_end ] --END-- [ RunTime:0.000379s ]

[ 2016-07-22T10:42:52+08:00 ] 101.226.33.202 /admin/member
INFO: [ app_init ] --START--
INFO: Run Behavior\BuildLiteBehavior [ RunTime:0.000020s ]
INFO: [ app_init ] --END-- [ RunTime:0.000161s ]
INFO: [ app_begin ] --START--
INFO: Run Behavior\ReadHtmlCacheBehavior [ RunTime:0.000221s ]
INFO: Run Behavior\CheckLangBehavior [ RunTime:0.000207s ]
INFO: [ app_begin ] --END-- [ RunTime:0.000666s ]
NOTIC: [2048] Declaration of Admin\Controller\MemberController::_details() should be compatible with Admin\Controller\BaseController::_details($attr) /home/wwwroot/cpa88.com/Application/Admin/Controller/MemberController.class.php 第 5 行.

[ 2016-07-22T10:42:52+08:00 ] 101.226.33.202 /Admin/Login/index
INFO: [ app_init ] --START--
INFO: Run Behavior\BuildLiteBehavior [ RunTime:0.000022s ]
INFO: [ app_init ] --END-- [ RunTime:0.000252s ]
INFO: [ app_begin ] --START--
INFO: Run Behavior\ReadHtmlCacheBehavior [ RunTime:0.000228s ]
INFO: Run Behavior\CheckLangBehavior [ RunTime:0.000209s ]
INFO: [ app_begin ] --END-- [ RunTime:0.000625s ]
INFO: [ view_parse ] --START--
INFO: [ template_filter ] --START--
INFO: Run Behavior\ContentReplaceBehavior [ RunTime:0.000109s ]
INFO: [ template_filter ] --END-- [ RunTime:0.000266s ]
INFO: Run Behavior\ParseTemplateBehavior [ RunTime:0.005920s ]
INFO: [ view_parse ] --END-- [ RunTime:0.006062s ]
INFO: [ view_filter ] --START--
INFO: Run Behavior\WriteHtmlCacheBehavior [ RunTime:0.000209s ]
INFO: [ view_filter ] --END-- [ RunTime:0.000315s ]
INFO: [ app_end ] --START--
INFO: Run Behavior\ShowPageTraceBehavior [ RunTime:0.000198s ]
INFO: [ app_end ] --END-- [ RunTime:0.000289s ]

[ 2016-07-22T10:42:55+08:00 ] 114.218.19.170 /Admin/Member/see?mid=13
INFO: [ app_init ] --START--
INFO: Run Behavior\BuildLiteBehavior [ RunTime:0.000021s ]
INFO: [ app_init ] --END-- [ RunTime:0.000248s ]
INFO: [ app_begin ] --START--
INFO: Run Behavior\ReadHtmlCacheBehavior [ RunTime:0.000240s ]
INFO: Run Behavior\CheckLangBehavior [ RunTime:0.000146s ]
INFO: [ app_begin ] --END-- [ RunTime:0.000509s ]
NOTIC: [2048] Declaration of Admin\Controller\MemberController::_details() should be compatible with Admin\Controller\BaseController::_details($attr) /home/wwwroot/cpa88.com/Application/Admin/Controller/MemberController.class.php 第 5 行.
SQL: SHOW COLUMNS FROM `think_model` [ RunTime:0.0026s ]
SQL: SELECT * FROM `think_model` WHERE ( fid=0 and "show"=0 and status=0 and id in(1,2,3,4,5,6,7,8) )  [ RunTime:0.0006s ]
SQL: SELECT * FROM `think_model` WHERE `fid` = 1 AND `status` = 0 AND `show` = 0 ORDER BY sort asc  [ RunTime:0.0004s ]
SQL: SELECT * FROM `think_model` WHERE `fid` = 2 AND `status` = 0 AND `show` = 0 ORDER BY sort asc  [ RunTime:0.0004s ]
SQL: SELECT * FROM `think_model` WHERE `fid` = 3 AND `status` = 0 AND `show` = 0 ORDER BY sort asc  [ RunTime:0.0004s ]
SQL: SELECT * FROM `think_model` WHERE `fid` = 4 AND `status` = 0 AND `show` = 0 ORDER BY sort asc  [ RunTime:0.0004s ]
SQL: SELECT * FROM `think_model` WHERE `fid` = 5 AND `status` = 0 AND `show` = 0 ORDER BY sort asc  [ RunTime:0.0005s ]
SQL: SELECT * FROM `think_model` WHERE `fid` = 6 AND `status` = 0 AND `show` = 0 ORDER BY sort asc  [ RunTime:0.0004s ]
SQL: SELECT * FROM `think_model` WHERE `fid` = 7 AND `status` = 0 AND `show` = 0 ORDER BY sort asc  [ RunTime:0.0004s ]
SQL: SELECT * FROM `think_model` WHERE `fid` = 8 AND `status` = 0 AND `show` = 0 ORDER BY sort asc  [ RunTime:0.0005s ]
NOTIC: [8] Use of undefined constant intval - assumed 'intval' /home/wwwroot/cpa88.com/Application/Admin/Controller/MemberController.class.php 第 19 行.
SQL: SHOW COLUMNS FROM `think_member` [ RunTime:0.0022s ]
SQL: SELECT * FROM `think_member` WHERE `id` = 13 LIMIT 1   [ RunTime:0.0005s ]
SQL: SHOW COLUMNS FROM `think_payway` [ RunTime:0.0015s ]
SQL: SELECT * FROM `think_payway` WHERE `mid` = 13 AND `pay_default` = 1  [ RunTime:0.0004s ]
INFO: [ view_parse ] --START--
INFO: [ template_filter ] --START--
INFO: Run Behavior\ContentReplaceBehavior [ RunTime:0.000317s ]
INFO: [ template_filter ] --END-- [ RunTime:0.000456s ]
SQL: SHOW COLUMNS FROM `think_producted` [ RunTime:0.0029s ]
SQL: SELECT COUNT(*) AS tp_count FROM `think_producted` WHERE `mid` = 13 AND `status` = 0 LIMIT 1   [ RunTime:0.0004s ]
INFO: Run Behavior\ParseTemplateBehavior [ RunTime:0.039628s ]
INFO: [ view_parse ] --END-- [ RunTime:0.039748s ]
INFO: [ view_filter ] --START--
INFO: Run Behavior\WriteHtmlCacheBehavior [ RunTime:0.000314s ]
INFO: [ view_filter ] --END-- [ RunTime:0.000418s ]
INFO: [ app_end ] --START--
INFO: Run Behavior\ShowPageTraceBehavior [ RunTime:0.000267s ]
INFO: [ app_end ] --END-- [ RunTime:0.000375s ]

[ 2016-07-22T10:43:29+08:00 ] 114.218.19.170 /Admin/Product
INFO: [ app_init ] --START--
INFO: Run Behavior\BuildLiteBehavior [ RunTime:0.000061s ]
INFO: [ app_init ] --END-- [ RunTime:0.000496s ]
INFO: [ app_begin ] --START--
INFO: Run Behavior\ReadHtmlCacheBehavior [ RunTime:0.000278s ]
INFO: Run Behavior\CheckLangBehavior [ RunTime:0.000281s ]
INFO: [ app_begin ] --END-- [ RunTime:0.000804s ]
SQL: SHOW COLUMNS FROM `think_model` [ RunTime:0.0028s ]
SQL: SELECT * FROM `think_model` WHERE ( fid=0 and "show"=0 and status=0 and id in(1,2,3,4,5,6,7,8) )  [ RunTime:0.0007s ]
SQL: SELECT * FROM `think_model` WHERE `fid` = 1 AND `status` = 0 AND `show` = 0 ORDER BY sort asc  [ RunTime:0.0003s ]
SQL: SELECT * FROM `think_model` WHERE `fid` = 2 AND `status` = 0 AND `show` = 0 ORDER BY sort asc  [ RunTime:0.0003s ]
SQL: SELECT * FROM `think_model` WHERE `fid` = 3 AND `status` = 0 AND `show` = 0 ORDER BY sort asc  [ RunTime:0.0002s ]
SQL: SELECT * FROM `think_model` WHERE `fid` = 4 AND `status` = 0 AND `show` = 0 ORDER BY sort asc  [ RunTime:0.0003s ]
SQL: SELECT * FROM `think_model` WHERE `fid` = 5 AND `status` = 0 AND `show` = 0 ORDER BY sort asc  [ RunTime:0.0003s ]
SQL: SELECT * FROM `think_model` WHERE `fid` = 6 AND `status` = 0 AND `show` = 0 ORDER BY sort asc  [ RunTime:0.0002s ]
SQL: SELECT * FROM `think_model` WHERE `fid` = 7 AND `status` = 0 AND `show` = 0 ORDER BY sort asc  [ RunTime:0.0003s ]
SQL: SELECT * FROM `think_model` WHERE `fid` = 8 AND `status` = 0 AND `show` = 0 ORDER BY sort asc  [ RunTime:0.0005s ]
NOTIC: [8] Undefined index: status /home/wwwroot/cpa88.com/Application/Admin/Controller/BaseController.class.php 第 260 行.
SQL: SHOW COLUMNS FROM `think_product` [ RunTime:0.0014s ]
SQL: SELECT COUNT(*) AS tp_count FROM `think_product` LIMIT 1   [ RunTime:0.0003s ]
SQL: SELECT * FROM `think_product` ORDER BY sort asc,status asc LIMIT 0,10   [ RunTime:0.0010s ]
SQL: SHOW COLUMNS FROM `think_column` [ RunTime:0.0012s ]
SQL: SELECT `id`,`title` FROM `think_column` WHERE ( fid=0 and id!=3 )  [ RunTime:0.0004s ]
INFO: [ view_parse ] --START--
INFO: [ template_filter ] --START--
INFO: Run Behavior\ContentReplaceBehavior [ RunTime:0.000190s ]
INFO: [ template_filter ] --END-- [ RunTime:0.000276s ]
INFO: Run Behavior\ParseTemplateBehavior [ RunTime:0.014783s ]
INFO: [ view_parse ] --END-- [ RunTime:0.014880s ]
INFO: [ view_filter ] --START--
INFO: Run Behavior\WriteHtmlCacheBehavior [ RunTime:0.000142s ]
INFO: [ view_filter ] --END-- [ RunTime:0.000186s ]
INFO: [ app_end ] --START--
INFO: Run Behavior\ShowPageTraceBehavior [ RunTime:0.000274s ]
INFO: [ app_end ] --END-- [ RunTime:0.000353s ]

[ 2016-07-22T10:43:30+08:00 ] 180.153.206.25 /admin/product
INFO: [ app_init ] --START--
INFO: Run Behavior\BuildLiteBehavior [ RunTime:0.000037s ]
INFO: [ app_init ] --END-- [ RunTime:0.000309s ]
INFO: [ app_begin ] --START--
INFO: Run Behavior\ReadHtmlCacheBehavior [ RunTime:0.000131s ]
INFO: Run Behavior\CheckLangBehavior [ RunTime:0.000115s ]
INFO: [ app_begin ] --END-- [ RunTime:0.000346s ]

[ 2016-07-22T10:43:30+08:00 ] 180.153.206.25 /Admin/Login/index
INFO: [ app_init ] --START--
INFO: Run Behavior\BuildLiteBehavior [ RunTime:0.000025s ]
INFO: [ app_init ] --END-- [ RunTime:0.000213s ]
INFO: [ app_begin ] --START--
INFO: Run Behavior\ReadHtmlCacheBehavior [ RunTime:0.000163s ]
INFO: Run Behavior\CheckLangBehavior [ RunTime:0.000150s ]
INFO: [ app_begin ] --END-- [ RunTime:0.000452s ]
INFO: [ view_parse ] --START--
INFO: [ template_filter ] --START--
INFO: Run Behavior\ContentReplaceBehavior [ RunTime:0.000125s ]
INFO: [ template_filter ] --END-- [ RunTime:0.000258s ]
INFO: Run Behavior\ParseTemplateBehavior [ RunTime:0.005347s ]
INFO: [ view_parse ] --END-- [ RunTime:0.005457s ]
INFO: [ view_filter ] --START--
INFO: Run Behavior\WriteHtmlCacheBehavior [ RunTime:0.000163s ]
INFO: [ view_filter ] --END-- [ RunTime:0.000246s ]
INFO: [ app_end ] --START--
INFO: Run Behavior\ShowPageTraceBehavior [ RunTime:0.000215s ]
INFO: [ app_end ] --END-- [ RunTime:0.000293s ]

[ 2016-07-22T10:43:30+08:00 ] 114.218.19.170 /Admin/Member
INFO: [ app_init ] --START--
INFO: Run Behavior\BuildLiteBehavior [ RunTime:0.000030s ]
INFO: [ app_init ] --END-- [ RunTime:0.000314s ]
INFO: [ app_begin ] --START--
INFO: Run Behavior\ReadHtmlCacheBehavior [ RunTime:0.000294s ]
INFO: Run Behavior\CheckLangBehavior [ RunTime:0.000202s ]
INFO: [ app_begin ] --END-- [ RunTime:0.000656s ]
NOTIC: [2048] Declaration of Admin\Controller\MemberController::_details() should be compatible with Admin\Controller\BaseController::_details($attr) /home/wwwroot/cpa88.com/Application/Admin/Controller/MemberController.class.php 第 5 行.
SQL: SHOW COLUMNS FROM `think_model` [ RunTime:0.0022s ]
SQL: SELECT * FROM `think_model` WHERE ( fid=0 and "show"=0 and status=0 and id in(1,2,3,4,5,6,7,8) )  [ RunTime:0.0005s ]
SQL: SELECT * FROM `think_model` WHERE `fid` = 1 AND `status` = 0 AND `show` = 0 ORDER BY sort asc  [ RunTime:0.0003s ]
SQL: SELECT * FROM `think_model` WHERE `fid` = 2 AND `status` = 0 AND `show` = 0 ORDER BY sort asc  [ RunTime:0.0004s ]
SQL: SELECT * FROM `think_model` WHERE `fid` = 3 AND `status` = 0 AND `show` = 0 ORDER BY sort asc  [ RunTime:0.0003s ]
SQL: SELECT * FROM `think_model` WHERE `fid` = 4 AND `status` = 0 AND `show` = 0 ORDER BY sort asc  [ RunTime:0.0003s ]
SQL: SELECT * FROM `think_model` WHERE `fid` = 5 AND `status` = 0 AND `show` = 0 ORDER BY sort asc  [ RunTime:0.0003s ]
SQL: SELECT * FROM `think_model` WHERE `fid` = 6 AND `status` = 0 AND `show` = 0 ORDER BY sort asc  [ RunTime:0.0004s ]
SQL: SELECT * FROM `think_model` WHERE `fid` = 7 AND `status` = 0 AND `show` = 0 ORDER BY sort asc  [ RunTime:0.0002s ]
SQL: SELECT * FROM `think_model` WHERE `fid` = 8 AND `status` = 0 AND `show` = 0 ORDER BY sort asc  [ RunTime:0.0003s ]
NOTIC: [8] Undefined index: status /home/wwwroot/cpa88.com/Application/Admin/Controller/MemberController.class.php 第 601 行.
NOTIC: [8] Undefined index: package /home/wwwroot/cpa88.com/Application/Admin/Controller/MemberController.class.php 第 629 行.
NOTIC: [8] Undefined index: pname /home/wwwroot/cpa88.com/Application/Admin/Controller/MemberController.class.php 第 630 行.
NOTIC: [8] Undefined variable: map /home/wwwroot/cpa88.com/Application/Admin/Controller/MemberController.class.php 第 632 行.
SQL: SHOW COLUMNS FROM `think_member` [ RunTime:0.0010s ]
SQL: SELECT COUNT(*) AS tp_count FROM `think_member` WHERE `status` = 0 LIMIT 1   [ RunTime:0.0002s ]
SQL: SELECT * FROM `think_member` WHERE `status` = 0 ORDER BY create_time desc LIMIT 0,10   [ RunTime:0.0004s ]
INFO: [ view_parse ] --START--
INFO: [ template_filter ] --START--
INFO: Run Behavior\ContentReplaceBehavior [ RunTime:0.000133s ]
INFO: [ template_filter ] --END-- [ RunTime:0.000198s ]
SQL: SHOW COLUMNS FROM `think_producted` [ RunTime:0.0011s ]
SQL: SELECT COUNT(*) AS tp_count FROM `think_producted` WHERE `mid` = 14 AND `status` = 0 LIMIT 1   [ RunTime:0.0003s ]
SQL: SELECT COUNT(*) AS tp_count FROM `think_producted` WHERE `mid` = 13 AND `status` = 0 LIMIT 1   [ RunTime:0.0002s ]
SQL: SELECT COUNT(*) AS tp_count FROM `think_producted` WHERE `mid` = 12 AND `status` = 0 LIMIT 1   [ RunTime:0.0002s ]
SQL: SELECT COUNT(*) AS tp_count FROM `think_producted` WHERE `mid` = 11 AND `status` = 0 LIMIT 1   [ RunTime:0.0002s ]
SQL: SELECT COUNT(*) AS tp_count FROM `think_producted` WHERE `mid` = 10 AND `status` = 0 LIMIT 1   [ RunTime:0.0003s ]
SQL: SELECT COUNT(*) AS tp_count FROM `think_producted` WHERE `mid` = 9 AND `status` = 0 LIMIT 1   [ RunTime:0.0002s ]
SQL: SELECT COUNT(*) AS tp_count FROM `think_producted` WHERE `mid` = 8 AND `status` = 0 LIMIT 1   [ RunTime:0.0002s ]
SQL: SELECT COUNT(*) AS tp_count FROM `think_producted` WHERE `mid` = 7 AND `status` = 0 LIMIT 1   [ RunTime:0.0002s ]
SQL: SELECT COUNT(*) AS tp_count FROM `think_producted` WHERE `mid` = 6 AND `status` = 0 LIMIT 1   [ RunTime:0.0010s ]
SQL: SELECT COUNT(*) AS tp_count FROM `think_producted` WHERE `mid` = 5 AND `status` = 0 LIMIT 1   [ RunTime:0.0003s ]
INFO: Run Behavior\ParseTemplateBehavior [ RunTime:0.019350s ]
INFO: [ view_parse ] --END-- [ RunTime:0.019434s ]
INFO: [ view_filter ] --START--
INFO: Run Behavior\WriteHtmlCacheBehavior [ RunTime:0.000242s ]
INFO: [ view_filter ] --END-- [ RunTime:0.000385s ]
INFO: [ app_end ] --START--
INFO: Run Behavior\ShowPageTraceBehavior [ RunTime:0.000220s ]
INFO: [ app_end ] --END-- [ RunTime:0.000363s ]

[ 2016-07-22T10:43:34+08:00 ] 114.218.19.170 /Admin/Member/see?mid=12
INFO: [ app_init ] --START--
INFO: Run Behavior\BuildLiteBehavior [ RunTime:0.000030s ]
INFO: [ app_init ] --END-- [ RunTime:0.000216s ]
INFO: [ app_begin ] --START--
INFO: Run Behavior\ReadHtmlCacheBehavior [ RunTime:0.000428s ]
INFO: Run Behavior\CheckLangBehavior [ RunTime:0.000253s ]
INFO: [ app_begin ] --END-- [ RunTime:0.000851s ]
NOTIC: [2048] Declaration of Admin\Controller\MemberController::_details() should be compatible with Admin\Controller\BaseController::_details($attr) /home/wwwroot/cpa88.com/Application/Admin/Controller/MemberController.class.php 第 5 行.
SQL: SHOW COLUMNS FROM `think_model` [ RunTime:0.0028s ]
SQL: SELECT * FROM `think_model` WHERE ( fid=0 and "show"=0 and status=0 and id in(1,2,3,4,5,6,7,8) )  [ RunTime:0.0007s ]
SQL: SELECT * FROM `think_model` WHERE `fid` = 1 AND `status` = 0 AND `show` = 0 ORDER BY sort asc  [ RunTime:0.0006s ]
SQL: SELECT * FROM `think_model` WHERE `fid` = 2 AND `status` = 0 AND `show` = 0 ORDER BY sort asc  [ RunTime:0.0005s ]
SQL: SELECT * FROM `think_model` WHERE `fid` = 3 AND `status` = 0 AND `show` = 0 ORDER BY sort asc  [ RunTime:0.0004s ]
SQL: SELECT * FROM `think_model` WHERE `fid` = 4 AND `status` = 0 AND `show` = 0 ORDER BY sort asc  [ RunTime:0.0004s ]
SQL: SELECT * FROM `think_model` WHERE `fid` = 5 AND `status` = 0 AND `show` = 0 ORDER BY sort asc  [ RunTime:0.0004s ]
SQL: SELECT * FROM `think_model` WHERE `fid` = 6 AND `status` = 0 AND `show` = 0 ORDER BY sort asc  [ RunTime:0.0004s ]
SQL: SELECT * FROM `think_model` WHERE `fid` = 7 AND `status` = 0 AND `show` = 0 ORDER BY sort asc  [ RunTime:0.0004s ]
SQL: SELECT * FROM `think_model` WHERE `fid` = 8 AND `status` = 0 AND `show` = 0 ORDER BY sort asc  [ RunTime:0.0004s ]
NOTIC: [8] Use of undefined constant intval - assumed 'intval' /home/wwwroot/cpa88.com/Application/Admin/Controller/MemberController.class.php 第 19 行.
SQL: SHOW COLUMNS FROM `think_member` [ RunTime:0.0022s ]
SQL: SELECT * FROM `think_member` WHERE `id` = 12 LIMIT 1   [ RunTime:0.0005s ]
SQL: SHOW COLUMNS FROM `think_payway` [ RunTime:0.0013s ]
SQL: SELECT * FROM `think_payway` WHERE `mid` = 12 AND `pay_default` = 1  [ RunTime:0.0005s ]
INFO: [ view_parse ] --START--
INFO: [ template_filter ] --START--
INFO: Run Behavior\ContentReplaceBehavior [ RunTime:0.000335s ]
INFO: [ template_filter ] --END-- [ RunTime:0.000472s ]
SQL: SHOW COLUMNS FROM `think_producted` [ RunTime:0.0028s ]
SQL: SELECT COUNT(*) AS tp_count FROM `think_producted` WHERE `mid` = 12 AND `status` = 0 LIMIT 1   [ RunTime:0.0004s ]
INFO: Run Behavior\ParseTemplateBehavior [ RunTime:0.037898s ]
INFO: [ view_parse ] --END-- [ RunTime:0.038014s ]
INFO: [ view_filter ] --START--
INFO: Run Behavior\WriteHtmlCacheBehavior [ RunTime:0.000263s ]
INFO: [ view_filter ] --END-- [ RunTime:0.000407s ]
INFO: [ app_end ] --START--
INFO: Run Behavior\ShowPageTraceBehavior [ RunTime:0.000233s ]
INFO: [ app_end ] --END-- [ RunTime:0.000331s ]

[ 2016-07-22T16:21:31+08:00 ] 114.218.19.170 /Admin/Login/index
INFO: [ app_init ] --START--
INFO: Run Behavior\BuildLiteBehavior [ RunTime:0.000022s ]
INFO: [ app_init ] --END-- [ RunTime:0.000183s ]
INFO: [ app_begin ] --START--
INFO: Run Behavior\ReadHtmlCacheBehavior [ RunTime:0.000197s ]
INFO: Run Behavior\CheckLangBehavior [ RunTime:0.000139s ]
INFO: [ app_begin ] --END-- [ RunTime:0.000453s ]
INFO: [ view_parse ] --START--
INFO: [ template_filter ] --START--
INFO: Run Behavior\ContentReplaceBehavior [ RunTime:0.000214s ]
INFO: [ template_filter ] --END-- [ RunTime:0.000409s ]
INFO: Run Behavior\ParseTemplateBehavior [ RunTime:0.004681s ]
INFO: [ view_parse ] --END-- [ RunTime:0.004786s ]
INFO: [ view_filter ] --START--
INFO: Run Behavior\WriteHtmlCacheBehavior [ RunTime:0.000157s ]
INFO: [ view_filter ] --END-- [ RunTime:0.000218s ]
INFO: [ app_end ] --START--
INFO: Run Behavior\ShowPageTraceBehavior [ RunTime:0.000148s ]
INFO: [ app_end ] --END-- [ RunTime:0.000201s ]

[ 2016-07-22T16:21:37+08:00 ] 114.218.19.170 /Admin/public/login
INFO: [ app_init ] --START--
INFO: Run Behavior\BuildLiteBehavior [ RunTime:0.000035s ]
INFO: [ app_init ] --END-- [ RunTime:0.000800s ]
INFO: [ app_begin ] --START--
INFO: Run Behavior\ReadHtmlCacheBehavior [ RunTime:0.000225s ]
INFO: Run Behavior\CheckLangBehavior [ RunTime:0.000340s ]
INFO: [ app_begin ] --END-- [ RunTime:0.000759s ]
SQL: SHOW COLUMNS FROM `think_admin` [ RunTime:0.0028s ]
SQL: SELECT * FROM `think_admin` WHERE `username` = '二少' LIMIT 1   [ RunTime:0.0005s ]
NOTIC: [8] Use of undefined constant intval - assumed 'intval' /home/wwwroot/cpa88.com/Application/Admin/Controller/PublicController.class.php 第 37 行.
SQL: UPDATE `think_admin` SET `last_date`='1469175697',`last_ip`='114.218.19.170' WHERE `id` = 6 [ RunTime:0.0012s ]
NOTIC: [8] Undefined index: logintime /home/wwwroot/cpa88.com/Application/Admin/Controller/PublicController.class.php 第 58 行.
NOTIC: [8] Undefined index: loginip /home/wwwroot/cpa88.com/Application/Admin/Controller/PublicController.class.php 第 59 行.

[ 2016-07-22T16:21:37+08:00 ] 114.218.19.170 /Admin/Index/index
INFO: [ app_init ] --START--
INFO: Run Behavior\BuildLiteBehavior [ RunTime:0.000028s ]
INFO: [ app_init ] --END-- [ RunTime:0.000234s ]
INFO: [ app_begin ] --START--
INFO: Run Behavior\ReadHtmlCacheBehavior [ RunTime:0.000344s ]
INFO: Run Behavior\CheckLangBehavior [ RunTime:0.000196s ]
INFO: [ app_begin ] --END-- [ RunTime:0.000713s ]
SQL: SHOW COLUMNS FROM `think_model` [ RunTime:0.0021s ]
SQL: SELECT * FROM `think_model` WHERE ( fid=0 and "show"=0 and status=0 and id in(1,2,3,4,5,6,7,8) )  [ RunTime:0.0007s ]
SQL: SELECT * FROM `think_model` WHERE `fid` = 1 AND `status` = 0 AND `show` = 0 ORDER BY sort asc  [ RunTime:0.0004s ]
SQL: SELECT * FROM `think_model` WHERE `fid` = 2 AND `status` = 0 AND `show` = 0 ORDER BY sort asc  [ RunTime:0.0004s ]
SQL: SELECT * FROM `think_model` WHERE `fid` = 3 AND `status` = 0 AND `show` = 0 ORDER BY sort asc  [ RunTime:0.0004s ]
SQL: SELECT * FROM `think_model` WHERE `fid` = 4 AND `status` = 0 AND `show` = 0 ORDER BY sort asc  [ RunTime:0.0004s ]
SQL: SELECT * FROM `think_model` WHERE `fid` = 5 AND `status` = 0 AND `show` = 0 ORDER BY sort asc  [ RunTime:0.0004s ]
SQL: SELECT * FROM `think_model` WHERE `fid` = 6 AND `status` = 0 AND `show` = 0 ORDER BY sort asc  [ RunTime:0.0004s ]
SQL: SELECT * FROM `think_model` WHERE `fid` = 7 AND `status` = 0 AND `show` = 0 ORDER BY sort asc  [ RunTime:0.0004s ]
SQL: SELECT * FROM `think_model` WHERE `fid` = 8 AND `status` = 0 AND `show` = 0 ORDER BY sort asc  [ RunTime:0.0004s ]
SQL: SHOW COLUMNS FROM `think_article` [ RunTime:0.0023s ]
SQL: SELECT COUNT(*) AS tp_count FROM `think_article` LIMIT 1   [ RunTime:0.0003s ]
SQL: SELECT * FROM `think_article` ORDER BY create_time desc,id desc LIMIT 0,1   [ RunTime:0.0008s ]
SQL: SHOW COLUMNS FROM `think_column` [ RunTime:0.0019s ]
SQL: SELECT COUNT(*) AS tp_count FROM `think_column` WHERE ( fid=0 ) LIMIT 1   [ RunTime:0.0003s ]

[ 2016-07-22T16:21:37+08:00 ] 114.218.19.170 /Admin/Member/index
INFO: [ app_init ] --START--
INFO: Run Behavior\BuildLiteBehavior [ RunTime:0.000027s ]
INFO: [ app_init ] --END-- [ RunTime:0.000218s ]
INFO: [ app_begin ] --START--
INFO: Run Behavior\ReadHtmlCacheBehavior [ RunTime:0.000151s ]
INFO: Run Behavior\CheckLangBehavior [ RunTime:0.000141s ]
INFO: [ app_begin ] --END-- [ RunTime:0.000429s ]
NOTIC: [2048] Declaration of Admin\Controller\MemberController::_details() should be compatible with Admin\Controller\BaseController::_details($attr) /home/wwwroot/cpa88.com/Application/Admin/Controller/MemberController.class.php 第 5 行.
SQL: SHOW COLUMNS FROM `think_model` [ RunTime:0.0017s ]
SQL: SELECT * FROM `think_model` WHERE ( fid=0 and "show"=0 and status=0 and id in(1,2,3,4,5,6,7,8) )  [ RunTime:0.0006s ]
SQL: SELECT * FROM `think_model` WHERE `fid` = 1 AND `status` = 0 AND `show` = 0 ORDER BY sort asc  [ RunTime:0.0004s ]
SQL: SELECT * FROM `think_model` WHERE `fid` = 2 AND `status` = 0 AND `show` = 0 ORDER BY sort asc  [ RunTime:0.0004s ]
SQL: SELECT * FROM `think_model` WHERE `fid` = 3 AND `status` = 0 AND `show` = 0 ORDER BY sort asc  [ RunTime:0.0004s ]
SQL: SELECT * FROM `think_model` WHERE `fid` = 4 AND `status` = 0 AND `show` = 0 ORDER BY sort asc  [ RunTime:0.0004s ]
SQL: SELECT * FROM `think_model` WHERE `fid` = 5 AND `status` = 0 AND `show` = 0 ORDER BY sort asc  [ RunTime:0.0004s ]
SQL: SELECT * FROM `think_model` WHERE `fid` = 6 AND `status` = 0 AND `show` = 0 ORDER BY sort asc  [ RunTime:0.0003s ]
SQL: SELECT * FROM `think_model` WHERE `fid` = 7 AND `status` = 0 AND `show` = 0 ORDER BY sort asc  [ RunTime:0.0004s ]
SQL: SELECT * FROM `think_model` WHERE `fid` = 8 AND `status` = 0 AND `show` = 0 ORDER BY sort asc  [ RunTime:0.0004s ]
NOTIC: [8] Undefined index: status /home/wwwroot/cpa88.com/Application/Admin/Controller/MemberController.class.php 第 601 行.
NOTIC: [8] Undefined index: package /home/wwwroot/cpa88.com/Application/Admin/Controller/MemberController.class.php 第 629 行.
NOTIC: [8] Undefined index: pname /home/wwwroot/cpa88.com/Application/Admin/Controller/MemberController.class.php 第 630 行.
NOTIC: [8] Undefined variable: map /home/wwwroot/cpa88.com/Application/Admin/Controller/MemberController.class.php 第 632 行.
SQL: SHOW COLUMNS FROM `think_member` [ RunTime:0.0019s ]
SQL: SELECT COUNT(*) AS tp_count FROM `think_member` WHERE `status` = 0 LIMIT 1   [ RunTime:0.0004s ]
SQL: SELECT * FROM `think_member` WHERE `status` = 0 ORDER BY create_time desc LIMIT 0,10   [ RunTime:0.0006s ]
INFO: [ view_parse ] --START--
INFO: [ template_filter ] --START--
INFO: Run Behavior\ContentReplaceBehavior [ RunTime:0.000246s ]
INFO: [ template_filter ] --END-- [ RunTime:0.000370s ]
SQL: SHOW COLUMNS FROM `think_producted` [ RunTime:0.0020s ]
SQL: SELECT COUNT(*) AS tp_count FROM `think_producted` WHERE `mid` = 14 AND `status` = 0 LIMIT 1   [ RunTime:0.0003s ]
SQL: SELECT COUNT(*) AS tp_count FROM `think_producted` WHERE `mid` = 13 AND `status` = 0 LIMIT 1   [ RunTime:0.0002s ]
SQL: SELECT COUNT(*) AS tp_count FROM `think_producted` WHERE `mid` = 12 AND `status` = 0 LIMIT 1   [ RunTime:0.0003s ]
SQL: SELECT COUNT(*) AS tp_count FROM `think_producted` WHERE `mid` = 11 AND `status` = 0 LIMIT 1   [ RunTime:0.0002s ]
SQL: SELECT COUNT(*) AS tp_count FROM `think_producted` WHERE `mid` = 10 AND `status` = 0 LIMIT 1   [ RunTime:0.0003s ]
SQL: SELECT COUNT(*) AS tp_count FROM `think_producted` WHERE `mid` = 9 AND `status` = 0 LIMIT 1   [ RunTime:0.0003s ]
SQL: SELECT COUNT(*) AS tp_count FROM `think_producted` WHERE `mid` = 8 AND `status` = 0 LIMIT 1   [ RunTime:0.0003s ]
SQL: SELECT COUNT(*) AS tp_count FROM `think_producted` WHERE `mid` = 7 AND `status` = 0 LIMIT 1   [ RunTime:0.0003s ]
SQL: SELECT COUNT(*) AS tp_count FROM `think_producted` WHERE `mid` = 6 AND `status` = 0 LIMIT 1   [ RunTime:0.0002s ]
SQL: SELECT COUNT(*) AS tp_count FROM `think_producted` WHERE `mid` = 5 AND `status` = 0 LIMIT 1   [ RunTime:0.0003s ]
INFO: Run Behavior\ParseTemplateBehavior [ RunTime:0.029367s ]
INFO: [ view_parse ] --END-- [ RunTime:0.029466s ]
INFO: [ view_filter ] --START--
INFO: Run Behavior\WriteHtmlCacheBehavior [ RunTime:0.000438s ]
INFO: [ view_filter ] --END-- [ RunTime:0.000512s ]
INFO: [ app_end ] --START--
INFO: Run Behavior\ShowPageTraceBehavior [ RunTime:0.000137s ]
INFO: [ app_end ] --END-- [ RunTime:0.000212s ]

[ 2016-07-22T16:21:44+08:00 ] 114.218.19.170 /Admin/Member/see?mid=11
INFO: [ app_init ] --START--
INFO: Run Behavior\BuildLiteBehavior [ RunTime:0.000035s ]
INFO: [ app_init ] --END-- [ RunTime:0.000224s ]
INFO: [ app_begin ] --START--
INFO: Run Behavior\ReadHtmlCacheBehavior [ RunTime:0.000203s ]
INFO: Run Behavior\CheckLangBehavior [ RunTime:0.000309s ]
INFO: [ app_begin ] --END-- [ RunTime:0.000650s ]
NOTIC: [2048] Declaration of Admin\Controller\MemberController::_details() should be compatible with Admin\Controller\BaseController::_details($attr) /home/wwwroot/cpa88.com/Application/Admin/Controller/MemberController.class.php 第 5 行.
SQL: SHOW COLUMNS FROM `think_model` [ RunTime:0.0021s ]
SQL: SELECT * FROM `think_model` WHERE ( fid=0 and "show"=0 and status=0 and id in(1,2,3,4,5,6,7,8) )  [ RunTime:0.0007s ]
SQL: SELECT * FROM `think_model` WHERE `fid` = 1 AND `status` = 0 AND `show` = 0 ORDER BY sort asc  [ RunTime:0.0004s ]
SQL: SELECT * FROM `think_model` WHERE `fid` = 2 AND `status` = 0 AND `show` = 0 ORDER BY sort asc  [ RunTime:0.0004s ]
SQL: SELECT * FROM `think_model` WHERE `fid` = 3 AND `status` = 0 AND `show` = 0 ORDER BY sort asc  [ RunTime:0.0004s ]
SQL: SELECT * FROM `think_model` WHERE `fid` = 4 AND `status` = 0 AND `show` = 0 ORDER BY sort asc  [ RunTime:0.0004s ]
SQL: SELECT * FROM `think_model` WHERE `fid` = 5 AND `status` = 0 AND `show` = 0 ORDER BY sort asc  [ RunTime:0.0004s ]
SQL: SELECT * FROM `think_model` WHERE `fid` = 6 AND `status` = 0 AND `show` = 0 ORDER BY sort asc  [ RunTime:0.0004s ]
SQL: SELECT * FROM `think_model` WHERE `fid` = 7 AND `status` = 0 AND `show` = 0 ORDER BY sort asc  [ RunTime:0.0004s ]
SQL: SELECT * FROM `think_model` WHERE `fid` = 8 AND `status` = 0 AND `show` = 0 ORDER BY sort asc  [ RunTime:0.0004s ]
NOTIC: [8] Use of undefined constant intval - assumed 'intval' /home/wwwroot/cpa88.com/Application/Admin/Controller/MemberController.class.php 第 19 行.
SQL: SHOW COLUMNS FROM `think_member` [ RunTime:0.0020s ]
SQL: SELECT * FROM `think_member` WHERE `id` = 11 LIMIT 1   [ RunTime:0.0004s ]
SQL: SHOW COLUMNS FROM `think_payway` [ RunTime:0.0012s ]
SQL: SELECT * FROM `think_payway` WHERE `mid` = 11 AND `pay_default` = 1  [ RunTime:0.0003s ]
INFO: [ view_parse ] --START--
INFO: [ template_filter ] --START--
INFO: Run Behavior\ContentReplaceBehavior [ RunTime:0.000377s ]
INFO: [ template_filter ] --END-- [ RunTime:0.000504s ]
SQL: SHOW COLUMNS FROM `think_producted` [ RunTime:0.0022s ]
SQL: SELECT COUNT(*) AS tp_count FROM `think_producted` WHERE `mid` = 11 AND `status` = 0 LIMIT 1   [ RunTime:0.0003s ]
INFO: Run Behavior\ParseTemplateBehavior [ RunTime:0.034808s ]
INFO: [ view_parse ] --END-- [ RunTime:0.034878s ]
INFO: [ view_filter ] --START--
INFO: Run Behavior\WriteHtmlCacheBehavior [ RunTime:0.000149s ]
INFO: [ view_filter ] --END-- [ RunTime:0.000202s ]
INFO: [ app_end ] --START--
INFO: Run Behavior\ShowPageTraceBehavior [ RunTime:0.000250s ]
INFO: [ app_end ] --END-- [ RunTime:0.000336s ]

[ 2016-07-22T16:23:11+08:00 ] 114.218.19.170 /Admin/Member/add?mid=11
INFO: [ app_init ] --START--
INFO: Run Behavior\BuildLiteBehavior [ RunTime:0.000047s ]
INFO: [ app_init ] --END-- [ RunTime:0.000322s ]
INFO: [ app_begin ] --START--
INFO: Run Behavior\ReadHtmlCacheBehavior [ RunTime:0.000416s ]
INFO: Run Behavior\CheckLangBehavior [ RunTime:0.000312s ]
INFO: [ app_begin ] --END-- [ RunTime:0.000928s ]
NOTIC: [2048] Declaration of Admin\Controller\MemberController::_details() should be compatible with Admin\Controller\BaseController::_details($attr) /home/wwwroot/cpa88.com/Application/Admin/Controller/MemberController.class.php 第 5 行.
SQL: SHOW COLUMNS FROM `think_model` [ RunTime:0.0036s ]
SQL: SELECT * FROM `think_model` WHERE ( fid=0 and "show"=0 and status=0 and id in(1,2,3,4,5,6,7,8) )  [ RunTime:0.0009s ]
SQL: SELECT * FROM `think_model` WHERE `fid` = 1 AND `status` = 0 AND `show` = 0 ORDER BY sort asc  [ RunTime:0.0004s ]
SQL: SELECT * FROM `think_model` WHERE `fid` = 2 AND `status` = 0 AND `show` = 0 ORDER BY sort asc  [ RunTime:0.0004s ]
SQL: SELECT * FROM `think_model` WHERE `fid` = 3 AND `status` = 0 AND `show` = 0 ORDER BY sort asc  [ RunTime:0.0005s ]
SQL: SELECT * FROM `think_model` WHERE `fid` = 4 AND `status` = 0 AND `show` = 0 ORDER BY sort asc  [ RunTime:0.0004s ]
SQL: SELECT * FROM `think_model` WHERE `fid` = 5 AND `status` = 0 AND `show` = 0 ORDER BY sort asc  [ RunTime:0.0004s ]
SQL: SELECT * FROM `think_model` WHERE `fid` = 6 AND `status` = 0 AND `show` = 0 ORDER BY sort asc  [ RunTime:0.0004s ]
SQL: SELECT * FROM `think_model` WHERE `fid` = 7 AND `status` = 0 AND `show` = 0 ORDER BY sort asc  [ RunTime:0.0003s ]
SQL: SELECT * FROM `think_model` WHERE `fid` = 8 AND `status` = 0 AND `show` = 0 ORDER BY sort asc  [ RunTime:0.0005s ]
SQL: SHOW COLUMNS FROM `think_column` [ RunTime:0.0026s ]
SQL: SELECT `id`,`title` FROM `think_column` WHERE ( fid=0 and id!=3 )  [ RunTime:0.0005s ]
SQL: SHOW COLUMNS FROM `think_product` [ RunTime:0.0022s ]
SQL: SELECT `id`,`title` FROM `think_product` WHERE ( type=1 )  [ RunTime:0.0007s ]
SQL: SELECT * FROM `think_product` WHERE `id` = 1 LIMIT 1   [ RunTime:0.0005s ]
INFO: [ view_parse ] --START--
INFO: [ template_filter ] --START--
INFO: Run Behavior\ContentReplaceBehavior [ RunTime:0.000459s ]
INFO: [ template_filter ] --END-- [ RunTime:0.000600s ]
INFO: Run Behavior\ParseTemplateBehavior [ RunTime:0.034199s ]
INFO: [ view_parse ] --END-- [ RunTime:0.034302s ]
INFO: [ view_filter ] --START--
INFO: Run Behavior\WriteHtmlCacheBehavior [ RunTime:0.000222s ]
INFO: [ view_filter ] --END-- [ RunTime:0.000276s ]
INFO: [ app_end ] --START--
INFO: Run Behavior\ShowPageTraceBehavior [ RunTime:0.000207s ]
INFO: [ app_end ] --END-- [ RunTime:0.000296s ]

[ 2016-07-22T16:23:11+08:00 ] 180.153.163.206 /admin/member/add
INFO: [ app_init ] --START--
INFO: Run Behavior\BuildLiteBehavior [ RunTime:0.000049s ]
INFO: [ app_init ] --END-- [ RunTime:0.000258s ]
INFO: [ app_begin ] --START--
INFO: Run Behavior\ReadHtmlCacheBehavior [ RunTime:0.000263s ]
INFO: Run Behavior\CheckLangBehavior [ RunTime:0.000273s ]
INFO: [ app_begin ] --END-- [ RunTime:0.000739s ]
NOTIC: [2048] Declaration of Admin\Controller\MemberController::_details() should be compatible with Admin\Controller\BaseController::_details($attr) /home/wwwroot/cpa88.com/Application/Admin/Controller/MemberController.class.php 第 5 行.

[ 2016-07-22T16:23:11+08:00 ] 180.153.163.206 /Admin/Login/index
INFO: [ app_init ] --START--
INFO: Run Behavior\BuildLiteBehavior [ RunTime:0.000036s ]
INFO: [ app_init ] --END-- [ RunTime:0.000332s ]
INFO: [ app_begin ] --START--
INFO: Run Behavior\ReadHtmlCacheBehavior [ RunTime:0.000145s ]
INFO: Run Behavior\CheckLangBehavior [ RunTime:0.000116s ]
INFO: [ app_begin ] --END-- [ RunTime:0.000420s ]
INFO: [ view_parse ] --START--
INFO: [ template_filter ] --START--
INFO: Run Behavior\ContentReplaceBehavior [ RunTime:0.000073s ]
INFO: [ template_filter ] --END-- [ RunTime:0.000196s ]
INFO: Run Behavior\ParseTemplateBehavior [ RunTime:0.004547s ]
INFO: [ view_parse ] --END-- [ RunTime:0.004663s ]
INFO: [ view_filter ] --START--
INFO: Run Behavior\WriteHtmlCacheBehavior [ RunTime:0.000132s ]
INFO: [ view_filter ] --END-- [ RunTime:0.000197s ]
INFO: [ app_end ] --START--
INFO: Run Behavior\ShowPageTraceBehavior [ RunTime:0.000162s ]
INFO: [ app_end ] --END-- [ RunTime:0.000234s ]

