[ 2016-08-04T18:10:31+08:00 ] 192.168.188.184 /Admin/Kefu/add
INFO: [ app_init ] --START--
INFO: Run Behavior\BuildLiteBehavior [ RunTime:0.000017s ]
INFO: [ app_init ] --END-- [ RunTime:0.004121s ]
INFO: [ app_begin ] --START--
INFO: Run Behavior\ReadHtmlCacheBehavior [ RunTime:0.007374s ]
INFO: Run Behavior\CheckLangBehavior [ RunTime:0.005890s ]
INFO: [ app_begin ] --END-- [ RunTime:0.013349s ]
SQL: SHOW COLUMNS FROM `think_model` [ RunTime:0.0004s ]
SQL: SELECT * FROM `think_model` WHERE ( fid=0 and "show"=0 and status=0 )  [ RunTime:0.0001s ]
SQL: SELECT * FROM `think_model` WHERE `fid` = 3 AND `status` = 0 AND `show` = 0 ORDER BY sort asc  [ RunTime:0.0000s ]
SQL: SELECT * FROM `think_model` WHERE `fid` = 5 AND `status` = 0 AND `show` = 0 ORDER BY sort asc  [ RunTime:0.0000s ]
SQL: SELECT * FROM `think_model` WHERE `fid` = 7 AND `status` = 0 AND `show` = 0 ORDER BY sort asc  [ RunTime:0.0000s ]
SQL: SELECT * FROM `think_model` WHERE `fid` = 8 AND `status` = 0 AND `show` = 0 ORDER BY sort asc  [ RunTime:0.0000s ]
SQL: SELECT * FROM `think_model` WHERE `fid` = 9 AND `status` = 0 AND `show` = 0 ORDER BY sort asc  [ RunTime:0.0000s ]
SQL: SHOW COLUMNS FROM `think_column` [ RunTime:0.0003s ]
SQL: SELECT * FROM `think_column` WHERE `status` = 0 AND `type` < 3 ORDER BY id asc  [ RunTime:0.0001s ]
INFO: [ view_parse ] --START--
INFO: [ template_filter ] --START--
INFO: Run Behavior\ContentReplaceBehavior [ RunTime:0.000080s ]
INFO: [ template_filter ] --END-- [ RunTime:0.000114s ]
NOTIC: [8] Undefined index: cid /mnt/share/dzx.com/Application/Runtime/Cache/Admin/17c8225010b65ae81e4831ef8b1796b2.php 第 29 行.
NOTIC: [8] Undefined variable: inIt /mnt/share/dzx.com/Application/Runtime/Cache/Admin/17c8225010b65ae81e4831ef8b1796b2.php 第 29 行.
NOTIC: [8] Undefined index: cid /mnt/share/dzx.com/Application/Runtime/Cache/Admin/17c8225010b65ae81e4831ef8b1796b2.php 第 29 行.
NOTIC: [8] Undefined variable: inIt /mnt/share/dzx.com/Application/Runtime/Cache/Admin/17c8225010b65ae81e4831ef8b1796b2.php 第 29 行.
NOTIC: [8] Undefined variable: kefu /mnt/share/dzx.com/Application/Runtime/Cache/Admin/17c8225010b65ae81e4831ef8b1796b2.php 第 52 行.
NOTIC: [8] Undefined variable: kefu /mnt/share/dzx.com/Application/Runtime/Cache/Admin/17c8225010b65ae81e4831ef8b1796b2.php 第 56 行.
NOTIC: [8] Undefined variable: kefu /mnt/share/dzx.com/Application/Runtime/Cache/Admin/17c8225010b65ae81e4831ef8b1796b2.php 第 57 行.
NOTIC: [8] Undefined variable: kefu /mnt/share/dzx.com/Application/Runtime/Cache/Admin/17c8225010b65ae81e4831ef8b1796b2.php 第 62 行.
NOTIC: [8] Undefined variable:  /mnt/share/dzx.com/Application/Runtime/Cache/Admin/17c8225010b65ae81e4831ef8b1796b2.php 第 62 行.
NOTIC: [8] Undefined variable: kefu /mnt/share/dzx.com/Application/Runtime/Cache/Admin/17c8225010b65ae81e4831ef8b1796b2.php 第 65 行.
NOTIC: [8] Undefined variable:  /mnt/share/dzx.com/Application/Runtime/Cache/Admin/17c8225010b65ae81e4831ef8b1796b2.php 第 65 行.
INFO: Run Behavior\ParseTemplateBehavior [ RunTime:0.091237s ]
INFO: [ view_parse ] --END-- [ RunTime:0.091277s ]
INFO: [ view_filter ] --START--
INFO: Run Behavior\WriteHtmlCacheBehavior [ RunTime:0.007106s ]
INFO: [ view_filter ] --END-- [ RunTime:0.007148s ]
INFO: [ app_end ] --START--
INFO: Run Behavior\ShowPageTraceBehavior [ RunTime:0.007240s ]
INFO: [ app_end ] --END-- [ RunTime:0.007283s ]

[ 2016-08-04T18:10:33+08:00 ] 192.168.188.184 /Admin/Kefu
INFO: [ app_init ] --START--
INFO: Run Behavior\BuildLiteBehavior [ RunTime:0.000016s ]
INFO: [ app_init ] --END-- [ RunTime:0.003639s ]
INFO: [ app_begin ] --START--
INFO: Run Behavior\ReadHtmlCacheBehavior [ RunTime:0.007707s ]
INFO: Run Behavior\CheckLangBehavior [ RunTime:0.008823s ]
INFO: [ app_begin ] --END-- [ RunTime:0.016634s ]
SQL: SHOW COLUMNS FROM `think_model` [ RunTime:0.0004s ]
SQL: SELECT * FROM `think_model` WHERE ( fid=0 and "show"=0 and status=0 )  [ RunTime:0.0002s ]
SQL: SELECT * FROM `think_model` WHERE `fid` = 3 AND `status` = 0 AND `show` = 0 ORDER BY sort asc  [ RunTime:0.0000s ]
SQL: SELECT * FROM `think_model` WHERE `fid` = 5 AND `status` = 0 AND `show` = 0 ORDER BY sort asc  [ RunTime:0.0000s ]
SQL: SELECT * FROM `think_model` WHERE `fid` = 7 AND `status` = 0 AND `show` = 0 ORDER BY sort asc  [ RunTime:0.0000s ]
SQL: SELECT * FROM `think_model` WHERE `fid` = 8 AND `status` = 0 AND `show` = 0 ORDER BY sort asc  [ RunTime:0.0000s ]
SQL: SELECT * FROM `think_model` WHERE `fid` = 9 AND `status` = 0 AND `show` = 0 ORDER BY sort asc  [ RunTime:0.0000s ]
SQL: SHOW COLUMNS FROM `think_column` [ RunTime:0.0004s ]
SQL: SELECT * FROM `think_column` WHERE `status` = 0 AND `type` < 3 ORDER BY id asc  [ RunTime:0.0001s ]
SQL: SHOW COLUMNS FROM `think_kefu` [ RunTime:0.0004s ]
SQL: SELECT COUNT(*) AS tp_count FROM `think_kefu` LIMIT 1   [ RunTime:0.0000s ]
SQL: SELECT * FROM `think_kefu` ORDER BY id asc LIMIT 0,10   [ RunTime:0.0001s ]
INFO: [ view_parse ] --START--
INFO: [ template_filter ] --START--
INFO: Run Behavior\ContentReplaceBehavior [ RunTime:0.000125s ]
INFO: [ template_filter ] --END-- [ RunTime:0.000176s ]
NOTIC: [8] Undefined index: cid /mnt/share/dzx.com/Application/Runtime/Cache/Admin/1cb775b599c42a342f2b57913641f41b.php 第 29 行.
NOTIC: [8] Undefined variable: inIt /mnt/share/dzx.com/Application/Runtime/Cache/Admin/1cb775b599c42a342f2b57913641f41b.php 第 29 行.
NOTIC: [8] Undefined index: cid /mnt/share/dzx.com/Application/Runtime/Cache/Admin/1cb775b599c42a342f2b57913641f41b.php 第 29 行.
NOTIC: [8] Undefined variable: inIt /mnt/share/dzx.com/Application/Runtime/Cache/Admin/1cb775b599c42a342f2b57913641f41b.php 第 29 行.
INFO: Run Behavior\ParseTemplateBehavior [ RunTime:0.066523s ]
INFO: [ view_parse ] --END-- [ RunTime:0.066566s ]
INFO: [ view_filter ] --START--
INFO: Run Behavior\WriteHtmlCacheBehavior [ RunTime:0.006051s ]
INFO: [ view_filter ] --END-- [ RunTime:0.006085s ]
INFO: [ app_end ] --START--
INFO: Run Behavior\ShowPageTraceBehavior [ RunTime:0.006286s ]
INFO: [ app_end ] --END-- [ RunTime:0.006325s ]

