[ 2016-06-27T15:45:20+08:00 ] 180.153.214.192 /admin/login/index
INFO: [ app_init ] --START--
INFO: Run Behavior\BuildLiteBehavior [ RunTime:0.000043s ]
INFO: [ app_init ] --END-- [ RunTime:0.000299s ]
INFO: [ app_begin ] --START--
INFO: Run Behavior\ReadHtmlCacheBehavior [ RunTime:0.000158s ]
INFO: Run Behavior\CheckLangBehavior [ RunTime:0.000189s ]
INFO: [ app_begin ] --END-- [ RunTime:0.000454s ]
INFO: [ view_parse ] --START--
INFO: [ template_filter ] --START--
INFO: Run Behavior\ContentReplaceBehavior [ RunTime:0.000147s ]
INFO: [ template_filter ] --END-- [ RunTime:0.000229s ]
INFO: Run Behavior\ParseTemplateBehavior [ RunTime:0.004571s ]
INFO: [ view_parse ] --END-- [ RunTime:0.004672s ]
INFO: [ view_filter ] --START--
INFO: Run Behavior\WriteHtmlCacheBehavior [ RunTime:0.000227s ]
INFO: [ view_filter ] --END-- [ RunTime:0.000277s ]
INFO: [ app_end ] --START--
INFO: Run Behavior\ShowPageTraceBehavior [ RunTime:0.000150s ]
INFO: [ app_end ] --END-- [ RunTime:0.000205s ]

[ 2016-06-27T15:45:23+08:00 ] 49.64.224.237 /Admin/Login/index
INFO: [ app_init ] --START--
INFO: Run Behavior\BuildLiteBehavior [ RunTime:0.000046s ]
INFO: [ app_init ] --END-- [ RunTime:0.000220s ]
INFO: [ app_begin ] --START--
INFO: Run Behavior\ReadHtmlCacheBehavior [ RunTime:0.000131s ]
INFO: Run Behavior\CheckLangBehavior [ RunTime:0.000190s ]
INFO: [ app_begin ] --END-- [ RunTime:0.000474s ]
INFO: [ view_parse ] --START--
INFO: [ template_filter ] --START--
INFO: Run Behavior\ContentReplaceBehavior [ RunTime:0.000121s ]
INFO: [ template_filter ] --END-- [ RunTime:0.000213s ]
INFO: Run Behavior\ParseTemplateBehavior [ RunTime:0.003963s ]
INFO: [ view_parse ] --END-- [ RunTime:0.004058s ]
INFO: [ view_filter ] --START--
INFO: Run Behavior\WriteHtmlCacheBehavior [ RunTime:0.000115s ]
INFO: [ view_filter ] --END-- [ RunTime:0.000154s ]
INFO: [ app_end ] --START--
INFO: Run Behavior\ShowPageTraceBehavior [ RunTime:0.000137s ]
INFO: [ app_end ] --END-- [ RunTime:0.000174s ]

[ 2016-06-27T15:57:01+08:00 ] 49.64.224.237 /Admin/public/login
INFO: [ app_init ] --START--
INFO: Run Behavior\BuildLiteBehavior [ RunTime:0.000054s ]
INFO: [ app_init ] --END-- [ RunTime:0.000330s ]
INFO: [ app_begin ] --START--
INFO: Run Behavior\ReadHtmlCacheBehavior [ RunTime:0.000211s ]
INFO: Run Behavior\CheckLangBehavior [ RunTime:0.000200s ]
INFO: [ app_begin ] --END-- [ RunTime:0.000556s ]
SQL: SHOW COLUMNS FROM `think_admin` [ RunTime:0.0015s ]
SQL: SELECT * FROM `think_admin` WHERE `username` = '二少' LIMIT 1   [ RunTime:0.0003s ]
NOTIC: [8] Use of undefined constant intval - assumed 'intval' /home/wwwroot/cpa88.com/Application/Admin/Controller/PublicController.class.php 第 37 行.
SQL: UPDATE `think_admin` SET `last_date`='1467014221',`last_ip`='49.64.224.237' WHERE `id` = 6 [ RunTime:0.0007s ]
NOTIC: [8] Undefined index: logintime /home/wwwroot/cpa88.com/Application/Admin/Controller/PublicController.class.php 第 58 行.
NOTIC: [8] Undefined index: loginip /home/wwwroot/cpa88.com/Application/Admin/Controller/PublicController.class.php 第 59 行.

[ 2016-06-27T15:57:01+08:00 ] 49.64.224.237 /Admin/Index/index
INFO: [ app_init ] --START--
INFO: Run Behavior\BuildLiteBehavior [ RunTime:0.000028s ]
INFO: [ app_init ] --END-- [ RunTime:0.000159s ]
INFO: [ app_begin ] --START--
INFO: Run Behavior\ReadHtmlCacheBehavior [ RunTime:0.000129s ]
INFO: Run Behavior\CheckLangBehavior [ RunTime:0.000171s ]
INFO: [ app_begin ] --END-- [ RunTime:0.000423s ]
SQL: SHOW COLUMNS FROM `think_model` [ RunTime:0.0014s ]
SQL: SELECT * FROM `think_model` WHERE ( fid=0 and "show"=0 and status=0 and id in(1,2,3,4,5,6,7,8) )  [ RunTime:0.0007s ]
SQL: SELECT * FROM `think_model` WHERE `fid` = 1 AND `status` = 0 AND `show` = 0 ORDER BY sort asc  [ RunTime:0.0004s ]
SQL: SELECT * FROM `think_model` WHERE `fid` = 2 AND `status` = 0 AND `show` = 0 ORDER BY sort asc  [ RunTime:0.0003s ]
SQL: SELECT * FROM `think_model` WHERE `fid` = 3 AND `status` = 0 AND `show` = 0 ORDER BY sort asc  [ RunTime:0.0003s ]
SQL: SELECT * FROM `think_model` WHERE `fid` = 4 AND `status` = 0 AND `show` = 0 ORDER BY sort asc  [ RunTime:0.0004s ]
SQL: SELECT * FROM `think_model` WHERE `fid` = 5 AND `status` = 0 AND `show` = 0 ORDER BY sort asc  [ RunTime:0.0004s ]
SQL: SELECT * FROM `think_model` WHERE `fid` = 6 AND `status` = 0 AND `show` = 0 ORDER BY sort asc  [ RunTime:0.0003s ]
SQL: SELECT * FROM `think_model` WHERE `fid` = 7 AND `status` = 0 AND `show` = 0 ORDER BY sort asc  [ RunTime:0.0003s ]
SQL: SELECT * FROM `think_model` WHERE `fid` = 8 AND `status` = 0 AND `show` = 0 ORDER BY sort asc  [ RunTime:0.0004s ]
SQL: SHOW COLUMNS FROM `think_article` [ RunTime:0.0022s ]
SQL: SELECT COUNT(*) AS tp_count FROM `think_article` LIMIT 1   [ RunTime:0.0003s ]
SQL: SELECT * FROM `think_article` ORDER BY create_time desc,id desc LIMIT 0,1   [ RunTime:0.0004s ]
SQL: SHOW COLUMNS FROM `think_column` [ RunTime:0.0011s ]
SQL: SELECT COUNT(*) AS tp_count FROM `think_column` WHERE ( fid=0 ) LIMIT 1   [ RunTime:0.0002s ]

[ 2016-06-27T15:57:01+08:00 ] 49.64.224.237 /Admin/Member/index
INFO: [ app_init ] --START--
INFO: Run Behavior\BuildLiteBehavior [ RunTime:0.000029s ]
INFO: [ app_init ] --END-- [ RunTime:0.000162s ]
INFO: [ app_begin ] --START--
INFO: Run Behavior\ReadHtmlCacheBehavior [ RunTime:0.000128s ]
INFO: Run Behavior\CheckLangBehavior [ RunTime:0.000126s ]
INFO: [ app_begin ] --END-- [ RunTime:0.000361s ]
NOTIC: [2048] Declaration of Admin\Controller\MemberController::_details() should be compatible with Admin\Controller\BaseController::_details($attr) /home/wwwroot/cpa88.com/Application/Admin/Controller/MemberController.class.php 第 5 行.
SQL: SHOW COLUMNS FROM `think_model` [ RunTime:0.0011s ]
SQL: SELECT * FROM `think_model` WHERE ( fid=0 and "show"=0 and status=0 and id in(1,2,3,4,5,6,7,8) )  [ RunTime:0.0006s ]
SQL: SELECT * FROM `think_model` WHERE `fid` = 1 AND `status` = 0 AND `show` = 0 ORDER BY sort asc  [ RunTime:0.0003s ]
SQL: SELECT * FROM `think_model` WHERE `fid` = 2 AND `status` = 0 AND `show` = 0 ORDER BY sort asc  [ RunTime:0.0003s ]
SQL: SELECT * FROM `think_model` WHERE `fid` = 3 AND `status` = 0 AND `show` = 0 ORDER BY sort asc  [ RunTime:0.0003s ]
SQL: SELECT * FROM `think_model` WHERE `fid` = 4 AND `status` = 0 AND `show` = 0 ORDER BY sort asc  [ RunTime:0.0003s ]
SQL: SELECT * FROM `think_model` WHERE `fid` = 5 AND `status` = 0 AND `show` = 0 ORDER BY sort asc  [ RunTime:0.0003s ]
SQL: SELECT * FROM `think_model` WHERE `fid` = 6 AND `status` = 0 AND `show` = 0 ORDER BY sort asc  [ RunTime:0.0003s ]
SQL: SELECT * FROM `think_model` WHERE `fid` = 7 AND `status` = 0 AND `show` = 0 ORDER BY sort asc  [ RunTime:0.0003s ]
SQL: SELECT * FROM `think_model` WHERE `fid` = 8 AND `status` = 0 AND `show` = 0 ORDER BY sort asc  [ RunTime:0.0003s ]
NOTIC: [8] Undefined index: status /home/wwwroot/cpa88.com/Application/Admin/Controller/MemberController.class.php 第 601 行.
NOTIC: [8] Undefined index: package /home/wwwroot/cpa88.com/Application/Admin/Controller/MemberController.class.php 第 629 行.
NOTIC: [8] Undefined index: pname /home/wwwroot/cpa88.com/Application/Admin/Controller/MemberController.class.php 第 630 行.
NOTIC: [8] Undefined variable: map /home/wwwroot/cpa88.com/Application/Admin/Controller/MemberController.class.php 第 632 行.
SQL: SHOW COLUMNS FROM `think_member` [ RunTime:0.0018s ]
SQL: SELECT COUNT(*) AS tp_count FROM `think_member` WHERE `status` = 0 LIMIT 1   [ RunTime:0.0003s ]
SQL: SELECT * FROM `think_member` WHERE `status` = 0 ORDER BY create_time desc LIMIT 0,10   [ RunTime:0.0004s ]
INFO: [ view_parse ] --START--
INFO: [ template_filter ] --START--
INFO: Run Behavior\ContentReplaceBehavior [ RunTime:0.000232s ]
INFO: [ template_filter ] --END-- [ RunTime:0.000315s ]
SQL: SHOW COLUMNS FROM `think_producted` [ RunTime:0.0015s ]
SQL: SELECT COUNT(*) AS tp_count FROM `think_producted` WHERE `mid` = 10 AND `status` = 0 LIMIT 1   [ RunTime:0.0004s ]
SQL: SELECT COUNT(*) AS tp_count FROM `think_producted` WHERE `mid` = 9 AND `status` = 0 LIMIT 1   [ RunTime:0.0002s ]
SQL: SELECT COUNT(*) AS tp_count FROM `think_producted` WHERE `mid` = 8 AND `status` = 0 LIMIT 1   [ RunTime:0.0002s ]
SQL: SELECT COUNT(*) AS tp_count FROM `think_producted` WHERE `mid` = 7 AND `status` = 0 LIMIT 1   [ RunTime:0.0002s ]
SQL: SELECT COUNT(*) AS tp_count FROM `think_producted` WHERE `mid` = 6 AND `status` = 0 LIMIT 1   [ RunTime:0.0002s ]
SQL: SELECT COUNT(*) AS tp_count FROM `think_producted` WHERE `mid` = 5 AND `status` = 0 LIMIT 1   [ RunTime:0.0003s ]
SQL: SELECT COUNT(*) AS tp_count FROM `think_producted` WHERE `mid` = 4 AND `status` = 0 LIMIT 1   [ RunTime:0.0002s ]
SQL: SELECT COUNT(*) AS tp_count FROM `think_producted` WHERE `mid` = 3 AND `status` = 0 LIMIT 1   [ RunTime:0.0002s ]
SQL: SELECT COUNT(*) AS tp_count FROM `think_producted` WHERE `mid` = 2 AND `status` = 0 LIMIT 1   [ RunTime:0.0002s ]
SQL: SELECT COUNT(*) AS tp_count FROM `think_producted` WHERE `mid` = 1 AND `status` = 0 LIMIT 1   [ RunTime:0.0002s ]
INFO: Run Behavior\ParseTemplateBehavior [ RunTime:0.024042s ]
INFO: [ view_parse ] --END-- [ RunTime:0.024108s ]
INFO: [ view_filter ] --START--
INFO: Run Behavior\WriteHtmlCacheBehavior [ RunTime:0.000192s ]
INFO: [ view_filter ] --END-- [ RunTime:0.000244s ]
INFO: [ app_end ] --START--
INFO: Run Behavior\ShowPageTraceBehavior [ RunTime:0.000218s ]
INFO: [ app_end ] --END-- [ RunTime:0.000295s ]

[ 2016-06-27T15:57:02+08:00 ] 101.226.33.225 /admin/index/index
INFO: [ app_init ] --START--
INFO: Run Behavior\BuildLiteBehavior [ RunTime:0.000020s ]
INFO: [ app_init ] --END-- [ RunTime:0.000158s ]
INFO: [ app_begin ] --START--
INFO: Run Behavior\ReadHtmlCacheBehavior [ RunTime:0.000374s ]
INFO: Run Behavior\CheckLangBehavior [ RunTime:0.000083s ]
INFO: [ app_begin ] --END-- [ RunTime:0.000542s ]

[ 2016-06-27T15:57:02+08:00 ] 180.153.206.31 /admin/member/index
INFO: [ app_init ] --START--
INFO: Run Behavior\BuildLiteBehavior [ RunTime:0.000031s ]
INFO: [ app_init ] --END-- [ RunTime:0.000161s ]
INFO: [ app_begin ] --START--
INFO: Run Behavior\ReadHtmlCacheBehavior [ RunTime:0.000104s ]
INFO: Run Behavior\CheckLangBehavior [ RunTime:0.000101s ]
INFO: [ app_begin ] --END-- [ RunTime:0.000310s ]
NOTIC: [2048] Declaration of Admin\Controller\MemberController::_details() should be compatible with Admin\Controller\BaseController::_details($attr) /home/wwwroot/cpa88.com/Application/Admin/Controller/MemberController.class.php 第 5 行.

[ 2016-06-27T15:57:02+08:00 ] 101.226.33.225 /Admin/Login/index
INFO: [ app_init ] --START--
INFO: Run Behavior\BuildLiteBehavior [ RunTime:0.000015s ]
INFO: [ app_init ] --END-- [ RunTime:0.000088s ]
INFO: [ app_begin ] --START--
INFO: Run Behavior\ReadHtmlCacheBehavior [ RunTime:0.000102s ]
INFO: Run Behavior\CheckLangBehavior [ RunTime:0.000081s ]
INFO: [ app_begin ] --END-- [ RunTime:0.000250s ]
INFO: [ view_parse ] --START--
INFO: [ template_filter ] --START--
INFO: Run Behavior\ContentReplaceBehavior [ RunTime:0.000055s ]
INFO: [ template_filter ] --END-- [ RunTime:0.000124s ]
INFO: Run Behavior\ParseTemplateBehavior [ RunTime:0.002509s ]
INFO: [ view_parse ] --END-- [ RunTime:0.002565s ]
INFO: [ view_filter ] --START--
INFO: Run Behavior\WriteHtmlCacheBehavior [ RunTime:0.000122s ]
INFO: [ view_filter ] --END-- [ RunTime:0.000178s ]
INFO: [ app_end ] --START--
INFO: Run Behavior\ShowPageTraceBehavior [ RunTime:0.000752s ]
INFO: [ app_end ] --END-- [ RunTime:0.000808s ]

[ 2016-06-27T15:57:07+08:00 ] 101.226.33.226 /admin/member/index
INFO: [ app_init ] --START--
INFO: Run Behavior\BuildLiteBehavior [ RunTime:0.000059s ]
INFO: [ app_init ] --END-- [ RunTime:0.000441s ]
INFO: [ app_begin ] --START--
INFO: Run Behavior\ReadHtmlCacheBehavior [ RunTime:0.000246s ]
INFO: Run Behavior\CheckLangBehavior [ RunTime:0.000284s ]
INFO: [ app_begin ] --END-- [ RunTime:0.000697s ]
NOTIC: [2048] Declaration of Admin\Controller\MemberController::_details() should be compatible with Admin\Controller\BaseController::_details($attr) /home/wwwroot/cpa88.com/Application/Admin/Controller/MemberController.class.php 第 5 行.

[ 2016-06-27T15:57:07+08:00 ] 101.226.33.226 /Admin/Login/index
INFO: [ app_init ] --START--
INFO: Run Behavior\BuildLiteBehavior [ RunTime:0.000027s ]
INFO: [ app_init ] --END-- [ RunTime:0.000156s ]
INFO: [ app_begin ] --START--
INFO: Run Behavior\ReadHtmlCacheBehavior [ RunTime:0.000124s ]
INFO: Run Behavior\CheckLangBehavior [ RunTime:0.000129s ]
INFO: [ app_begin ] --END-- [ RunTime:0.000377s ]
INFO: [ view_parse ] --START--
INFO: [ template_filter ] --START--
INFO: Run Behavior\ContentReplaceBehavior [ RunTime:0.000106s ]
INFO: [ template_filter ] --END-- [ RunTime:0.000195s ]
INFO: Run Behavior\ParseTemplateBehavior [ RunTime:0.004466s ]
INFO: [ view_parse ] --END-- [ RunTime:0.004585s ]
INFO: [ view_filter ] --START--
INFO: Run Behavior\WriteHtmlCacheBehavior [ RunTime:0.000148s ]
INFO: [ view_filter ] --END-- [ RunTime:0.000212s ]
INFO: [ app_end ] --START--
INFO: Run Behavior\ShowPageTraceBehavior [ RunTime:0.000154s ]
INFO: [ app_end ] --END-- [ RunTime:0.000208s ]

[ 2016-06-27T15:57:07+08:00 ] 61.151.218.118 /admin/index/index
INFO: [ app_init ] --START--
INFO: Run Behavior\BuildLiteBehavior [ RunTime:0.000026s ]
INFO: [ app_init ] --END-- [ RunTime:0.000169s ]
INFO: [ app_begin ] --START--
INFO: Run Behavior\ReadHtmlCacheBehavior [ RunTime:0.000152s ]
INFO: Run Behavior\CheckLangBehavior [ RunTime:0.000124s ]
INFO: [ app_begin ] --END-- [ RunTime:0.000437s ]

[ 2016-06-27T15:57:07+08:00 ] 61.151.218.118 /Admin/Login/index
INFO: [ app_init ] --START--
INFO: Run Behavior\BuildLiteBehavior [ RunTime:0.000043s ]
INFO: [ app_init ] --END-- [ RunTime:0.000225s ]
INFO: [ app_begin ] --START--
INFO: Run Behavior\ReadHtmlCacheBehavior [ RunTime:0.000126s ]
INFO: Run Behavior\CheckLangBehavior [ RunTime:0.000129s ]
INFO: [ app_begin ] --END-- [ RunTime:0.000377s ]
INFO: [ view_parse ] --START--
INFO: [ template_filter ] --START--
INFO: Run Behavior\ContentReplaceBehavior [ RunTime:0.000087s ]
INFO: [ template_filter ] --END-- [ RunTime:0.000226s ]
INFO: Run Behavior\ParseTemplateBehavior [ RunTime:0.003787s ]
INFO: [ view_parse ] --END-- [ RunTime:0.003873s ]
INFO: [ view_filter ] --START--
INFO: Run Behavior\WriteHtmlCacheBehavior [ RunTime:0.000125s ]
INFO: [ view_filter ] --END-- [ RunTime:0.000187s ]
INFO: [ app_end ] --START--
INFO: Run Behavior\ShowPageTraceBehavior [ RunTime:0.000130s ]
INFO: [ app_end ] --END-- [ RunTime:0.000182s ]

[ 2016-06-27T15:57:31+08:00 ] 49.64.224.237 /Admin/Member/see?mid=10
INFO: [ app_init ] --START--
INFO: Run Behavior\BuildLiteBehavior [ RunTime:0.000037s ]
INFO: [ app_init ] --END-- [ RunTime:0.000279s ]
INFO: [ app_begin ] --START--
INFO: Run Behavior\ReadHtmlCacheBehavior [ RunTime:0.000292s ]
INFO: Run Behavior\CheckLangBehavior [ RunTime:0.000188s ]
INFO: [ app_begin ] --END-- [ RunTime:0.000715s ]
NOTIC: [2048] Declaration of Admin\Controller\MemberController::_details() should be compatible with Admin\Controller\BaseController::_details($attr) /home/wwwroot/cpa88.com/Application/Admin/Controller/MemberController.class.php 第 5 行.
SQL: SHOW COLUMNS FROM `think_model` [ RunTime:0.0033s ]
SQL: SELECT * FROM `think_model` WHERE ( fid=0 and "show"=0 and status=0 and id in(1,2,3,4,5,6,7,8) )  [ RunTime:0.0007s ]
SQL: SELECT * FROM `think_model` WHERE `fid` = 1 AND `status` = 0 AND `show` = 0 ORDER BY sort asc  [ RunTime:0.0003s ]
SQL: SELECT * FROM `think_model` WHERE `fid` = 2 AND `status` = 0 AND `show` = 0 ORDER BY sort asc  [ RunTime:0.0004s ]
SQL: SELECT * FROM `think_model` WHERE `fid` = 3 AND `status` = 0 AND `show` = 0 ORDER BY sort asc  [ RunTime:0.0003s ]
SQL: SELECT * FROM `think_model` WHERE `fid` = 4 AND `status` = 0 AND `show` = 0 ORDER BY sort asc  [ RunTime:0.0003s ]
SQL: SELECT * FROM `think_model` WHERE `fid` = 5 AND `status` = 0 AND `show` = 0 ORDER BY sort asc  [ RunTime:0.0003s ]
SQL: SELECT * FROM `think_model` WHERE `fid` = 6 AND `status` = 0 AND `show` = 0 ORDER BY sort asc  [ RunTime:0.0003s ]
SQL: SELECT * FROM `think_model` WHERE `fid` = 7 AND `status` = 0 AND `show` = 0 ORDER BY sort asc  [ RunTime:0.0003s ]
SQL: SELECT * FROM `think_model` WHERE `fid` = 8 AND `status` = 0 AND `show` = 0 ORDER BY sort asc  [ RunTime:0.0003s ]
NOTIC: [8] Use of undefined constant intval - assumed 'intval' /home/wwwroot/cpa88.com/Application/Admin/Controller/MemberController.class.php 第 19 行.
SQL: SHOW COLUMNS FROM `think_member` [ RunTime:0.0013s ]
SQL: SELECT * FROM `think_member` WHERE `id` = 10 LIMIT 1   [ RunTime:0.0005s ]
SQL: SHOW COLUMNS FROM `think_payway` [ RunTime:0.0010s ]
SQL: SELECT * FROM `think_payway` WHERE `mid` = 10 AND `pay_default` = 1  [ RunTime:0.0003s ]
INFO: [ view_parse ] --START--
INFO: [ template_filter ] --START--
INFO: Run Behavior\ContentReplaceBehavior [ RunTime:0.000325s ]
INFO: [ template_filter ] --END-- [ RunTime:0.000397s ]
SQL: SHOW COLUMNS FROM `think_producted` [ RunTime:0.0012s ]
SQL: SELECT COUNT(*) AS tp_count FROM `think_producted` WHERE `mid` = 10 AND `status` = 0 LIMIT 1   [ RunTime:0.0009s ]
INFO: Run Behavior\ParseTemplateBehavior [ RunTime:0.024742s ]
INFO: [ view_parse ] --END-- [ RunTime:0.024884s ]
INFO: [ view_filter ] --START--
INFO: Run Behavior\WriteHtmlCacheBehavior [ RunTime:0.000179s ]
INFO: [ view_filter ] --END-- [ RunTime:0.000235s ]
INFO: [ app_end ] --START--
INFO: Run Behavior\ShowPageTraceBehavior [ RunTime:0.000162s ]
INFO: [ app_end ] --END-- [ RunTime:0.000220s ]

[ 2016-06-27T15:57:31+08:00 ] 180.153.206.20 /admin/member/see
INFO: [ app_init ] --START--
INFO: Run Behavior\BuildLiteBehavior [ RunTime:0.000031s ]
INFO: [ app_init ] --END-- [ RunTime:0.000202s ]
INFO: [ app_begin ] --START--
INFO: Run Behavior\ReadHtmlCacheBehavior [ RunTime:0.000135s ]
INFO: Run Behavior\CheckLangBehavior [ RunTime:0.000122s ]
INFO: [ app_begin ] --END-- [ RunTime:0.000354s ]
NOTIC: [2048] Declaration of Admin\Controller\MemberController::_details() should be compatible with Admin\Controller\BaseController::_details($attr) /home/wwwroot/cpa88.com/Application/Admin/Controller/MemberController.class.php 第 5 行.

[ 2016-06-27T15:57:31+08:00 ] 180.153.206.20 /Admin/Login/index
INFO: [ app_init ] --START--
INFO: Run Behavior\BuildLiteBehavior [ RunTime:0.000027s ]
INFO: [ app_init ] --END-- [ RunTime:0.000158s ]
INFO: [ app_begin ] --START--
INFO: Run Behavior\ReadHtmlCacheBehavior [ RunTime:0.000135s ]
INFO: Run Behavior\CheckLangBehavior [ RunTime:0.000132s ]
INFO: [ app_begin ] --END-- [ RunTime:0.000374s ]
INFO: [ view_parse ] --START--
INFO: [ template_filter ] --START--
INFO: Run Behavior\ContentReplaceBehavior [ RunTime:0.000087s ]
INFO: [ template_filter ] --END-- [ RunTime:0.000173s ]
INFO: Run Behavior\ParseTemplateBehavior [ RunTime:0.004014s ]
INFO: [ view_parse ] --END-- [ RunTime:0.004098s ]
INFO: [ view_filter ] --START--
INFO: Run Behavior\WriteHtmlCacheBehavior [ RunTime:0.000127s ]
INFO: [ view_filter ] --END-- [ RunTime:0.000187s ]
INFO: [ app_end ] --START--
INFO: Run Behavior\ShowPageTraceBehavior [ RunTime:0.000170s ]
INFO: [ app_end ] --END-- [ RunTime:0.000229s ]

[ 2016-06-27T15:57:55+08:00 ] 180.153.212.13 /admin/member/see
INFO: [ app_init ] --START--
INFO: Run Behavior\BuildLiteBehavior [ RunTime:0.000032s ]
INFO: [ app_init ] --END-- [ RunTime:0.000197s ]
INFO: [ app_begin ] --START--
INFO: Run Behavior\ReadHtmlCacheBehavior [ RunTime:0.000224s ]
INFO: Run Behavior\CheckLangBehavior [ RunTime:0.000146s ]
INFO: [ app_begin ] --END-- [ RunTime:0.000483s ]
NOTIC: [2048] Declaration of Admin\Controller\MemberController::_details() should be compatible with Admin\Controller\BaseController::_details($attr) /home/wwwroot/cpa88.com/Application/Admin/Controller/MemberController.class.php 第 5 行.

[ 2016-06-27T15:57:57+08:00 ] 180.153.212.13 /Admin/Login/index
INFO: [ app_init ] --START--
INFO: Run Behavior\BuildLiteBehavior [ RunTime:0.000030s ]
INFO: [ app_init ] --END-- [ RunTime:0.000204s ]
INFO: [ app_begin ] --START--
INFO: Run Behavior\ReadHtmlCacheBehavior [ RunTime:0.000126s ]
INFO: Run Behavior\CheckLangBehavior [ RunTime:0.000114s ]
INFO: [ app_begin ] --END-- [ RunTime:0.000357s ]
INFO: [ view_parse ] --START--
INFO: [ template_filter ] --START--
INFO: Run Behavior\ContentReplaceBehavior [ RunTime:0.000094s ]
INFO: [ template_filter ] --END-- [ RunTime:0.000200s ]
INFO: Run Behavior\ParseTemplateBehavior [ RunTime:0.003936s ]
INFO: [ view_parse ] --END-- [ RunTime:0.004009s ]
INFO: [ view_filter ] --START--
INFO: Run Behavior\WriteHtmlCacheBehavior [ RunTime:0.000145s ]
INFO: [ view_filter ] --END-- [ RunTime:0.000203s ]
INFO: [ app_end ] --START--
INFO: Run Behavior\ShowPageTraceBehavior [ RunTime:0.000187s ]
INFO: [ app_end ] --END-- [ RunTime:0.000240s ]

[ 2016-06-27T15:58:37+08:00 ] 49.64.224.237 /Admin/Member/see?mid=10
INFO: [ app_init ] --START--
INFO: Run Behavior\BuildLiteBehavior [ RunTime:0.000039s ]
INFO: [ app_init ] --END-- [ RunTime:0.000273s ]
INFO: [ app_begin ] --START--
INFO: Run Behavior\ReadHtmlCacheBehavior [ RunTime:0.000223s ]
INFO: Run Behavior\CheckLangBehavior [ RunTime:0.000210s ]
INFO: [ app_begin ] --END-- [ RunTime:0.000547s ]
NOTIC: [2048] Declaration of Admin\Controller\MemberController::_details() should be compatible with Admin\Controller\BaseController::_details($attr) /home/wwwroot/cpa88.com/Application/Admin/Controller/MemberController.class.php 第 5 行.
SQL: SHOW COLUMNS FROM `think_model` [ RunTime:0.0032s ]
SQL: SELECT * FROM `think_model` WHERE ( fid=0 and "show"=0 and status=0 and id in(1,2,3,4,5,6,7,8) )  [ RunTime:0.0008s ]
SQL: SELECT * FROM `think_model` WHERE `fid` = 1 AND `status` = 0 AND `show` = 0 ORDER BY sort asc  [ RunTime:0.0004s ]
SQL: SELECT * FROM `think_model` WHERE `fid` = 2 AND `status` = 0 AND `show` = 0 ORDER BY sort asc  [ RunTime:0.0003s ]
SQL: SELECT * FROM `think_model` WHERE `fid` = 3 AND `status` = 0 AND `show` = 0 ORDER BY sort asc  [ RunTime:0.0003s ]
SQL: SELECT * FROM `think_model` WHERE `fid` = 4 AND `status` = 0 AND `show` = 0 ORDER BY sort asc  [ RunTime:0.0003s ]
SQL: SELECT * FROM `think_model` WHERE `fid` = 5 AND `status` = 0 AND `show` = 0 ORDER BY sort asc  [ RunTime:0.0003s ]
SQL: SELECT * FROM `think_model` WHERE `fid` = 6 AND `status` = 0 AND `show` = 0 ORDER BY sort asc  [ RunTime:0.0003s ]
SQL: SELECT * FROM `think_model` WHERE `fid` = 7 AND `status` = 0 AND `show` = 0 ORDER BY sort asc  [ RunTime:0.0003s ]
SQL: SELECT * FROM `think_model` WHERE `fid` = 8 AND `status` = 0 AND `show` = 0 ORDER BY sort asc  [ RunTime:0.0003s ]
NOTIC: [8] Use of undefined constant intval - assumed 'intval' /home/wwwroot/cpa88.com/Application/Admin/Controller/MemberController.class.php 第 19 行.
SQL: SHOW COLUMNS FROM `think_member` [ RunTime:0.0011s ]
SQL: SELECT * FROM `think_member` WHERE `id` = 10 LIMIT 1   [ RunTime:0.0004s ]
SQL: SHOW COLUMNS FROM `think_payway` [ RunTime:0.0010s ]
SQL: SELECT * FROM `think_payway` WHERE `mid` = 10 AND `pay_default` = 1  [ RunTime:0.0003s ]
INFO: [ view_parse ] --START--
INFO: [ template_filter ] --START--
INFO: Run Behavior\ContentReplaceBehavior [ RunTime:0.000276s ]
INFO: [ template_filter ] --END-- [ RunTime:0.000344s ]
SQL: SHOW COLUMNS FROM `think_producted` [ RunTime:0.0010s ]
SQL: SELECT COUNT(*) AS tp_count FROM `think_producted` WHERE `mid` = 10 AND `status` = 0 LIMIT 1   [ RunTime:0.0003s ]
INFO: Run Behavior\ParseTemplateBehavior [ RunTime:0.024028s ]
INFO: [ view_parse ] --END-- [ RunTime:0.024096s ]
INFO: [ view_filter ] --START--
INFO: Run Behavior\WriteHtmlCacheBehavior [ RunTime:0.000171s ]
INFO: [ view_filter ] --END-- [ RunTime:0.000223s ]
INFO: [ app_end ] --START--
INFO: Run Behavior\ShowPageTraceBehavior [ RunTime:0.000249s ]
INFO: [ app_end ] --END-- [ RunTime:0.000332s ]

[ 2016-06-27T15:58:39+08:00 ] 49.64.224.237 /Admin/Product
INFO: [ app_init ] --START--
INFO: Run Behavior\BuildLiteBehavior [ RunTime:0.000034s ]
INFO: [ app_init ] --END-- [ RunTime:0.000247s ]
INFO: [ app_begin ] --START--
INFO: Run Behavior\ReadHtmlCacheBehavior [ RunTime:0.000150s ]
INFO: Run Behavior\CheckLangBehavior [ RunTime:0.000161s ]
INFO: [ app_begin ] --END-- [ RunTime:0.000431s ]
SQL: SHOW COLUMNS FROM `think_model` [ RunTime:0.0035s ]
SQL: SELECT * FROM `think_model` WHERE ( fid=0 and "show"=0 and status=0 and id in(1,2,3,4,5,6,7,8) )  [ RunTime:0.0009s ]
SQL: SELECT * FROM `think_model` WHERE `fid` = 1 AND `status` = 0 AND `show` = 0 ORDER BY sort asc  [ RunTime:0.0005s ]
SQL: SELECT * FROM `think_model` WHERE `fid` = 2 AND `status` = 0 AND `show` = 0 ORDER BY sort asc  [ RunTime:0.0004s ]
SQL: SELECT * FROM `think_model` WHERE `fid` = 3 AND `status` = 0 AND `show` = 0 ORDER BY sort asc  [ RunTime:0.0004s ]
SQL: SELECT * FROM `think_model` WHERE `fid` = 4 AND `status` = 0 AND `show` = 0 ORDER BY sort asc  [ RunTime:0.0003s ]
SQL: SELECT * FROM `think_model` WHERE `fid` = 5 AND `status` = 0 AND `show` = 0 ORDER BY sort asc  [ RunTime:0.0004s ]
SQL: SELECT * FROM `think_model` WHERE `fid` = 6 AND `status` = 0 AND `show` = 0 ORDER BY sort asc  [ RunTime:0.0003s ]
SQL: SELECT * FROM `think_model` WHERE `fid` = 7 AND `status` = 0 AND `show` = 0 ORDER BY sort asc  [ RunTime:0.0004s ]
SQL: SELECT * FROM `think_model` WHERE `fid` = 8 AND `status` = 0 AND `show` = 0 ORDER BY sort asc  [ RunTime:0.0004s ]
NOTIC: [8] Undefined index: status /home/wwwroot/cpa88.com/Application/Admin/Controller/BaseController.class.php 第 260 行.
SQL: SHOW COLUMNS FROM `think_product` [ RunTime:0.0017s ]
SQL: SELECT COUNT(*) AS tp_count FROM `think_product` LIMIT 1   [ RunTime:0.0003s ]
SQL: SELECT * FROM `think_product` ORDER BY sort asc,status asc LIMIT 0,10   [ RunTime:0.0011s ]
SQL: SHOW COLUMNS FROM `think_column` [ RunTime:0.0020s ]
SQL: SELECT `id`,`title` FROM `think_column` WHERE ( fid=0 and id!=3 )  [ RunTime:0.0005s ]
INFO: [ view_parse ] --START--
INFO: [ template_filter ] --START--
INFO: Run Behavior\ContentReplaceBehavior [ RunTime:0.000248s ]
INFO: [ template_filter ] --END-- [ RunTime:0.000358s ]
INFO: Run Behavior\ParseTemplateBehavior [ RunTime:0.025625s ]
INFO: [ view_parse ] --END-- [ RunTime:0.025724s ]
INFO: [ view_filter ] --START--
INFO: Run Behavior\WriteHtmlCacheBehavior [ RunTime:0.000228s ]
INFO: [ view_filter ] --END-- [ RunTime:0.000316s ]
INFO: [ app_end ] --START--
INFO: Run Behavior\ShowPageTraceBehavior [ RunTime:0.000961s ]
INFO: [ app_end ] --END-- [ RunTime:0.001063s ]

[ 2016-06-27T15:58:40+08:00 ] 49.64.224.237 /Admin/Member
INFO: [ app_init ] --START--
INFO: Run Behavior\BuildLiteBehavior [ RunTime:0.000019s ]
INFO: [ app_init ] --END-- [ RunTime:0.000116s ]
INFO: [ app_begin ] --START--
INFO: Run Behavior\ReadHtmlCacheBehavior [ RunTime:0.000120s ]
INFO: Run Behavior\CheckLangBehavior [ RunTime:0.000122s ]
INFO: [ app_begin ] --END-- [ RunTime:0.000368s ]
NOTIC: [2048] Declaration of Admin\Controller\MemberController::_details() should be compatible with Admin\Controller\BaseController::_details($attr) /home/wwwroot/cpa88.com/Application/Admin/Controller/MemberController.class.php 第 5 行.
SQL: SHOW COLUMNS FROM `think_model` [ RunTime:0.0017s ]
SQL: SELECT * FROM `think_model` WHERE ( fid=0 and "show"=0 and status=0 and id in(1,2,3,4,5,6,7,8) )  [ RunTime:0.0004s ]
SQL: SELECT * FROM `think_model` WHERE `fid` = 1 AND `status` = 0 AND `show` = 0 ORDER BY sort asc  [ RunTime:0.0003s ]
SQL: SELECT * FROM `think_model` WHERE `fid` = 2 AND `status` = 0 AND `show` = 0 ORDER BY sort asc  [ RunTime:0.0002s ]
SQL: SELECT * FROM `think_model` WHERE `fid` = 3 AND `status` = 0 AND `show` = 0 ORDER BY sort asc  [ RunTime:0.0004s ]
SQL: SELECT * FROM `think_model` WHERE `fid` = 4 AND `status` = 0 AND `show` = 0 ORDER BY sort asc  [ RunTime:0.0003s ]
SQL: SELECT * FROM `think_model` WHERE `fid` = 5 AND `status` = 0 AND `show` = 0 ORDER BY sort asc  [ RunTime:0.0002s ]
SQL: SELECT * FROM `think_model` WHERE `fid` = 6 AND `status` = 0 AND `show` = 0 ORDER BY sort asc  [ RunTime:0.0003s ]
SQL: SELECT * FROM `think_model` WHERE `fid` = 7 AND `status` = 0 AND `show` = 0 ORDER BY sort asc  [ RunTime:0.0002s ]
SQL: SELECT * FROM `think_model` WHERE `fid` = 8 AND `status` = 0 AND `show` = 0 ORDER BY sort asc  [ RunTime:0.0003s ]
NOTIC: [8] Undefined index: status /home/wwwroot/cpa88.com/Application/Admin/Controller/MemberController.class.php 第 601 行.
NOTIC: [8] Undefined index: package /home/wwwroot/cpa88.com/Application/Admin/Controller/MemberController.class.php 第 629 行.
NOTIC: [8] Undefined index: pname /home/wwwroot/cpa88.com/Application/Admin/Controller/MemberController.class.php 第 630 行.
NOTIC: [8] Undefined variable: map /home/wwwroot/cpa88.com/Application/Admin/Controller/MemberController.class.php 第 632 行.
SQL: SHOW COLUMNS FROM `think_member` [ RunTime:0.0010s ]
SQL: SELECT COUNT(*) AS tp_count FROM `think_member` WHERE `status` = 0 LIMIT 1   [ RunTime:0.0003s ]
SQL: SELECT * FROM `think_member` WHERE `status` = 0 ORDER BY create_time desc LIMIT 0,10   [ RunTime:0.0004s ]
INFO: [ view_parse ] --START--
INFO: [ template_filter ] --START--
INFO: Run Behavior\ContentReplaceBehavior [ RunTime:0.000158s ]
INFO: [ template_filter ] --END-- [ RunTime:0.000220s ]
SQL: SHOW COLUMNS FROM `think_producted` [ RunTime:0.0009s ]
SQL: SELECT COUNT(*) AS tp_count FROM `think_producted` WHERE `mid` = 10 AND `status` = 0 LIMIT 1   [ RunTime:0.0002s ]
SQL: SELECT COUNT(*) AS tp_count FROM `think_producted` WHERE `mid` = 9 AND `status` = 0 LIMIT 1   [ RunTime:0.0006s ]
SQL: SELECT COUNT(*) AS tp_count FROM `think_producted` WHERE `mid` = 8 AND `status` = 0 LIMIT 1   [ RunTime:0.0002s ]
SQL: SELECT COUNT(*) AS tp_count FROM `think_producted` WHERE `mid` = 7 AND `status` = 0 LIMIT 1   [ RunTime:0.0002s ]
SQL: SELECT COUNT(*) AS tp_count FROM `think_producted` WHERE `mid` = 6 AND `status` = 0 LIMIT 1   [ RunTime:0.0002s ]
SQL: SELECT COUNT(*) AS tp_count FROM `think_producted` WHERE `mid` = 5 AND `status` = 0 LIMIT 1   [ RunTime:0.0002s ]
SQL: SELECT COUNT(*) AS tp_count FROM `think_producted` WHERE `mid` = 4 AND `status` = 0 LIMIT 1   [ RunTime:0.0002s ]
SQL: SELECT COUNT(*) AS tp_count FROM `think_producted` WHERE `mid` = 3 AND `status` = 0 LIMIT 1   [ RunTime:0.0002s ]
SQL: SELECT COUNT(*) AS tp_count FROM `think_producted` WHERE `mid` = 2 AND `status` = 0 LIMIT 1   [ RunTime:0.0002s ]
SQL: SELECT COUNT(*) AS tp_count FROM `think_producted` WHERE `mid` = 1 AND `status` = 0 LIMIT 1   [ RunTime:0.0002s ]
INFO: Run Behavior\ParseTemplateBehavior [ RunTime:0.019755s ]
INFO: [ view_parse ] --END-- [ RunTime:0.019811s ]
INFO: [ view_filter ] --START--
INFO: Run Behavior\WriteHtmlCacheBehavior [ RunTime:0.000132s ]
INFO: [ view_filter ] --END-- [ RunTime:0.000182s ]
INFO: [ app_end ] --START--
INFO: Run Behavior\ShowPageTraceBehavior [ RunTime:0.000125s ]
INFO: [ app_end ] --END-- [ RunTime:0.000181s ]

[ 2016-06-27T15:58:40+08:00 ] 180.153.214.180 /admin/member
INFO: [ app_init ] --START--
INFO: Run Behavior\BuildLiteBehavior [ RunTime:0.000048s ]
INFO: [ app_init ] --END-- [ RunTime:0.000240s ]
INFO: [ app_begin ] --START--
INFO: Run Behavior\ReadHtmlCacheBehavior [ RunTime:0.000142s ]
INFO: Run Behavior\CheckLangBehavior [ RunTime:0.000121s ]
INFO: [ app_begin ] --END-- [ RunTime:0.000354s ]
NOTIC: [2048] Declaration of Admin\Controller\MemberController::_details() should be compatible with Admin\Controller\BaseController::_details($attr) /home/wwwroot/cpa88.com/Application/Admin/Controller/MemberController.class.php 第 5 行.

[ 2016-06-27T15:58:44+08:00 ] 49.64.224.237 /Admin/Member/see?mid=9
INFO: [ app_init ] --START--
INFO: Run Behavior\BuildLiteBehavior [ RunTime:0.000044s ]
INFO: [ app_init ] --END-- [ RunTime:0.000265s ]
INFO: [ app_begin ] --START--
INFO: Run Behavior\ReadHtmlCacheBehavior [ RunTime:0.000211s ]
INFO: Run Behavior\CheckLangBehavior [ RunTime:0.000196s ]
INFO: [ app_begin ] --END-- [ RunTime:0.000566s ]
NOTIC: [2048] Declaration of Admin\Controller\MemberController::_details() should be compatible with Admin\Controller\BaseController::_details($attr) /home/wwwroot/cpa88.com/Application/Admin/Controller/MemberController.class.php 第 5 行.
SQL: SHOW COLUMNS FROM `think_model` [ RunTime:0.0030s ]
SQL: SELECT * FROM `think_model` WHERE ( fid=0 and "show"=0 and status=0 and id in(1,2,3,4,5,6,7,8) )  [ RunTime:0.0006s ]
SQL: SELECT * FROM `think_model` WHERE `fid` = 1 AND `status` = 0 AND `show` = 0 ORDER BY sort asc  [ RunTime:0.0003s ]
SQL: SELECT * FROM `think_model` WHERE `fid` = 2 AND `status` = 0 AND `show` = 0 ORDER BY sort asc  [ RunTime:0.0003s ]
SQL: SELECT * FROM `think_model` WHERE `fid` = 3 AND `status` = 0 AND `show` = 0 ORDER BY sort asc  [ RunTime:0.0003s ]
SQL: SELECT * FROM `think_model` WHERE `fid` = 4 AND `status` = 0 AND `show` = 0 ORDER BY sort asc  [ RunTime:0.0003s ]
SQL: SELECT * FROM `think_model` WHERE `fid` = 5 AND `status` = 0 AND `show` = 0 ORDER BY sort asc  [ RunTime:0.0003s ]
SQL: SELECT * FROM `think_model` WHERE `fid` = 6 AND `status` = 0 AND `show` = 0 ORDER BY sort asc  [ RunTime:0.0003s ]
SQL: SELECT * FROM `think_model` WHERE `fid` = 7 AND `status` = 0 AND `show` = 0 ORDER BY sort asc  [ RunTime:0.0003s ]
SQL: SELECT * FROM `think_model` WHERE `fid` = 8 AND `status` = 0 AND `show` = 0 ORDER BY sort asc  [ RunTime:0.0003s ]
NOTIC: [8] Use of undefined constant intval - assumed 'intval' /home/wwwroot/cpa88.com/Application/Admin/Controller/MemberController.class.php 第 19 行.
SQL: SHOW COLUMNS FROM `think_member` [ RunTime:0.0014s ]
SQL: SELECT * FROM `think_member` WHERE `id` = 9 LIMIT 1   [ RunTime:0.0004s ]
SQL: SHOW COLUMNS FROM `think_payway` [ RunTime:0.0008s ]
SQL: SELECT * FROM `think_payway` WHERE `mid` = 9 AND `pay_default` = 1  [ RunTime:0.0003s ]
INFO: [ view_parse ] --START--
INFO: [ template_filter ] --START--
INFO: Run Behavior\ContentReplaceBehavior [ RunTime:0.000240s ]
INFO: [ template_filter ] --END-- [ RunTime:0.000332s ]
SQL: SHOW COLUMNS FROM `think_producted` [ RunTime:0.0012s ]
SQL: SELECT COUNT(*) AS tp_count FROM `think_producted` WHERE `mid` = 9 AND `status` = 0 LIMIT 1   [ RunTime:0.0003s ]
INFO: Run Behavior\ParseTemplateBehavior [ RunTime:0.022418s ]
INFO: [ view_parse ] --END-- [ RunTime:0.022477s ]
INFO: [ view_filter ] --START--
INFO: Run Behavior\WriteHtmlCacheBehavior [ RunTime:0.000755s ]
INFO: [ view_filter ] --END-- [ RunTime:0.001027s ]
INFO: [ app_end ] --START--
INFO: Run Behavior\ShowPageTraceBehavior [ RunTime:0.000204s ]
INFO: [ app_end ] --END-- [ RunTime:0.000266s ]

[ 2016-06-27T15:58:48+08:00 ] 101.226.65.104 /admin/product
INFO: [ app_init ] --START--
INFO: Run Behavior\BuildLiteBehavior [ RunTime:0.000050s ]
INFO: [ app_init ] --END-- [ RunTime:0.000266s ]
INFO: [ app_begin ] --START--
INFO: Run Behavior\ReadHtmlCacheBehavior [ RunTime:0.000155s ]
INFO: Run Behavior\CheckLangBehavior [ RunTime:0.000158s ]
INFO: [ app_begin ] --END-- [ RunTime:0.000457s ]

[ 2016-06-27T15:58:48+08:00 ] 101.226.65.104 /Admin/Login/index
INFO: [ app_init ] --START--
INFO: Run Behavior\BuildLiteBehavior [ RunTime:0.000028s ]
INFO: [ app_init ] --END-- [ RunTime:0.000157s ]
INFO: [ app_begin ] --START--
INFO: Run Behavior\ReadHtmlCacheBehavior [ RunTime:0.000134s ]
INFO: Run Behavior\CheckLangBehavior [ RunTime:0.000149s ]
INFO: [ app_begin ] --END-- [ RunTime:0.000394s ]
INFO: [ view_parse ] --START--
INFO: [ template_filter ] --START--
INFO: Run Behavior\ContentReplaceBehavior [ RunTime:0.000107s ]
INFO: [ template_filter ] --END-- [ RunTime:0.000203s ]
INFO: Run Behavior\ParseTemplateBehavior [ RunTime:0.004168s ]
INFO: [ view_parse ] --END-- [ RunTime:0.004262s ]
INFO: [ view_filter ] --START--
INFO: Run Behavior\WriteHtmlCacheBehavior [ RunTime:0.000148s ]
INFO: [ view_filter ] --END-- [ RunTime:0.000198s ]
INFO: [ app_end ] --START--
INFO: Run Behavior\ShowPageTraceBehavior [ RunTime:0.000187s ]
INFO: [ app_end ] --END-- [ RunTime:0.000240s ]

[ 2016-06-27T15:58:48+08:00 ] 101.226.33.237 /admin/member
INFO: [ app_init ] --START--
INFO: Run Behavior\BuildLiteBehavior [ RunTime:0.000028s ]
INFO: [ app_init ] --END-- [ RunTime:0.000161s ]
INFO: [ app_begin ] --START--
INFO: Run Behavior\ReadHtmlCacheBehavior [ RunTime:0.000155s ]
INFO: Run Behavior\CheckLangBehavior [ RunTime:0.000131s ]
INFO: [ app_begin ] --END-- [ RunTime:0.000388s ]
NOTIC: [2048] Declaration of Admin\Controller\MemberController::_details() should be compatible with Admin\Controller\BaseController::_details($attr) /home/wwwroot/cpa88.com/Application/Admin/Controller/MemberController.class.php 第 5 行.

[ 2016-06-27T15:58:48+08:00 ] 101.226.33.237 /Admin/Login/index
INFO: [ app_init ] --START--
INFO: Run Behavior\BuildLiteBehavior [ RunTime:0.000039s ]
INFO: [ app_init ] --END-- [ RunTime:0.000212s ]
INFO: [ app_begin ] --START--
INFO: Run Behavior\ReadHtmlCacheBehavior [ RunTime:0.000138s ]
INFO: Run Behavior\CheckLangBehavior [ RunTime:0.000144s ]
INFO: [ app_begin ] --END-- [ RunTime:0.000400s ]
INFO: [ view_parse ] --START--
INFO: [ template_filter ] --START--
INFO: Run Behavior\ContentReplaceBehavior [ RunTime:0.000110s ]
INFO: [ template_filter ] --END-- [ RunTime:0.000203s ]
INFO: Run Behavior\ParseTemplateBehavior [ RunTime:0.003689s ]
INFO: [ view_parse ] --END-- [ RunTime:0.003826s ]
INFO: [ view_filter ] --START--
INFO: Run Behavior\WriteHtmlCacheBehavior [ RunTime:0.000133s ]
INFO: [ view_filter ] --END-- [ RunTime:0.000206s ]
INFO: [ app_end ] --START--
INFO: Run Behavior\ShowPageTraceBehavior [ RunTime:0.000143s ]
INFO: [ app_end ] --END-- [ RunTime:0.000195s ]

[ 2016-06-27T16:04:24+08:00 ] 119.147.146.189 /admin/index/index
INFO: [ app_init ] --START--
INFO: Run Behavior\BuildLiteBehavior [ RunTime:0.000043s ]
INFO: [ app_init ] --END-- [ RunTime:0.000287s ]
INFO: [ app_begin ] --START--
INFO: Run Behavior\ReadHtmlCacheBehavior [ RunTime:0.000193s ]
INFO: Run Behavior\CheckLangBehavior [ RunTime:0.000170s ]
INFO: [ app_begin ] --END-- [ RunTime:0.000466s ]

[ 2016-06-27T16:04:24+08:00 ] 119.147.146.189 /Admin/Login/index
INFO: [ app_init ] --START--
INFO: Run Behavior\BuildLiteBehavior [ RunTime:0.000030s ]
INFO: [ app_init ] --END-- [ RunTime:0.000198s ]
INFO: [ app_begin ] --START--
INFO: Run Behavior\ReadHtmlCacheBehavior [ RunTime:0.000166s ]
INFO: Run Behavior\CheckLangBehavior [ RunTime:0.000133s ]
INFO: [ app_begin ] --END-- [ RunTime:0.000412s ]
INFO: [ view_parse ] --START--
INFO: [ template_filter ] --START--
INFO: Run Behavior\ContentReplaceBehavior [ RunTime:0.000106s ]
INFO: [ template_filter ] --END-- [ RunTime:0.000229s ]
INFO: Run Behavior\ParseTemplateBehavior [ RunTime:0.004588s ]
INFO: [ view_parse ] --END-- [ RunTime:0.004674s ]
INFO: [ view_filter ] --START--
INFO: Run Behavior\WriteHtmlCacheBehavior [ RunTime:0.000182s ]
INFO: [ view_filter ] --END-- [ RunTime:0.000265s ]
INFO: [ app_end ] --START--
INFO: Run Behavior\ShowPageTraceBehavior [ RunTime:0.000208s ]
INFO: [ app_end ] --END-- [ RunTime:0.000265s ]

[ 2016-06-27T16:04:24+08:00 ] 119.147.146.189 /Admin/Login/index
INFO: [ app_init ] --START--
INFO: Run Behavior\BuildLiteBehavior [ RunTime:0.000034s ]
INFO: [ app_init ] --END-- [ RunTime:0.000206s ]
INFO: [ app_begin ] --START--
INFO: Run Behavior\ReadHtmlCacheBehavior [ RunTime:0.000169s ]
INFO: Run Behavior\CheckLangBehavior [ RunTime:0.000138s ]
INFO: [ app_begin ] --END-- [ RunTime:0.000454s ]
INFO: [ view_parse ] --START--
INFO: [ template_filter ] --START--
INFO: Run Behavior\ContentReplaceBehavior [ RunTime:0.000063s ]
INFO: [ template_filter ] --END-- [ RunTime:0.000135s ]
INFO: Run Behavior\ParseTemplateBehavior [ RunTime:0.003553s ]
INFO: [ view_parse ] --END-- [ RunTime:0.003622s ]
INFO: [ view_filter ] --START--
INFO: Run Behavior\WriteHtmlCacheBehavior [ RunTime:0.000085s ]
INFO: [ view_filter ] --END-- [ RunTime:0.000127s ]
INFO: [ app_end ] --START--
INFO: Run Behavior\ShowPageTraceBehavior [ RunTime:0.000090s ]
INFO: [ app_end ] --END-- [ RunTime:0.000128s ]

[ 2016-06-27T16:07:26+08:00 ] 49.64.224.237 /Admin/Product
INFO: [ app_init ] --START--
INFO: Run Behavior\BuildLiteBehavior [ RunTime:0.000030s ]
INFO: [ app_init ] --END-- [ RunTime:0.000182s ]
INFO: [ app_begin ] --START--
INFO: Run Behavior\ReadHtmlCacheBehavior [ RunTime:0.000182s ]
INFO: Run Behavior\CheckLangBehavior [ RunTime:0.000170s ]
INFO: [ app_begin ] --END-- [ RunTime:0.000446s ]
SQL: SHOW COLUMNS FROM `think_model` [ RunTime:0.0014s ]
SQL: SELECT * FROM `think_model` WHERE ( fid=0 and "show"=0 and status=0 and id in(1,2,3,4,5,6,7,8) )  [ RunTime:0.0005s ]
SQL: SELECT * FROM `think_model` WHERE `fid` = 1 AND `status` = 0 AND `show` = 0 ORDER BY sort asc  [ RunTime:0.0003s ]
SQL: SELECT * FROM `think_model` WHERE `fid` = 2 AND `status` = 0 AND `show` = 0 ORDER BY sort asc  [ RunTime:0.0003s ]
SQL: SELECT * FROM `think_model` WHERE `fid` = 3 AND `status` = 0 AND `show` = 0 ORDER BY sort asc  [ RunTime:0.0003s ]
SQL: SELECT * FROM `think_model` WHERE `fid` = 4 AND `status` = 0 AND `show` = 0 ORDER BY sort asc  [ RunTime:0.0003s ]
SQL: SELECT * FROM `think_model` WHERE `fid` = 5 AND `status` = 0 AND `show` = 0 ORDER BY sort asc  [ RunTime:0.0003s ]
SQL: SELECT * FROM `think_model` WHERE `fid` = 6 AND `status` = 0 AND `show` = 0 ORDER BY sort asc  [ RunTime:0.0003s ]
SQL: SELECT * FROM `think_model` WHERE `fid` = 7 AND `status` = 0 AND `show` = 0 ORDER BY sort asc  [ RunTime:0.0003s ]
SQL: SELECT * FROM `think_model` WHERE `fid` = 8 AND `status` = 0 AND `show` = 0 ORDER BY sort asc  [ RunTime:0.0002s ]
NOTIC: [8] Undefined index: status /home/wwwroot/cpa88.com/Application/Admin/Controller/BaseController.class.php 第 260 行.
SQL: SHOW COLUMNS FROM `think_product` [ RunTime:0.0011s ]
SQL: SELECT COUNT(*) AS tp_count FROM `think_product` LIMIT 1   [ RunTime:0.0002s ]
SQL: SELECT * FROM `think_product` ORDER BY sort asc,status asc LIMIT 0,10   [ RunTime:0.0006s ]
SQL: SHOW COLUMNS FROM `think_column` [ RunTime:0.0011s ]
SQL: SELECT `id`,`title` FROM `think_column` WHERE ( fid=0 and id!=3 )  [ RunTime:0.0003s ]
INFO: [ view_parse ] --START--
INFO: [ template_filter ] --START--
INFO: Run Behavior\ContentReplaceBehavior [ RunTime:0.000225s ]
INFO: [ template_filter ] --END-- [ RunTime:0.000291s ]
INFO: Run Behavior\ParseTemplateBehavior [ RunTime:0.014944s ]
INFO: [ view_parse ] --END-- [ RunTime:0.015020s ]
INFO: [ view_filter ] --START--
INFO: Run Behavior\WriteHtmlCacheBehavior [ RunTime:0.000165s ]
INFO: [ view_filter ] --END-- [ RunTime:0.000216s ]
INFO: [ app_end ] --START--
INFO: Run Behavior\ShowPageTraceBehavior [ RunTime:0.000210s ]
INFO: [ app_end ] --END-- [ RunTime:0.000275s ]

[ 2016-06-27T16:07:30+08:00 ] 49.64.224.237 /Admin/Product/index/p/2
INFO: [ app_init ] --START--
INFO: Run Behavior\BuildLiteBehavior [ RunTime:0.000027s ]
INFO: [ app_init ] --END-- [ RunTime:0.000151s ]
INFO: [ app_begin ] --START--
INFO: Run Behavior\ReadHtmlCacheBehavior [ RunTime:0.000144s ]
INFO: Run Behavior\CheckLangBehavior [ RunTime:0.000120s ]
INFO: [ app_begin ] --END-- [ RunTime:0.000368s ]
SQL: SHOW COLUMNS FROM `think_model` [ RunTime:0.0013s ]
SQL: SELECT * FROM `think_model` WHERE ( fid=0 and "show"=0 and status=0 and id in(1,2,3,4,5,6,7,8) )  [ RunTime:0.0005s ]
SQL: SELECT * FROM `think_model` WHERE `fid` = 1 AND `status` = 0 AND `show` = 0 ORDER BY sort asc  [ RunTime:0.0003s ]
SQL: SELECT * FROM `think_model` WHERE `fid` = 2 AND `status` = 0 AND `show` = 0 ORDER BY sort asc  [ RunTime:0.0003s ]
SQL: SELECT * FROM `think_model` WHERE `fid` = 3 AND `status` = 0 AND `show` = 0 ORDER BY sort asc  [ RunTime:0.0003s ]
SQL: SELECT * FROM `think_model` WHERE `fid` = 4 AND `status` = 0 AND `show` = 0 ORDER BY sort asc  [ RunTime:0.0003s ]
SQL: SELECT * FROM `think_model` WHERE `fid` = 5 AND `status` = 0 AND `show` = 0 ORDER BY sort asc  [ RunTime:0.0003s ]
SQL: SELECT * FROM `think_model` WHERE `fid` = 6 AND `status` = 0 AND `show` = 0 ORDER BY sort asc  [ RunTime:0.0003s ]
SQL: SELECT * FROM `think_model` WHERE `fid` = 7 AND `status` = 0 AND `show` = 0 ORDER BY sort asc  [ RunTime:0.0003s ]
SQL: SELECT * FROM `think_model` WHERE `fid` = 8 AND `status` = 0 AND `show` = 0 ORDER BY sort asc  [ RunTime:0.0003s ]
NOTIC: [8] Undefined index: status /home/wwwroot/cpa88.com/Application/Admin/Controller/BaseController.class.php 第 260 行.
SQL: SHOW COLUMNS FROM `think_product` [ RunTime:0.0010s ]
SQL: SELECT COUNT(*) AS tp_count FROM `think_product` LIMIT 1   [ RunTime:0.0002s ]
SQL: SELECT * FROM `think_product` ORDER BY sort asc,status asc LIMIT 10,10   [ RunTime:0.0008s ]
SQL: SHOW COLUMNS FROM `think_column` [ RunTime:0.0013s ]
SQL: SELECT `id`,`title` FROM `think_column` WHERE ( fid=0 and id!=3 )  [ RunTime:0.0003s ]
INFO: [ view_parse ] --START--
INFO: [ template_filter ] --START--
INFO: Run Behavior\ContentReplaceBehavior [ RunTime:0.000178s ]
INFO: [ template_filter ] --END-- [ RunTime:0.000292s ]
INFO: Run Behavior\ParseTemplateBehavior [ RunTime:0.015470s ]
INFO: [ view_parse ] --END-- [ RunTime:0.015548s ]
INFO: [ view_filter ] --START--
INFO: Run Behavior\WriteHtmlCacheBehavior [ RunTime:0.000138s ]
INFO: [ view_filter ] --END-- [ RunTime:0.000190s ]
INFO: [ app_end ] --START--
INFO: Run Behavior\ShowPageTraceBehavior [ RunTime:0.000151s ]
INFO: [ app_end ] --END-- [ RunTime:0.000242s ]

[ 2016-06-27T16:07:31+08:00 ] 112.64.235.86 /admin/product/index/p/2
INFO: [ app_init ] --START--
INFO: Run Behavior\BuildLiteBehavior [ RunTime:0.000035s ]
INFO: [ app_init ] --END-- [ RunTime:0.000232s ]
INFO: [ app_begin ] --START--
INFO: Run Behavior\ReadHtmlCacheBehavior [ RunTime:0.000125s ]
INFO: Run Behavior\CheckLangBehavior [ RunTime:0.000131s ]
INFO: [ app_begin ] --END-- [ RunTime:0.000374s ]

[ 2016-06-27T16:07:31+08:00 ] 112.64.235.86 /Admin/Login/index
INFO: [ app_init ] --START--
INFO: Run Behavior\BuildLiteBehavior [ RunTime:0.000018s ]
INFO: [ app_init ] --END-- [ RunTime:0.000153s ]
INFO: [ app_begin ] --START--
INFO: Run Behavior\ReadHtmlCacheBehavior [ RunTime:0.000121s ]
INFO: Run Behavior\CheckLangBehavior [ RunTime:0.000110s ]
INFO: [ app_begin ] --END-- [ RunTime:0.000323s ]
INFO: [ view_parse ] --START--
INFO: [ template_filter ] --START--
INFO: Run Behavior\ContentReplaceBehavior [ RunTime:0.000065s ]
INFO: [ template_filter ] --END-- [ RunTime:0.000180s ]
INFO: Run Behavior\ParseTemplateBehavior [ RunTime:0.003367s ]
INFO: [ view_parse ] --END-- [ RunTime:0.003603s ]
INFO: [ view_filter ] --START--
INFO: Run Behavior\WriteHtmlCacheBehavior [ RunTime:0.000117s ]
INFO: [ view_filter ] --END-- [ RunTime:0.000202s ]
INFO: [ app_end ] --START--
INFO: Run Behavior\ShowPageTraceBehavior [ RunTime:0.000126s ]
INFO: [ app_end ] --END-- [ RunTime:0.000175s ]

[ 2016-06-27T16:07:31+08:00 ] 101.226.65.108 /admin/product/index/p/2
INFO: [ app_init ] --START--
INFO: Run Behavior\BuildLiteBehavior [ RunTime:0.000019s ]
INFO: [ app_init ] --END-- [ RunTime:0.000161s ]
INFO: [ app_begin ] --START--
INFO: Run Behavior\ReadHtmlCacheBehavior [ RunTime:0.000126s ]
INFO: Run Behavior\CheckLangBehavior [ RunTime:0.000158s ]
INFO: [ app_begin ] --END-- [ RunTime:0.000396s ]

[ 2016-06-27T16:07:32+08:00 ] 101.226.65.108 /Admin/Login/index
INFO: [ app_init ] --START--
INFO: Run Behavior\BuildLiteBehavior [ RunTime:0.000027s ]
INFO: [ app_init ] --END-- [ RunTime:0.000196s ]
INFO: [ app_begin ] --START--
INFO: Run Behavior\ReadHtmlCacheBehavior [ RunTime:0.000127s ]
INFO: Run Behavior\CheckLangBehavior [ RunTime:0.000116s ]
INFO: [ app_begin ] --END-- [ RunTime:0.000345s ]
INFO: [ view_parse ] --START--
INFO: [ template_filter ] --START--
INFO: Run Behavior\ContentReplaceBehavior [ RunTime:0.000065s ]
INFO: [ template_filter ] --END-- [ RunTime:0.000151s ]
INFO: Run Behavior\ParseTemplateBehavior [ RunTime:0.003780s ]
INFO: [ view_parse ] --END-- [ RunTime:0.003896s ]
INFO: [ view_filter ] --START--
INFO: Run Behavior\WriteHtmlCacheBehavior [ RunTime:0.000123s ]
INFO: [ view_filter ] --END-- [ RunTime:0.000184s ]
INFO: [ app_end ] --START--
INFO: Run Behavior\ShowPageTraceBehavior [ RunTime:0.000181s ]
INFO: [ app_end ] --END-- [ RunTime:0.000257s ]

[ 2016-06-27T16:07:34+08:00 ] 49.64.224.237 /Admin/Product/index/p/3
INFO: [ app_init ] --START--
INFO: Run Behavior\BuildLiteBehavior [ RunTime:0.000037s ]
INFO: [ app_init ] --END-- [ RunTime:0.000229s ]
INFO: [ app_begin ] --START--
INFO: Run Behavior\ReadHtmlCacheBehavior [ RunTime:0.000136s ]
INFO: Run Behavior\CheckLangBehavior [ RunTime:0.000199s ]
INFO: [ app_begin ] --END-- [ RunTime:0.000491s ]
SQL: SHOW COLUMNS FROM `think_model` [ RunTime:0.0017s ]
SQL: SELECT * FROM `think_model` WHERE ( fid=0 and "show"=0 and status=0 and id in(1,2,3,4,5,6,7,8) )  [ RunTime:0.0005s ]
SQL: SELECT * FROM `think_model` WHERE `fid` = 1 AND `status` = 0 AND `show` = 0 ORDER BY sort asc  [ RunTime:0.0003s ]
SQL: SELECT * FROM `think_model` WHERE `fid` = 2 AND `status` = 0 AND `show` = 0 ORDER BY sort asc  [ RunTime:0.0003s ]
SQL: SELECT * FROM `think_model` WHERE `fid` = 3 AND `status` = 0 AND `show` = 0 ORDER BY sort asc  [ RunTime:0.0003s ]
SQL: SELECT * FROM `think_model` WHERE `fid` = 4 AND `status` = 0 AND `show` = 0 ORDER BY sort asc  [ RunTime:0.0003s ]
SQL: SELECT * FROM `think_model` WHERE `fid` = 5 AND `status` = 0 AND `show` = 0 ORDER BY sort asc  [ RunTime:0.0003s ]
SQL: SELECT * FROM `think_model` WHERE `fid` = 6 AND `status` = 0 AND `show` = 0 ORDER BY sort asc  [ RunTime:0.0003s ]
SQL: SELECT * FROM `think_model` WHERE `fid` = 7 AND `status` = 0 AND `show` = 0 ORDER BY sort asc  [ RunTime:0.0003s ]
SQL: SELECT * FROM `think_model` WHERE `fid` = 8 AND `status` = 0 AND `show` = 0 ORDER BY sort asc  [ RunTime:0.0004s ]
NOTIC: [8] Undefined index: status /home/wwwroot/cpa88.com/Application/Admin/Controller/BaseController.class.php 第 260 行.
SQL: SHOW COLUMNS FROM `think_product` [ RunTime:0.0013s ]
SQL: SELECT COUNT(*) AS tp_count FROM `think_product` LIMIT 1   [ RunTime:0.0002s ]
SQL: SELECT * FROM `think_product` ORDER BY sort asc,status asc LIMIT 20,10   [ RunTime:0.0004s ]
SQL: SHOW COLUMNS FROM `think_column` [ RunTime:0.0011s ]
SQL: SELECT `id`,`title` FROM `think_column` WHERE ( fid=0 and id!=3 )  [ RunTime:0.0003s ]
INFO: [ view_parse ] --START--
INFO: [ template_filter ] --START--
INFO: Run Behavior\ContentReplaceBehavior [ RunTime:0.000199s ]
INFO: [ template_filter ] --END-- [ RunTime:0.000285s ]
INFO: Run Behavior\ParseTemplateBehavior [ RunTime:0.015496s ]
INFO: [ view_parse ] --END-- [ RunTime:0.015577s ]
INFO: [ view_filter ] --START--
INFO: Run Behavior\WriteHtmlCacheBehavior [ RunTime:0.000172s ]
INFO: [ view_filter ] --END-- [ RunTime:0.000225s ]
INFO: [ app_end ] --START--
INFO: Run Behavior\ShowPageTraceBehavior [ RunTime:0.000144s ]
INFO: [ app_end ] --END-- [ RunTime:0.000202s ]

[ 2016-06-27T16:07:37+08:00 ] 101.226.51.228 /admin/product/index/p/3
INFO: [ app_init ] --START--
INFO: Run Behavior\BuildLiteBehavior [ RunTime:0.000028s ]
INFO: [ app_init ] --END-- [ RunTime:0.000183s ]
INFO: [ app_begin ] --START--
INFO: Run Behavior\ReadHtmlCacheBehavior [ RunTime:0.000131s ]
INFO: Run Behavior\CheckLangBehavior [ RunTime:0.000102s ]
INFO: [ app_begin ] --END-- [ RunTime:0.000313s ]

[ 2016-06-27T16:07:38+08:00 ] 101.226.51.228 /Admin/Login/index
INFO: [ app_init ] --START--
INFO: Run Behavior\BuildLiteBehavior [ RunTime:0.000028s ]
INFO: [ app_init ] --END-- [ RunTime:0.000160s ]
INFO: [ app_begin ] --START--
INFO: Run Behavior\ReadHtmlCacheBehavior [ RunTime:0.000125s ]
INFO: Run Behavior\CheckLangBehavior [ RunTime:0.000127s ]
INFO: [ app_begin ] --END-- [ RunTime:0.000360s ]
INFO: [ view_parse ] --START--
INFO: [ template_filter ] --START--
INFO: Run Behavior\ContentReplaceBehavior [ RunTime:0.000104s ]
INFO: [ template_filter ] --END-- [ RunTime:0.000192s ]
INFO: Run Behavior\ParseTemplateBehavior [ RunTime:0.004217s ]
INFO: [ view_parse ] --END-- [ RunTime:0.004301s ]
INFO: [ view_filter ] --START--
INFO: Run Behavior\WriteHtmlCacheBehavior [ RunTime:0.000176s ]
INFO: [ view_filter ] --END-- [ RunTime:0.000236s ]
INFO: [ app_end ] --START--
INFO: Run Behavior\ShowPageTraceBehavior [ RunTime:0.000146s ]
INFO: [ app_end ] --END-- [ RunTime:0.000215s ]

[ 2016-06-27T17:12:10+08:00 ] 49.64.224.237 /Admin/Login/index
INFO: [ app_init ] --START--
INFO: Run Behavior\BuildLiteBehavior [ RunTime:0.000024s ]
INFO: [ app_init ] --END-- [ RunTime:0.000153s ]
INFO: [ app_begin ] --START--
INFO: Run Behavior\ReadHtmlCacheBehavior [ RunTime:0.000137s ]
INFO: Run Behavior\CheckLangBehavior [ RunTime:0.000118s ]
INFO: [ app_begin ] --END-- [ RunTime:0.000393s ]
INFO: [ view_parse ] --START--
INFO: [ template_filter ] --START--
INFO: Run Behavior\ContentReplaceBehavior [ RunTime:0.000069s ]
INFO: [ template_filter ] --END-- [ RunTime:0.000132s ]
INFO: Run Behavior\ParseTemplateBehavior [ RunTime:0.003029s ]
INFO: [ view_parse ] --END-- [ RunTime:0.003091s ]
INFO: [ view_filter ] --START--
INFO: Run Behavior\WriteHtmlCacheBehavior [ RunTime:0.000121s ]
INFO: [ view_filter ] --END-- [ RunTime:0.000189s ]
INFO: [ app_end ] --START--
INFO: Run Behavior\ShowPageTraceBehavior [ RunTime:0.000155s ]
INFO: [ app_end ] --END-- [ RunTime:0.000193s ]

[ 2016-06-27T17:12:20+08:00 ] 49.64.224.237 /Admin/public/login
INFO: [ app_init ] --START--
INFO: Run Behavior\BuildLiteBehavior [ RunTime:0.000040s ]
INFO: [ app_init ] --END-- [ RunTime:0.000265s ]
INFO: [ app_begin ] --START--
INFO: Run Behavior\ReadHtmlCacheBehavior [ RunTime:0.000264s ]
INFO: Run Behavior\CheckLangBehavior [ RunTime:0.000286s ]
INFO: [ app_begin ] --END-- [ RunTime:0.000737s ]
SQL: SHOW COLUMNS FROM `think_admin` [ RunTime:0.0025s ]
SQL: SELECT * FROM `think_admin` WHERE `username` = 'admin' LIMIT 1   [ RunTime:0.0004s ]

[ 2016-06-27T17:12:26+08:00 ] 49.64.224.237 /Admin/public/login
INFO: [ app_init ] --START--
INFO: Run Behavior\BuildLiteBehavior [ RunTime:0.000043s ]
INFO: [ app_init ] --END-- [ RunTime:0.000260s ]
INFO: [ app_begin ] --START--
INFO: Run Behavior\ReadHtmlCacheBehavior [ RunTime:0.000166s ]
INFO: Run Behavior\CheckLangBehavior [ RunTime:0.000151s ]
INFO: [ app_begin ] --END-- [ RunTime:0.000413s ]
SQL: SHOW COLUMNS FROM `think_admin` [ RunTime:0.0029s ]
SQL: SELECT * FROM `think_admin` WHERE `username` = 'admin' LIMIT 1   [ RunTime:0.0005s ]

[ 2016-06-27T17:12:33+08:00 ] 49.64.224.237 /Admin/public/login
INFO: [ app_init ] --START--
INFO: Run Behavior\BuildLiteBehavior [ RunTime:0.000059s ]
INFO: [ app_init ] --END-- [ RunTime:0.000374s ]
INFO: [ app_begin ] --START--
INFO: Run Behavior\ReadHtmlCacheBehavior [ RunTime:0.000184s ]
INFO: Run Behavior\CheckLangBehavior [ RunTime:0.000194s ]
INFO: [ app_begin ] --END-- [ RunTime:0.000518s ]
SQL: SHOW COLUMNS FROM `think_admin` [ RunTime:0.0025s ]
SQL: SELECT * FROM `think_admin` WHERE `username` = 'admin' LIMIT 1   [ RunTime:0.0004s ]
NOTIC: [8] Use of undefined constant intval - assumed 'intval' /home/wwwroot/cpa88.com/Application/Admin/Controller/PublicController.class.php 第 37 行.
SQL: UPDATE `think_admin` SET `last_date`='1467018753',`last_ip`='49.64.224.237' WHERE `id` = 1 [ RunTime:0.0006s ]
NOTIC: [8] Undefined index: logintime /home/wwwroot/cpa88.com/Application/Admin/Controller/PublicController.class.php 第 58 行.
NOTIC: [8] Undefined index: loginip /home/wwwroot/cpa88.com/Application/Admin/Controller/PublicController.class.php 第 59 行.

[ 2016-06-27T17:12:33+08:00 ] 49.64.224.237 /Admin/Index/index
INFO: [ app_init ] --START--
INFO: Run Behavior\BuildLiteBehavior [ RunTime:0.000026s ]
INFO: [ app_init ] --END-- [ RunTime:0.000177s ]
INFO: [ app_begin ] --START--
INFO: Run Behavior\ReadHtmlCacheBehavior [ RunTime:0.000143s ]
INFO: Run Behavior\CheckLangBehavior [ RunTime:0.000128s ]
INFO: [ app_begin ] --END-- [ RunTime:0.000380s ]
SQL: SHOW COLUMNS FROM `think_model` [ RunTime:0.0014s ]
SQL: SELECT * FROM `think_model` WHERE ( fid=0 and "show"=0 and status=0 )  [ RunTime:0.0004s ]
SQL: SELECT * FROM `think_model` WHERE `fid` = 1 AND `status` = 0 AND `show` = 0 ORDER BY sort asc  [ RunTime:0.0003s ]
SQL: SELECT * FROM `think_model` WHERE `fid` = 2 AND `status` = 0 AND `show` = 0 ORDER BY sort asc  [ RunTime:0.0003s ]
SQL: SELECT * FROM `think_model` WHERE `fid` = 3 AND `status` = 0 AND `show` = 0 ORDER BY sort asc  [ RunTime:0.0003s ]
SQL: SELECT * FROM `think_model` WHERE `fid` = 4 AND `status` = 0 AND `show` = 0 ORDER BY sort asc  [ RunTime:0.0003s ]
SQL: SELECT * FROM `think_model` WHERE `fid` = 5 AND `status` = 0 AND `show` = 0 ORDER BY sort asc  [ RunTime:0.0003s ]
SQL: SELECT * FROM `think_model` WHERE `fid` = 6 AND `status` = 0 AND `show` = 0 ORDER BY sort asc  [ RunTime:0.0004s ]
SQL: SELECT * FROM `think_model` WHERE `fid` = 7 AND `status` = 0 AND `show` = 0 ORDER BY sort asc  [ RunTime:0.0005s ]
SQL: SELECT * FROM `think_model` WHERE `fid` = 8 AND `status` = 0 AND `show` = 0 ORDER BY sort asc  [ RunTime:0.0003s ]
SQL: SHOW COLUMNS FROM `think_article` [ RunTime:0.0016s ]
SQL: SELECT COUNT(*) AS tp_count FROM `think_article` LIMIT 1   [ RunTime:0.0003s ]
SQL: SELECT * FROM `think_article` ORDER BY create_time desc,id desc LIMIT 0,1   [ RunTime:0.0005s ]
SQL: SHOW COLUMNS FROM `think_column` [ RunTime:0.0012s ]
SQL: SELECT COUNT(*) AS tp_count FROM `think_column` WHERE ( fid=0 ) LIMIT 1   [ RunTime:0.0003s ]

[ 2016-06-27T17:12:33+08:00 ] 49.64.224.237 /Admin/Member/index
INFO: [ app_init ] --START--
INFO: Run Behavior\BuildLiteBehavior [ RunTime:0.000026s ]
INFO: [ app_init ] --END-- [ RunTime:0.000158s ]
INFO: [ app_begin ] --START--
INFO: Run Behavior\ReadHtmlCacheBehavior [ RunTime:0.000123s ]
INFO: Run Behavior\CheckLangBehavior [ RunTime:0.000127s ]
INFO: [ app_begin ] --END-- [ RunTime:0.000388s ]
NOTIC: [2048] Declaration of Admin\Controller\MemberController::_details() should be compatible with Admin\Controller\BaseController::_details($attr) /home/wwwroot/cpa88.com/Application/Admin/Controller/MemberController.class.php 第 5 行.
SQL: SHOW COLUMNS FROM `think_model` [ RunTime:0.0012s ]
SQL: SELECT * FROM `think_model` WHERE ( fid=0 and "show"=0 and status=0 )  [ RunTime:0.0004s ]
SQL: SELECT * FROM `think_model` WHERE `fid` = 1 AND `status` = 0 AND `show` = 0 ORDER BY sort asc  [ RunTime:0.0003s ]
SQL: SELECT * FROM `think_model` WHERE `fid` = 2 AND `status` = 0 AND `show` = 0 ORDER BY sort asc  [ RunTime:0.0003s ]
SQL: SELECT * FROM `think_model` WHERE `fid` = 3 AND `status` = 0 AND `show` = 0 ORDER BY sort asc  [ RunTime:0.0003s ]
SQL: SELECT * FROM `think_model` WHERE `fid` = 4 AND `status` = 0 AND `show` = 0 ORDER BY sort asc  [ RunTime:0.0003s ]
SQL: SELECT * FROM `think_model` WHERE `fid` = 5 AND `status` = 0 AND `show` = 0 ORDER BY sort asc  [ RunTime:0.0003s ]
SQL: SELECT * FROM `think_model` WHERE `fid` = 6 AND `status` = 0 AND `show` = 0 ORDER BY sort asc  [ RunTime:0.0003s ]
SQL: SELECT * FROM `think_model` WHERE `fid` = 7 AND `status` = 0 AND `show` = 0 ORDER BY sort asc  [ RunTime:0.0003s ]
SQL: SELECT * FROM `think_model` WHERE `fid` = 8 AND `status` = 0 AND `show` = 0 ORDER BY sort asc  [ RunTime:0.0003s ]
NOTIC: [8] Undefined index: status /home/wwwroot/cpa88.com/Application/Admin/Controller/MemberController.class.php 第 601 行.
NOTIC: [8] Undefined index: package /home/wwwroot/cpa88.com/Application/Admin/Controller/MemberController.class.php 第 629 行.
NOTIC: [8] Undefined index: pname /home/wwwroot/cpa88.com/Application/Admin/Controller/MemberController.class.php 第 630 行.
NOTIC: [8] Undefined variable: map /home/wwwroot/cpa88.com/Application/Admin/Controller/MemberController.class.php 第 632 行.
SQL: SHOW COLUMNS FROM `think_member` [ RunTime:0.0011s ]
SQL: SELECT COUNT(*) AS tp_count FROM `think_member` WHERE `status` = 0 LIMIT 1   [ RunTime:0.0003s ]
SQL: SELECT * FROM `think_member` WHERE `status` = 0 ORDER BY create_time desc LIMIT 0,10   [ RunTime:0.0005s ]
INFO: [ view_parse ] --START--
INFO: [ template_filter ] --START--
INFO: Run Behavior\ContentReplaceBehavior [ RunTime:0.000223s ]
INFO: [ template_filter ] --END-- [ RunTime:0.000344s ]
SQL: SHOW COLUMNS FROM `think_producted` [ RunTime:0.0015s ]
SQL: SELECT COUNT(*) AS tp_count FROM `think_producted` WHERE `mid` = 10 AND `status` = 0 LIMIT 1   [ RunTime:0.0003s ]
SQL: SELECT COUNT(*) AS tp_count FROM `think_producted` WHERE `mid` = 9 AND `status` = 0 LIMIT 1   [ RunTime:0.0002s ]
SQL: SELECT COUNT(*) AS tp_count FROM `think_producted` WHERE `mid` = 8 AND `status` = 0 LIMIT 1   [ RunTime:0.0002s ]
SQL: SELECT COUNT(*) AS tp_count FROM `think_producted` WHERE `mid` = 7 AND `status` = 0 LIMIT 1   [ RunTime:0.0002s ]
SQL: SELECT COUNT(*) AS tp_count FROM `think_producted` WHERE `mid` = 6 AND `status` = 0 LIMIT 1   [ RunTime:0.0002s ]
SQL: SELECT COUNT(*) AS tp_count FROM `think_producted` WHERE `mid` = 5 AND `status` = 0 LIMIT 1   [ RunTime:0.0002s ]
SQL: SELECT COUNT(*) AS tp_count FROM `think_producted` WHERE `mid` = 4 AND `status` = 0 LIMIT 1   [ RunTime:0.0003s ]
SQL: SELECT COUNT(*) AS tp_count FROM `think_producted` WHERE `mid` = 3 AND `status` = 0 LIMIT 1   [ RunTime:0.0002s ]
SQL: SELECT COUNT(*) AS tp_count FROM `think_producted` WHERE `mid` = 2 AND `status` = 0 LIMIT 1   [ RunTime:0.0003s ]
SQL: SELECT COUNT(*) AS tp_count FROM `think_producted` WHERE `mid` = 1 AND `status` = 0 LIMIT 1   [ RunTime:0.0002s ]
INFO: Run Behavior\ParseTemplateBehavior [ RunTime:0.023091s ]
INFO: [ view_parse ] --END-- [ RunTime:0.023161s ]
INFO: [ view_filter ] --START--
INFO: Run Behavior\WriteHtmlCacheBehavior [ RunTime:0.000158s ]
INFO: [ view_filter ] --END-- [ RunTime:0.000245s ]
INFO: [ app_end ] --START--
INFO: Run Behavior\ShowPageTraceBehavior [ RunTime:0.000157s ]
INFO: [ app_end ] --END-- [ RunTime:0.000215s ]

[ 2016-06-27T17:12:41+08:00 ] 49.64.224.237 /Admin/Product
INFO: [ app_init ] --START--
INFO: Run Behavior\BuildLiteBehavior [ RunTime:0.000036s ]
INFO: [ app_init ] --END-- [ RunTime:0.000245s ]
INFO: [ app_begin ] --START--
INFO: Run Behavior\ReadHtmlCacheBehavior [ RunTime:0.000147s ]
INFO: Run Behavior\CheckLangBehavior [ RunTime:0.000154s ]
INFO: [ app_begin ] --END-- [ RunTime:0.000491s ]
SQL: SHOW COLUMNS FROM `think_model` [ RunTime:0.0030s ]
SQL: SELECT * FROM `think_model` WHERE ( fid=0 and "show"=0 and status=0 )  [ RunTime:0.0005s ]
SQL: SELECT * FROM `think_model` WHERE `fid` = 1 AND `status` = 0 AND `show` = 0 ORDER BY sort asc  [ RunTime:0.0003s ]
SQL: SELECT * FROM `think_model` WHERE `fid` = 2 AND `status` = 0 AND `show` = 0 ORDER BY sort asc  [ RunTime:0.0003s ]
SQL: SELECT * FROM `think_model` WHERE `fid` = 3 AND `status` = 0 AND `show` = 0 ORDER BY sort asc  [ RunTime:0.0002s ]
SQL: SELECT * FROM `think_model` WHERE `fid` = 4 AND `status` = 0 AND `show` = 0 ORDER BY sort asc  [ RunTime:0.0002s ]
SQL: SELECT * FROM `think_model` WHERE `fid` = 5 AND `status` = 0 AND `show` = 0 ORDER BY sort asc  [ RunTime:0.0002s ]
SQL: SELECT * FROM `think_model` WHERE `fid` = 6 AND `status` = 0 AND `show` = 0 ORDER BY sort asc  [ RunTime:0.0002s ]
SQL: SELECT * FROM `think_model` WHERE `fid` = 7 AND `status` = 0 AND `show` = 0 ORDER BY sort asc  [ RunTime:0.0002s ]
SQL: SELECT * FROM `think_model` WHERE `fid` = 8 AND `status` = 0 AND `show` = 0 ORDER BY sort asc  [ RunTime:0.0002s ]
NOTIC: [8] Undefined index: status /home/wwwroot/cpa88.com/Application/Admin/Controller/BaseController.class.php 第 260 行.
SQL: SHOW COLUMNS FROM `think_product` [ RunTime:0.0011s ]
SQL: SELECT COUNT(*) AS tp_count FROM `think_product` LIMIT 1   [ RunTime:0.0002s ]
SQL: SELECT * FROM `think_product` ORDER BY sort asc,status asc LIMIT 0,10   [ RunTime:0.0008s ]
SQL: SHOW COLUMNS FROM `think_column` [ RunTime:0.0011s ]
SQL: SELECT `id`,`title` FROM `think_column` WHERE ( fid=0 and id!=3 )  [ RunTime:0.0004s ]
INFO: [ view_parse ] --START--
INFO: [ template_filter ] --START--
INFO: Run Behavior\ContentReplaceBehavior [ RunTime:0.000185s ]
INFO: [ template_filter ] --END-- [ RunTime:0.000249s ]
INFO: Run Behavior\ParseTemplateBehavior [ RunTime:0.015682s ]
INFO: [ view_parse ] --END-- [ RunTime:0.015753s ]
INFO: [ view_filter ] --START--
INFO: Run Behavior\WriteHtmlCacheBehavior [ RunTime:0.000159s ]
INFO: [ view_filter ] --END-- [ RunTime:0.000210s ]
INFO: [ app_end ] --START--
INFO: Run Behavior\ShowPageTraceBehavior [ RunTime:0.000226s ]
INFO: [ app_end ] --END-- [ RunTime:0.000304s ]

[ 2016-06-27T17:12:44+08:00 ] 49.64.224.237 /Admin/Product/index/p/2
INFO: [ app_init ] --START--
INFO: Run Behavior\BuildLiteBehavior [ RunTime:0.000045s ]
INFO: [ app_init ] --END-- [ RunTime:0.000293s ]
INFO: [ app_begin ] --START--
INFO: Run Behavior\ReadHtmlCacheBehavior [ RunTime:0.000197s ]
INFO: Run Behavior\CheckLangBehavior [ RunTime:0.000171s ]
INFO: [ app_begin ] --END-- [ RunTime:0.000472s ]
SQL: SHOW COLUMNS FROM `think_model` [ RunTime:0.0030s ]
SQL: SELECT * FROM `think_model` WHERE ( fid=0 and "show"=0 and status=0 )  [ RunTime:0.0006s ]
SQL: SELECT * FROM `think_model` WHERE `fid` = 1 AND `status` = 0 AND `show` = 0 ORDER BY sort asc  [ RunTime:0.0003s ]
SQL: SELECT * FROM `think_model` WHERE `fid` = 2 AND `status` = 0 AND `show` = 0 ORDER BY sort asc  [ RunTime:0.0003s ]
SQL: SELECT * FROM `think_model` WHERE `fid` = 3 AND `status` = 0 AND `show` = 0 ORDER BY sort asc  [ RunTime:0.0003s ]
SQL: SELECT * FROM `think_model` WHERE `fid` = 4 AND `status` = 0 AND `show` = 0 ORDER BY sort asc  [ RunTime:0.0003s ]
SQL: SELECT * FROM `think_model` WHERE `fid` = 5 AND `status` = 0 AND `show` = 0 ORDER BY sort asc  [ RunTime:0.0003s ]
SQL: SELECT * FROM `think_model` WHERE `fid` = 6 AND `status` = 0 AND `show` = 0 ORDER BY sort asc  [ RunTime:0.0004s ]
SQL: SELECT * FROM `think_model` WHERE `fid` = 7 AND `status` = 0 AND `show` = 0 ORDER BY sort asc  [ RunTime:0.0003s ]
SQL: SELECT * FROM `think_model` WHERE `fid` = 8 AND `status` = 0 AND `show` = 0 ORDER BY sort asc  [ RunTime:0.0003s ]
NOTIC: [8] Undefined index: status /home/wwwroot/cpa88.com/Application/Admin/Controller/BaseController.class.php 第 260 行.
SQL: SHOW COLUMNS FROM `think_product` [ RunTime:0.0012s ]
SQL: SELECT COUNT(*) AS tp_count FROM `think_product` LIMIT 1   [ RunTime:0.0002s ]
SQL: SELECT * FROM `think_product` ORDER BY sort asc,status asc LIMIT 10,10   [ RunTime:0.0010s ]
SQL: SHOW COLUMNS FROM `think_column` [ RunTime:0.0013s ]
SQL: SELECT `id`,`title` FROM `think_column` WHERE ( fid=0 and id!=3 )  [ RunTime:0.0004s ]
INFO: [ view_parse ] --START--
INFO: [ template_filter ] --START--
INFO: Run Behavior\ContentReplaceBehavior [ RunTime:0.000202s ]
INFO: [ template_filter ] --END-- [ RunTime:0.000312s ]
INFO: Run Behavior\ParseTemplateBehavior [ RunTime:0.017577s ]
INFO: [ view_parse ] --END-- [ RunTime:0.017730s ]
INFO: [ view_filter ] --START--
INFO: Run Behavior\WriteHtmlCacheBehavior [ RunTime:0.000167s ]
INFO: [ view_filter ] --END-- [ RunTime:0.000220s ]
INFO: [ app_end ] --START--
INFO: Run Behavior\ShowPageTraceBehavior [ RunTime:0.000157s ]
INFO: [ app_end ] --END-- [ RunTime:0.000224s ]

[ 2016-06-27T17:12:47+08:00 ] 49.64.224.237 /Admin/Product/index/p/3
INFO: [ app_init ] --START--
INFO: Run Behavior\BuildLiteBehavior [ RunTime:0.000030s ]
INFO: [ app_init ] --END-- [ RunTime:0.000166s ]
INFO: [ app_begin ] --START--
INFO: Run Behavior\ReadHtmlCacheBehavior [ RunTime:0.000195s ]
INFO: Run Behavior\CheckLangBehavior [ RunTime:0.000354s ]
INFO: [ app_begin ] --END-- [ RunTime:0.000710s ]
SQL: SHOW COLUMNS FROM `think_model` [ RunTime:0.0017s ]
SQL: SELECT * FROM `think_model` WHERE ( fid=0 and "show"=0 and status=0 )  [ RunTime:0.0004s ]
SQL: SELECT * FROM `think_model` WHERE `fid` = 1 AND `status` = 0 AND `show` = 0 ORDER BY sort asc  [ RunTime:0.0003s ]
SQL: SELECT * FROM `think_model` WHERE `fid` = 2 AND `status` = 0 AND `show` = 0 ORDER BY sort asc  [ RunTime:0.0003s ]
SQL: SELECT * FROM `think_model` WHERE `fid` = 3 AND `status` = 0 AND `show` = 0 ORDER BY sort asc  [ RunTime:0.0002s ]
SQL: SELECT * FROM `think_model` WHERE `fid` = 4 AND `status` = 0 AND `show` = 0 ORDER BY sort asc  [ RunTime:0.0003s ]
SQL: SELECT * FROM `think_model` WHERE `fid` = 5 AND `status` = 0 AND `show` = 0 ORDER BY sort asc  [ RunTime:0.0002s ]
SQL: SELECT * FROM `think_model` WHERE `fid` = 6 AND `status` = 0 AND `show` = 0 ORDER BY sort asc  [ RunTime:0.0003s ]
SQL: SELECT * FROM `think_model` WHERE `fid` = 7 AND `status` = 0 AND `show` = 0 ORDER BY sort asc  [ RunTime:0.0003s ]
SQL: SELECT * FROM `think_model` WHERE `fid` = 8 AND `status` = 0 AND `show` = 0 ORDER BY sort asc  [ RunTime:0.0003s ]
NOTIC: [8] Undefined index: status /home/wwwroot/cpa88.com/Application/Admin/Controller/BaseController.class.php 第 260 行.
SQL: SHOW COLUMNS FROM `think_product` [ RunTime:0.0011s ]
SQL: SELECT COUNT(*) AS tp_count FROM `think_product` LIMIT 1   [ RunTime:0.0002s ]
SQL: SELECT * FROM `think_product` ORDER BY sort asc,status asc LIMIT 20,10   [ RunTime:0.0005s ]
SQL: SHOW COLUMNS FROM `think_column` [ RunTime:0.0013s ]
SQL: SELECT `id`,`title` FROM `think_column` WHERE ( fid=0 and id!=3 )  [ RunTime:0.0003s ]
INFO: [ view_parse ] --START--
INFO: [ template_filter ] --START--
INFO: Run Behavior\ContentReplaceBehavior [ RunTime:0.000179s ]
INFO: [ template_filter ] --END-- [ RunTime:0.000245s ]
INFO: Run Behavior\ParseTemplateBehavior [ RunTime:0.015707s ]
INFO: [ view_parse ] --END-- [ RunTime:0.015819s ]
INFO: [ view_filter ] --START--
INFO: Run Behavior\WriteHtmlCacheBehavior [ RunTime:0.000176s ]
INFO: [ view_filter ] --END-- [ RunTime:0.000245s ]
INFO: [ app_end ] --START--
INFO: Run Behavior\ShowPageTraceBehavior [ RunTime:0.000225s ]
INFO: [ app_end ] --END-- [ RunTime:0.000309s ]

[ 2016-06-27T17:12:49+08:00 ] 49.64.224.237 /Admin/Product/index/p/1
INFO: [ app_init ] --START--
INFO: Run Behavior\BuildLiteBehavior [ RunTime:0.000030s ]
INFO: [ app_init ] --END-- [ RunTime:0.000216s ]
INFO: [ app_begin ] --START--
INFO: Run Behavior\ReadHtmlCacheBehavior [ RunTime:0.000175s ]
INFO: Run Behavior\CheckLangBehavior [ RunTime:0.000132s ]
INFO: [ app_begin ] --END-- [ RunTime:0.000424s ]
SQL: SHOW COLUMNS FROM `think_model` [ RunTime:0.0020s ]
SQL: SELECT * FROM `think_model` WHERE ( fid=0 and "show"=0 and status=0 )  [ RunTime:0.0004s ]
SQL: SELECT * FROM `think_model` WHERE `fid` = 1 AND `status` = 0 AND `show` = 0 ORDER BY sort asc  [ RunTime:0.0003s ]
SQL: SELECT * FROM `think_model` WHERE `fid` = 2 AND `status` = 0 AND `show` = 0 ORDER BY sort asc  [ RunTime:0.0003s ]
SQL: SELECT * FROM `think_model` WHERE `fid` = 3 AND `status` = 0 AND `show` = 0 ORDER BY sort asc  [ RunTime:0.0003s ]
SQL: SELECT * FROM `think_model` WHERE `fid` = 4 AND `status` = 0 AND `show` = 0 ORDER BY sort asc  [ RunTime:0.0003s ]
SQL: SELECT * FROM `think_model` WHERE `fid` = 5 AND `status` = 0 AND `show` = 0 ORDER BY sort asc  [ RunTime:0.0003s ]
SQL: SELECT * FROM `think_model` WHERE `fid` = 6 AND `status` = 0 AND `show` = 0 ORDER BY sort asc  [ RunTime:0.0003s ]
SQL: SELECT * FROM `think_model` WHERE `fid` = 7 AND `status` = 0 AND `show` = 0 ORDER BY sort asc  [ RunTime:0.0003s ]
SQL: SELECT * FROM `think_model` WHERE `fid` = 8 AND `status` = 0 AND `show` = 0 ORDER BY sort asc  [ RunTime:0.0003s ]
NOTIC: [8] Undefined index: status /home/wwwroot/cpa88.com/Application/Admin/Controller/BaseController.class.php 第 260 行.
SQL: SHOW COLUMNS FROM `think_product` [ RunTime:0.0012s ]
SQL: SELECT COUNT(*) AS tp_count FROM `think_product` LIMIT 1   [ RunTime:0.0003s ]
SQL: SELECT * FROM `think_product` ORDER BY sort asc,status asc LIMIT 0,10   [ RunTime:0.0008s ]
SQL: SHOW COLUMNS FROM `think_column` [ RunTime:0.0010s ]
SQL: SELECT `id`,`title` FROM `think_column` WHERE ( fid=0 and id!=3 )  [ RunTime:0.0004s ]
INFO: [ view_parse ] --START--
INFO: [ template_filter ] --START--
INFO: Run Behavior\ContentReplaceBehavior [ RunTime:0.000178s ]
INFO: [ template_filter ] --END-- [ RunTime:0.000244s ]
INFO: Run Behavior\ParseTemplateBehavior [ RunTime:0.016373s ]
INFO: [ view_parse ] --END-- [ RunTime:0.016456s ]
INFO: [ view_filter ] --START--
INFO: Run Behavior\WriteHtmlCacheBehavior [ RunTime:0.000136s ]
INFO: [ view_filter ] --END-- [ RunTime:0.000188s ]
INFO: [ app_end ] --START--
INFO: Run Behavior\ShowPageTraceBehavior [ RunTime:0.000153s ]
INFO: [ app_end ] --END-- [ RunTime:0.000212s ]

[ 2016-06-27T17:12:50+08:00 ] 49.64.224.237 /Admin/Product
INFO: [ app_init ] --START--
INFO: Run Behavior\BuildLiteBehavior [ RunTime:0.000044s ]
INFO: [ app_init ] --END-- [ RunTime:0.000208s ]
INFO: [ app_begin ] --START--
INFO: Run Behavior\ReadHtmlCacheBehavior [ RunTime:0.000143s ]
INFO: Run Behavior\CheckLangBehavior [ RunTime:0.000130s ]
INFO: [ app_begin ] --END-- [ RunTime:0.000387s ]
SQL: SHOW COLUMNS FROM `think_model` [ RunTime:0.0012s ]
SQL: SELECT * FROM `think_model` WHERE ( fid=0 and "show"=0 and status=0 )  [ RunTime:0.0003s ]
SQL: SELECT * FROM `think_model` WHERE `fid` = 1 AND `status` = 0 AND `show` = 0 ORDER BY sort asc  [ RunTime:0.0003s ]
SQL: SELECT * FROM `think_model` WHERE `fid` = 2 AND `status` = 0 AND `show` = 0 ORDER BY sort asc  [ RunTime:0.0003s ]
SQL: SELECT * FROM `think_model` WHERE `fid` = 3 AND `status` = 0 AND `show` = 0 ORDER BY sort asc  [ RunTime:0.0003s ]
SQL: SELECT * FROM `think_model` WHERE `fid` = 4 AND `status` = 0 AND `show` = 0 ORDER BY sort asc  [ RunTime:0.0003s ]
SQL: SELECT * FROM `think_model` WHERE `fid` = 5 AND `status` = 0 AND `show` = 0 ORDER BY sort asc  [ RunTime:0.0003s ]
SQL: SELECT * FROM `think_model` WHERE `fid` = 6 AND `status` = 0 AND `show` = 0 ORDER BY sort asc  [ RunTime:0.0003s ]
SQL: SELECT * FROM `think_model` WHERE `fid` = 7 AND `status` = 0 AND `show` = 0 ORDER BY sort asc  [ RunTime:0.0003s ]
SQL: SELECT * FROM `think_model` WHERE `fid` = 8 AND `status` = 0 AND `show` = 0 ORDER BY sort asc  [ RunTime:0.0003s ]
NOTIC: [8] Undefined index: status /home/wwwroot/cpa88.com/Application/Admin/Controller/BaseController.class.php 第 260 行.
SQL: SHOW COLUMNS FROM `think_product` [ RunTime:0.0011s ]
SQL: SELECT COUNT(*) AS tp_count FROM `think_product` LIMIT 1   [ RunTime:0.0002s ]
SQL: SELECT * FROM `think_product` ORDER BY sort asc,status asc LIMIT 0,10   [ RunTime:0.0007s ]
SQL: SHOW COLUMNS FROM `think_column` [ RunTime:0.0010s ]
SQL: SELECT `id`,`title` FROM `think_column` WHERE ( fid=0 and id!=3 )  [ RunTime:0.0003s ]
INFO: [ view_parse ] --START--
INFO: [ template_filter ] --START--
INFO: Run Behavior\ContentReplaceBehavior [ RunTime:0.000197s ]
INFO: [ template_filter ] --END-- [ RunTime:0.000288s ]
INFO: Run Behavior\ParseTemplateBehavior [ RunTime:0.015663s ]
INFO: [ view_parse ] --END-- [ RunTime:0.015745s ]
INFO: [ view_filter ] --START--
INFO: Run Behavior\WriteHtmlCacheBehavior [ RunTime:0.000129s ]
INFO: [ view_filter ] --END-- [ RunTime:0.000178s ]
INFO: [ app_end ] --START--
INFO: Run Behavior\ShowPageTraceBehavior [ RunTime:0.000171s ]
INFO: [ app_end ] --END-- [ RunTime:0.000233s ]

[ 2016-06-27T17:12:51+08:00 ] 49.64.224.237 /Admin/Member
INFO: [ app_init ] --START--
INFO: Run Behavior\BuildLiteBehavior [ RunTime:0.000027s ]
INFO: [ app_init ] --END-- [ RunTime:0.000168s ]
INFO: [ app_begin ] --START--
INFO: Run Behavior\ReadHtmlCacheBehavior [ RunTime:0.000141s ]
INFO: Run Behavior\CheckLangBehavior [ RunTime:0.000117s ]
INFO: [ app_begin ] --END-- [ RunTime:0.000356s ]
NOTIC: [2048] Declaration of Admin\Controller\MemberController::_details() should be compatible with Admin\Controller\BaseController::_details($attr) /home/wwwroot/cpa88.com/Application/Admin/Controller/MemberController.class.php 第 5 行.
SQL: SHOW COLUMNS FROM `think_model` [ RunTime:0.0012s ]
SQL: SELECT * FROM `think_model` WHERE ( fid=0 and "show"=0 and status=0 )  [ RunTime:0.0003s ]
SQL: SELECT * FROM `think_model` WHERE `fid` = 1 AND `status` = 0 AND `show` = 0 ORDER BY sort asc  [ RunTime:0.0003s ]
SQL: SELECT * FROM `think_model` WHERE `fid` = 2 AND `status` = 0 AND `show` = 0 ORDER BY sort asc  [ RunTime:0.0003s ]
SQL: SELECT * FROM `think_model` WHERE `fid` = 3 AND `status` = 0 AND `show` = 0 ORDER BY sort asc  [ RunTime:0.0003s ]
SQL: SELECT * FROM `think_model` WHERE `fid` = 4 AND `status` = 0 AND `show` = 0 ORDER BY sort asc  [ RunTime:0.0003s ]
SQL: SELECT * FROM `think_model` WHERE `fid` = 5 AND `status` = 0 AND `show` = 0 ORDER BY sort asc  [ RunTime:0.0003s ]
SQL: SELECT * FROM `think_model` WHERE `fid` = 6 AND `status` = 0 AND `show` = 0 ORDER BY sort asc  [ RunTime:0.0003s ]
SQL: SELECT * FROM `think_model` WHERE `fid` = 7 AND `status` = 0 AND `show` = 0 ORDER BY sort asc  [ RunTime:0.0003s ]
SQL: SELECT * FROM `think_model` WHERE `fid` = 8 AND `status` = 0 AND `show` = 0 ORDER BY sort asc  [ RunTime:0.0003s ]
NOTIC: [8] Undefined index: status /home/wwwroot/cpa88.com/Application/Admin/Controller/MemberController.class.php 第 601 行.
NOTIC: [8] Undefined index: package /home/wwwroot/cpa88.com/Application/Admin/Controller/MemberController.class.php 第 629 行.
NOTIC: [8] Undefined index: pname /home/wwwroot/cpa88.com/Application/Admin/Controller/MemberController.class.php 第 630 行.
NOTIC: [8] Undefined variable: map /home/wwwroot/cpa88.com/Application/Admin/Controller/MemberController.class.php 第 632 行.
SQL: SHOW COLUMNS FROM `think_member` [ RunTime:0.0011s ]
SQL: SELECT COUNT(*) AS tp_count FROM `think_member` WHERE `status` = 0 LIMIT 1   [ RunTime:0.0002s ]
SQL: SELECT * FROM `think_member` WHERE `status` = 0 ORDER BY create_time desc LIMIT 0,10   [ RunTime:0.0004s ]
INFO: [ view_parse ] --START--
INFO: [ template_filter ] --START--
INFO: Run Behavior\ContentReplaceBehavior [ RunTime:0.000172s ]
INFO: [ template_filter ] --END-- [ RunTime:0.000236s ]
SQL: SHOW COLUMNS FROM `think_producted` [ RunTime:0.0011s ]
SQL: SELECT COUNT(*) AS tp_count FROM `think_producted` WHERE `mid` = 10 AND `status` = 0 LIMIT 1   [ RunTime:0.0006s ]
SQL: SELECT COUNT(*) AS tp_count FROM `think_producted` WHERE `mid` = 9 AND `status` = 0 LIMIT 1   [ RunTime:0.0002s ]
SQL: SELECT COUNT(*) AS tp_count FROM `think_producted` WHERE `mid` = 8 AND `status` = 0 LIMIT 1   [ RunTime:0.0002s ]
SQL: SELECT COUNT(*) AS tp_count FROM `think_producted` WHERE `mid` = 7 AND `status` = 0 LIMIT 1   [ RunTime:0.0002s ]
SQL: SELECT COUNT(*) AS tp_count FROM `think_producted` WHERE `mid` = 6 AND `status` = 0 LIMIT 1   [ RunTime:0.0002s ]
SQL: SELECT COUNT(*) AS tp_count FROM `think_producted` WHERE `mid` = 5 AND `status` = 0 LIMIT 1   [ RunTime:0.0002s ]
SQL: SELECT COUNT(*) AS tp_count FROM `think_producted` WHERE `mid` = 4 AND `status` = 0 LIMIT 1   [ RunTime:0.0002s ]
SQL: SELECT COUNT(*) AS tp_count FROM `think_producted` WHERE `mid` = 3 AND `status` = 0 LIMIT 1   [ RunTime:0.0002s ]
SQL: SELECT COUNT(*) AS tp_count FROM `think_producted` WHERE `mid` = 2 AND `status` = 0 LIMIT 1   [ RunTime:0.0002s ]
SQL: SELECT COUNT(*) AS tp_count FROM `think_producted` WHERE `mid` = 1 AND `status` = 0 LIMIT 1   [ RunTime:0.0002s ]
INFO: Run Behavior\ParseTemplateBehavior [ RunTime:0.020723s ]
INFO: [ view_parse ] --END-- [ RunTime:0.020788s ]
INFO: [ view_filter ] --START--
INFO: Run Behavior\WriteHtmlCacheBehavior [ RunTime:0.000199s ]
INFO: [ view_filter ] --END-- [ RunTime:0.000251s ]
INFO: [ app_end ] --START--
INFO: Run Behavior\ShowPageTraceBehavior [ RunTime:0.000134s ]
INFO: [ app_end ] --END-- [ RunTime:0.000191s ]

