[ 2016-08-24T13:04:50+08:00 ] 127.0.0.1 /admin
INFO: [ app_init ] --START--
INFO: Run Behavior\BuildLiteBehavior [ RunTime:0.000013s ]
INFO: [ app_init ] --END-- [ RunTime:0.000259s ]
INFO: [ app_begin ] --START--
INFO: Run Behavior\ReadHtmlCacheBehavior [ RunTime:0.000241s ]
INFO: Run Behavior\CheckLangBehavior [ RunTime:0.000128s ]
INFO: [ app_begin ] --END-- [ RunTime:0.000418s ]

[ 2016-08-24T13:04:50+08:00 ] 127.0.0.1 /Admin/Login/index
INFO: [ app_init ] --START--
INFO: Run Behavior\BuildLiteBehavior [ RunTime:0.000026s ]
INFO: [ app_init ] --END-- [ RunTime:0.000313s ]
INFO: [ app_begin ] --START--
INFO: Run Behavior\ReadHtmlCacheBehavior [ RunTime:0.000407s ]
INFO: Run Behavior\CheckLangBehavior [ RunTime:0.000127s ]
INFO: [ app_begin ] --END-- [ RunTime:0.000601s ]
INFO: [ view_parse ] --START--
INFO: [ template_filter ] --START--
INFO: Run Behavior\ContentReplaceBehavior [ RunTime:0.000032s ]
INFO: [ template_filter ] --END-- [ RunTime:0.000065s ]
INFO: Run Behavior\ParseTemplateBehavior [ RunTime:0.028700s ]
INFO: [ view_parse ] --END-- [ RunTime:0.028736s ]
INFO: [ view_filter ] --START--
INFO: Run Behavior\WriteHtmlCacheBehavior [ RunTime:0.000089s ]
INFO: [ view_filter ] --END-- [ RunTime:0.000106s ]
INFO: [ app_end ] --START--
INFO: Run Behavior\ShowPageTraceBehavior [ RunTime:0.000243s ]
INFO: [ app_end ] --END-- [ RunTime:0.000263s ]

[ 2016-08-24T13:04:58+08:00 ] 127.0.0.1 /Admin/public/login
INFO: [ app_init ] --START--
INFO: Run Behavior\BuildLiteBehavior [ RunTime:0.000008s ]
INFO: [ app_init ] --END-- [ RunTime:0.000161s ]
INFO: [ app_begin ] --START--
INFO: Run Behavior\ReadHtmlCacheBehavior [ RunTime:0.000371s ]
INFO: Run Behavior\CheckLangBehavior [ RunTime:0.000235s ]
INFO: [ app_begin ] --END-- [ RunTime:0.000668s ]
SQL: SHOW COLUMNS FROM `think_admin` [ RunTime:0.0825s ]
SQL: SELECT * FROM `think_admin` WHERE `username` = 'admin' LIMIT 1   [ RunTime:0.0270s ]
NOTIC: [8] Use of undefined constant intval - assumed 'intval' /home/wwwroot/game.com/Application/Admin/Controller/PublicController.class.php 第 37 行.
SQL: UPDATE `think_admin` SET `last_date`='1472015098',`last_ip`='127.0.0.1' WHERE `id` = 1 [ RunTime:0.0002s ]
NOTIC: [8] Undefined index: logintime /home/wwwroot/game.com/Application/Admin/Controller/PublicController.class.php 第 58 行.
NOTIC: [8] Undefined index: loginip /home/wwwroot/game.com/Application/Admin/Controller/PublicController.class.php 第 59 行.

[ 2016-08-24T13:04:58+08:00 ] 127.0.0.1 /Admin/Index/index
INFO: [ app_init ] --START--
INFO: Run Behavior\BuildLiteBehavior [ RunTime:0.000007s ]
INFO: [ app_init ] --END-- [ RunTime:0.000175s ]
INFO: [ app_begin ] --START--
INFO: Run Behavior\ReadHtmlCacheBehavior [ RunTime:0.000259s ]
INFO: Run Behavior\CheckLangBehavior [ RunTime:0.000146s ]
INFO: [ app_begin ] --END-- [ RunTime:0.000456s ]
SQL: SHOW COLUMNS FROM `think_model` [ RunTime:0.0010s ]
SQL: SELECT * FROM `think_model` WHERE ( fid=0 and "show"=0 and status=0 )  [ RunTime:0.0003s ]
SQL: SHOW COLUMNS FROM `think_column` [ RunTime:0.0003s ]
SQL: SELECT * FROM `think_column` WHERE `status` = 0 AND `type` < 3 ORDER BY id asc  [ RunTime:0.0001s ]
SQL: SHOW COLUMNS FROM `think_article` [ RunTime:0.0003s ]
SQL: SELECT COUNT(*) AS tp_count FROM `think_article` WHERE `column_id` = 3 LIMIT 1   [ RunTime:0.0001s ]
SQL: SELECT * FROM `think_article` WHERE `column_id` = 3 ORDER BY date desc,id desc LIMIT 0,1   [ RunTime:0.0002s ]
SQL: SELECT COUNT(*) AS tp_count FROM `think_column` WHERE ( fid=0 ) LIMIT 1   [ RunTime:0.0001s ]
INFO: [ view_parse ] --START--
INFO: [ template_filter ] --START--
INFO: Run Behavior\ContentReplaceBehavior [ RunTime:0.000050s ]
INFO: [ template_filter ] --END-- [ RunTime:0.000082s ]
NOTIC: [8] Undefined index: cid /home/wwwroot/game.com/Application/Runtime/Cache/Admin/b595b808c2ebeeeb0478ffc30bb4e87a.php 第 29 行.
NOTIC: [8] Undefined variable: inIt /home/wwwroot/game.com/Application/Runtime/Cache/Admin/b595b808c2ebeeeb0478ffc30bb4e87a.php 第 29 行.
INFO: Run Behavior\ParseTemplateBehavior [ RunTime:0.037640s ]
INFO: [ view_parse ] --END-- [ RunTime:0.037685s ]
INFO: [ view_filter ] --START--
INFO: Run Behavior\WriteHtmlCacheBehavior [ RunTime:0.000096s ]
INFO: [ view_filter ] --END-- [ RunTime:0.000111s ]
INFO: [ app_end ] --START--
INFO: Run Behavior\ShowPageTraceBehavior [ RunTime:0.000248s ]
INFO: [ app_end ] --END-- [ RunTime:0.000267s ]

[ 2016-08-24T13:05:01+08:00 ] 127.0.0.1 /Admin/Article/index?cid=3
INFO: [ app_init ] --START--
INFO: Run Behavior\BuildLiteBehavior [ RunTime:0.000008s ]
INFO: [ app_init ] --END-- [ RunTime:0.000177s ]
INFO: [ app_begin ] --START--
INFO: Run Behavior\ReadHtmlCacheBehavior [ RunTime:0.000221s ]
INFO: Run Behavior\CheckLangBehavior [ RunTime:0.000174s ]
INFO: [ app_begin ] --END-- [ RunTime:0.000443s ]
NOTIC: [2048] Declaration of Admin\Controller\ArticleController::del() should be compatible with Admin\Controller\BaseController::del($id = 0) /home/wwwroot/game.com/Application/Admin/Controller/ArticleController.class.php 第 5 行.
SQL: SHOW COLUMNS FROM `think_model` [ RunTime:0.0005s ]
SQL: SELECT * FROM `think_model` WHERE ( fid=0 and "show"=0 and status=0 )  [ RunTime:0.0001s ]
SQL: SHOW COLUMNS FROM `think_column` [ RunTime:0.0003s ]
SQL: SELECT * FROM `think_column` WHERE `status` = 0 AND `type` < 3 ORDER BY id asc  [ RunTime:0.0001s ]
SQL: SELECT `id`,`fid` FROM `think_column` WHERE ( status=0 )  [ RunTime:0.0001s ]
SQL: SELECT `id`,`fid`,`title` FROM `think_column` WHERE `fid` = 3 AND `status` = 0  [ RunTime:0.0001s ]
SQL: SELECT `id`,`fid`,`title` FROM `think_column` WHERE `id` = 3 AND `status` = 0 LIMIT 1   [ RunTime:0.0001s ]
NOTIC: [2] Missing argument 2 for Tool\Category::getChildrens(), called in /home/wwwroot/game.com/Application/Tool/Category.class.php on line 114 and defined /home/wwwroot/game.com/Application/Tool/Category.class.php 第 108 行.
NOTIC: [2] Invalid argument supplied for foreach() /home/wwwroot/game.com/Application/Tool/Category.class.php 第 111 行.
SQL: SHOW COLUMNS FROM `think_article` [ RunTime:0.0003s ]
SQL: SELECT COUNT(*) AS tp_count FROM `think_article` WHERE `title` LIKE '%%' AND `column_id` = 3 LIMIT 1   [ RunTime:0.0002s ]
SQL: SELECT * FROM `think_article` WHERE `title` LIKE '%%' AND `column_id` = 3 LIMIT 0,10   [ RunTime:0.0002s ]
INFO: [ view_parse ] --START--
INFO: [ template_filter ] --START--
INFO: Run Behavior\ContentReplaceBehavior [ RunTime:0.000071s ]
INFO: [ template_filter ] --END-- [ RunTime:0.000104s ]
INFO: Run Behavior\ParseTemplateBehavior [ RunTime:0.008291s ]
INFO: [ view_parse ] --END-- [ RunTime:0.008389s ]
INFO: [ view_filter ] --START--
INFO: Run Behavior\WriteHtmlCacheBehavior [ RunTime:0.000102s ]
INFO: [ view_filter ] --END-- [ RunTime:0.000118s ]
INFO: [ app_end ] --START--
INFO: Run Behavior\ShowPageTraceBehavior [ RunTime:0.000236s ]
INFO: [ app_end ] --END-- [ RunTime:0.000254s ]

[ 2016-08-24T13:05:03+08:00 ] 127.0.0.1 /Admin/Article/add?cid=3
INFO: [ app_init ] --START--
INFO: Run Behavior\BuildLiteBehavior [ RunTime:0.000009s ]
INFO: [ app_init ] --END-- [ RunTime:0.000178s ]
INFO: [ app_begin ] --START--
INFO: Run Behavior\ReadHtmlCacheBehavior [ RunTime:0.000436s ]
INFO: Run Behavior\CheckLangBehavior [ RunTime:0.000151s ]
INFO: [ app_begin ] --END-- [ RunTime:0.000658s ]
NOTIC: [2048] Declaration of Admin\Controller\ArticleController::del() should be compatible with Admin\Controller\BaseController::del($id = 0) /home/wwwroot/game.com/Application/Admin/Controller/ArticleController.class.php 第 5 行.
SQL: SHOW COLUMNS FROM `think_model` [ RunTime:0.0003s ]
SQL: SELECT * FROM `think_model` WHERE ( fid=0 and "show"=0 and status=0 )  [ RunTime:0.0001s ]
SQL: SHOW COLUMNS FROM `think_column` [ RunTime:0.0002s ]
SQL: SELECT * FROM `think_column` WHERE `status` = 0 AND `type` < 3 ORDER BY id asc  [ RunTime:0.0001s ]
NOTIC: [8] Use of undefined constant o - assumed 'o' /home/wwwroot/game.com/Application/Admin/Controller/ArticleController.class.php 第 45 行.
SQL: SELECT * FROM `think_column` WHERE `status` = 0  [ RunTime:0.0001s ]
SQL: SELECT `id`,`fid` FROM `think_column` WHERE ( status=0 )  [ RunTime:0.0001s ]
SQL: SELECT * FROM `think_column` WHERE `id` = 3 LIMIT 1   [ RunTime:0.0001s ]
INFO: [ view_parse ] --START--
INFO: [ template_filter ] --START--
INFO: Run Behavior\ContentReplaceBehavior [ RunTime:0.000091s ]
INFO: [ template_filter ] --END-- [ RunTime:0.000124s ]
NOTIC: [8] Undefined variable: info /home/wwwroot/game.com/Application/Runtime/Cache/Admin/e16cf278f1c326e72baf6415dbd5ab87.php 第 56 行.
NOTIC: [8] Undefined variable: info /home/wwwroot/game.com/Application/Runtime/Cache/Admin/e16cf278f1c326e72baf6415dbd5ab87.php 第 63 行.
NOTIC: [8] Undefined variable: info /home/wwwroot/game.com/Application/Runtime/Cache/Admin/e16cf278f1c326e72baf6415dbd5ab87.php 第 69 行.
NOTIC: [8] Undefined variable: info /home/wwwroot/game.com/Application/Runtime/Cache/Admin/e16cf278f1c326e72baf6415dbd5ab87.php 第 76 行.
NOTIC: [8] Undefined variable: info /home/wwwroot/game.com/Application/Runtime/Cache/Admin/e16cf278f1c326e72baf6415dbd5ab87.php 第 77 行.
NOTIC: [8] Undefined variable: info /home/wwwroot/game.com/Application/Runtime/Cache/Admin/e16cf278f1c326e72baf6415dbd5ab87.php 第 82 行.
NOTIC: [8] Undefined variable: info /home/wwwroot/game.com/Application/Runtime/Cache/Admin/e16cf278f1c326e72baf6415dbd5ab87.php 第 87 行.
NOTIC: [8] Undefined variable: info /home/wwwroot/game.com/Application/Runtime/Cache/Admin/e16cf278f1c326e72baf6415dbd5ab87.php 第 109 行.
NOTIC: [8] Undefined variable: info /home/wwwroot/game.com/Application/Runtime/Cache/Admin/e16cf278f1c326e72baf6415dbd5ab87.php 第 122 行.
NOTIC: [8] Undefined variable: info /home/wwwroot/game.com/Application/Runtime/Cache/Admin/e16cf278f1c326e72baf6415dbd5ab87.php 第 126 行.
NOTIC: [8] Undefined variable: info /home/wwwroot/game.com/Application/Runtime/Cache/Admin/e16cf278f1c326e72baf6415dbd5ab87.php 第 131 行.
NOTIC: [8] Undefined variable: info /home/wwwroot/game.com/Application/Runtime/Cache/Admin/e16cf278f1c326e72baf6415dbd5ab87.php 第 132 行.
NOTIC: [8] Undefined variable: info /home/wwwroot/game.com/Application/Runtime/Cache/Admin/e16cf278f1c326e72baf6415dbd5ab87.php 第 133 行.
NOTIC: [8] Undefined variable: info /home/wwwroot/game.com/Application/Runtime/Cache/Admin/e16cf278f1c326e72baf6415dbd5ab87.php 第 165 行.
INFO: Run Behavior\ParseTemplateBehavior [ RunTime:0.009578s ]
INFO: [ view_parse ] --END-- [ RunTime:0.009600s ]
INFO: [ view_filter ] --START--
INFO: Run Behavior\WriteHtmlCacheBehavior [ RunTime:0.000097s ]
INFO: [ view_filter ] --END-- [ RunTime:0.000113s ]
INFO: [ app_end ] --START--
INFO: Run Behavior\ShowPageTraceBehavior [ RunTime:0.000226s ]
INFO: [ app_end ] --END-- [ RunTime:0.000245s ]

[ 2016-08-24T13:05:04+08:00 ] 127.0.0.1 /Admin/Article/
INFO: [ app_init ] --START--
INFO: Run Behavior\BuildLiteBehavior [ RunTime:0.000009s ]
INFO: [ app_init ] --END-- [ RunTime:0.000166s ]
INFO: [ app_begin ] --START--
INFO: Run Behavior\ReadHtmlCacheBehavior [ RunTime:0.000212s ]
INFO: Run Behavior\CheckLangBehavior [ RunTime:0.000123s ]
INFO: [ app_begin ] --END-- [ RunTime:0.000369s ]
NOTIC: [2048] Declaration of Admin\Controller\ArticleController::del() should be compatible with Admin\Controller\BaseController::del($id = 0) /home/wwwroot/game.com/Application/Admin/Controller/ArticleController.class.php 第 5 行.
SQL: SHOW COLUMNS FROM `think_model` [ RunTime:0.0007s ]
SQL: SELECT * FROM `think_model` WHERE ( fid=0 and "show"=0 and status=0 )  [ RunTime:0.0003s ]
SQL: SHOW COLUMNS FROM `think_column` [ RunTime:0.0010s ]
SQL: SELECT * FROM `think_column` WHERE `status` = 0 AND `type` < 3 ORDER BY id asc  [ RunTime:0.0004s ]
SQL: SELECT `id`,`fid` FROM `think_column` WHERE ( status=0 )  [ RunTime:0.0003s ]
SQL: SELECT `id`,`fid`,`title` FROM `think_column` WHERE `fid` = 0 AND `status` = 0  [ RunTime:0.0002s ]
SQL: SELECT `id`,`fid`,`title` FROM `think_column` WHERE `id` = 0 AND `status` = 0 LIMIT 1   [ RunTime:0.0001s ]
SQL: SHOW COLUMNS FROM `think_article` [ RunTime:0.0003s ]
SQL: SELECT COUNT(*) AS tp_count FROM `think_article` WHERE `title` LIKE '%%' AND `column_id` = 3 LIMIT 1   [ RunTime:0.0001s ]
SQL: SELECT * FROM `think_article` WHERE `title` LIKE '%%' AND `column_id` = 3 LIMIT 0,10   [ RunTime:0.0001s ]
INFO: [ view_parse ] --START--
INFO: [ template_filter ] --START--
INFO: Run Behavior\ContentReplaceBehavior [ RunTime:0.000072s ]
INFO: [ template_filter ] --END-- [ RunTime:0.000103s ]
NOTIC: [8] Undefined index: cid /home/wwwroot/game.com/Application/Runtime/Cache/Admin/e5a9ae2f1e083f359798491bd896097f.php 第 29 行.
INFO: Run Behavior\ParseTemplateBehavior [ RunTime:0.006651s ]
INFO: [ view_parse ] --END-- [ RunTime:0.006683s ]
INFO: [ view_filter ] --START--
INFO: Run Behavior\WriteHtmlCacheBehavior [ RunTime:0.000102s ]
INFO: [ view_filter ] --END-- [ RunTime:0.000118s ]
INFO: [ app_end ] --START--
INFO: Run Behavior\ShowPageTraceBehavior [ RunTime:0.000248s ]
INFO: [ app_end ] --END-- [ RunTime:0.000266s ]

[ 2016-08-24T13:05:04+08:00 ] 127.0.0.1 /Admin/Article/index?cid=3
INFO: [ app_init ] --START--
INFO: Run Behavior\BuildLiteBehavior [ RunTime:0.000020s ]
INFO: [ app_init ] --END-- [ RunTime:0.000292s ]
INFO: [ app_begin ] --START--
INFO: Run Behavior\ReadHtmlCacheBehavior [ RunTime:0.000351s ]
INFO: Run Behavior\CheckLangBehavior [ RunTime:0.000200s ]
INFO: [ app_begin ] --END-- [ RunTime:0.000630s ]
NOTIC: [2048] Declaration of Admin\Controller\ArticleController::del() should be compatible with Admin\Controller\BaseController::del($id = 0) /home/wwwroot/game.com/Application/Admin/Controller/ArticleController.class.php 第 5 行.
SQL: SHOW COLUMNS FROM `think_model` [ RunTime:0.0003s ]
SQL: SELECT * FROM `think_model` WHERE ( fid=0 and "show"=0 and status=0 )  [ RunTime:0.0001s ]
SQL: SHOW COLUMNS FROM `think_column` [ RunTime:0.0003s ]
SQL: SELECT * FROM `think_column` WHERE `status` = 0 AND `type` < 3 ORDER BY id asc  [ RunTime:0.0001s ]
SQL: SELECT `id`,`fid` FROM `think_column` WHERE ( status=0 )  [ RunTime:0.0001s ]
SQL: SELECT `id`,`fid`,`title` FROM `think_column` WHERE `fid` = 3 AND `status` = 0  [ RunTime:0.0001s ]
SQL: SELECT `id`,`fid`,`title` FROM `think_column` WHERE `id` = 3 AND `status` = 0 LIMIT 1   [ RunTime:0.0001s ]
NOTIC: [2] Missing argument 2 for Tool\Category::getChildrens(), called in /home/wwwroot/game.com/Application/Tool/Category.class.php on line 114 and defined /home/wwwroot/game.com/Application/Tool/Category.class.php 第 108 行.
NOTIC: [2] Invalid argument supplied for foreach() /home/wwwroot/game.com/Application/Tool/Category.class.php 第 111 行.
SQL: SHOW COLUMNS FROM `think_article` [ RunTime:0.0003s ]
SQL: SELECT COUNT(*) AS tp_count FROM `think_article` WHERE `title` LIKE '%%' AND `column_id` = 3 LIMIT 1   [ RunTime:0.0001s ]
SQL: SELECT * FROM `think_article` WHERE `title` LIKE '%%' AND `column_id` = 3 LIMIT 0,10   [ RunTime:0.0001s ]
INFO: [ view_parse ] --START--
INFO: [ template_filter ] --START--
INFO: Run Behavior\ContentReplaceBehavior [ RunTime:0.000069s ]
INFO: [ template_filter ] --END-- [ RunTime:0.000096s ]
INFO: Run Behavior\ParseTemplateBehavior [ RunTime:0.006272s ]
INFO: [ view_parse ] --END-- [ RunTime:0.006303s ]
INFO: [ view_filter ] --START--
INFO: Run Behavior\WriteHtmlCacheBehavior [ RunTime:0.000108s ]
INFO: [ view_filter ] --END-- [ RunTime:0.000126s ]
INFO: [ app_end ] --START--
INFO: Run Behavior\ShowPageTraceBehavior [ RunTime:0.000248s ]
INFO: [ app_end ] --END-- [ RunTime:0.000268s ]

[ 2016-08-24T13:17:21+08:00 ] 127.0.0.1 /admin
INFO: [ app_init ] --START--
INFO: Run Behavior\BuildLiteBehavior [ RunTime:0.000009s ]
INFO: [ app_init ] --END-- [ RunTime:0.000219s ]
INFO: [ app_begin ] --START--
INFO: Run Behavior\ReadHtmlCacheBehavior [ RunTime:0.000368s ]
INFO: Run Behavior\CheckLangBehavior [ RunTime:0.000147s ]
INFO: [ app_begin ] --END-- [ RunTime:0.000575s ]
SQL: SHOW COLUMNS FROM `think_model` [ RunTime:0.0004s ]
SQL: SELECT * FROM `think_model` WHERE ( fid=0 and "show"=0 and status=0 )  [ RunTime:0.0001s ]
SQL: SHOW COLUMNS FROM `think_column` [ RunTime:0.0003s ]
SQL: SELECT * FROM `think_column` WHERE `status` = 0 AND `type` < 3 ORDER BY id asc  [ RunTime:0.0001s ]
SQL: SHOW COLUMNS FROM `think_article` [ RunTime:0.0003s ]
SQL: SELECT COUNT(*) AS tp_count FROM `think_article` WHERE `column_id` = 3 LIMIT 1   [ RunTime:0.0001s ]
SQL: SELECT * FROM `think_article` WHERE `column_id` = 3 ORDER BY date desc,id desc LIMIT 0,1   [ RunTime:0.0001s ]
SQL: SELECT COUNT(*) AS tp_count FROM `think_column` WHERE ( fid=0 ) LIMIT 1   [ RunTime:0.0001s ]
INFO: [ view_parse ] --START--
INFO: [ template_filter ] --START--
INFO: Run Behavior\ContentReplaceBehavior [ RunTime:0.000050s ]
INFO: [ template_filter ] --END-- [ RunTime:0.000076s ]
NOTIC: [8] Undefined index: cid /home/wwwroot/game.com/Application/Runtime/Cache/Admin/b595b808c2ebeeeb0478ffc30bb4e87a.php 第 29 行.
NOTIC: [8] Undefined variable: inIt /home/wwwroot/game.com/Application/Runtime/Cache/Admin/b595b808c2ebeeeb0478ffc30bb4e87a.php 第 29 行.
INFO: Run Behavior\ParseTemplateBehavior [ RunTime:0.004190s ]
INFO: [ view_parse ] --END-- [ RunTime:0.004210s ]
INFO: [ view_filter ] --START--
INFO: Run Behavior\WriteHtmlCacheBehavior [ RunTime:0.000094s ]
INFO: [ view_filter ] --END-- [ RunTime:0.000114s ]
INFO: [ app_end ] --START--
INFO: Run Behavior\ShowPageTraceBehavior [ RunTime:0.000228s ]
INFO: [ app_end ] --END-- [ RunTime:0.000246s ]

[ 2016-08-24T13:17:23+08:00 ] 127.0.0.1 /Admin/Article/index?cid=3
INFO: [ app_init ] --START--
INFO: Run Behavior\BuildLiteBehavior [ RunTime:0.000011s ]
INFO: [ app_init ] --END-- [ RunTime:0.000307s ]
INFO: [ app_begin ] --START--
INFO: Run Behavior\ReadHtmlCacheBehavior [ RunTime:0.000406s ]
INFO: Run Behavior\CheckLangBehavior [ RunTime:0.000242s ]
INFO: [ app_begin ] --END-- [ RunTime:0.000765s ]
NOTIC: [2048] Declaration of Admin\Controller\ArticleController::del() should be compatible with Admin\Controller\BaseController::del($id = 0) /home/wwwroot/game.com/Application/Admin/Controller/ArticleController.class.php 第 5 行.
SQL: SHOW COLUMNS FROM `think_model` [ RunTime:0.0003s ]
SQL: SELECT * FROM `think_model` WHERE ( fid=0 and "show"=0 and status=0 )  [ RunTime:0.0001s ]
SQL: SHOW COLUMNS FROM `think_column` [ RunTime:0.0003s ]
SQL: SELECT * FROM `think_column` WHERE `status` = 0 AND `type` < 3 ORDER BY id asc  [ RunTime:0.0001s ]
SQL: SELECT `id`,`fid` FROM `think_column` WHERE ( status=0 )  [ RunTime:0.0001s ]
SQL: SELECT `id`,`fid`,`title` FROM `think_column` WHERE `fid` = 3 AND `status` = 0  [ RunTime:0.0001s ]
SQL: SELECT `id`,`fid`,`title` FROM `think_column` WHERE `id` = 3 AND `status` = 0 LIMIT 1   [ RunTime:0.0001s ]
NOTIC: [2] Missing argument 2 for Tool\Category::getChildrens(), called in /home/wwwroot/game.com/Application/Tool/Category.class.php on line 114 and defined /home/wwwroot/game.com/Application/Tool/Category.class.php 第 108 行.
NOTIC: [2] Invalid argument supplied for foreach() /home/wwwroot/game.com/Application/Tool/Category.class.php 第 111 行.
SQL: SHOW COLUMNS FROM `think_article` [ RunTime:0.0003s ]
SQL: SELECT COUNT(*) AS tp_count FROM `think_article` WHERE `title` LIKE '%%' AND `column_id` = 3 LIMIT 1   [ RunTime:0.0001s ]
SQL: SELECT * FROM `think_article` WHERE `title` LIKE '%%' AND `column_id` = 3 LIMIT 0,10   [ RunTime:0.0001s ]
INFO: [ view_parse ] --START--
INFO: [ template_filter ] --START--
INFO: Run Behavior\ContentReplaceBehavior [ RunTime:0.000074s ]
INFO: [ template_filter ] --END-- [ RunTime:0.000102s ]
INFO: Run Behavior\ParseTemplateBehavior [ RunTime:0.006557s ]
INFO: [ view_parse ] --END-- [ RunTime:0.006597s ]
INFO: [ view_filter ] --START--
INFO: Run Behavior\WriteHtmlCacheBehavior [ RunTime:0.000124s ]
INFO: [ view_filter ] --END-- [ RunTime:0.000148s ]
INFO: [ app_end ] --START--
INFO: Run Behavior\ShowPageTraceBehavior [ RunTime:0.000760s ]
INFO: [ app_end ] --END-- [ RunTime:0.000842s ]

